<?xml version="1.0" encoding="UTF-8"?>
<coverage generated="1774021454873" clover="3.2.0">
  <project timestamp="1774021454874" name="All files">
    <metrics statements="2217" coveredstatements="2111" conditionals="1550" coveredconditionals="1278" methods="301" coveredmethods="296" elements="4068" coveredelements="3685" complexity="0" loc="2217" ncloc="2217" packages="10" files="59" classes="59"/>
    <package name="src">
      <metrics statements="20" coveredstatements="20" conditionals="0" coveredconditionals="0" methods="3" coveredmethods="3"/>
      <file name="app.ts" path="C:\Users\ACER\Desktop\DukeFarm\DukeFarm-Backend\src\app.ts">
        <metrics statements="20" coveredstatements="20" conditionals="0" coveredconditionals="0" methods="3" coveredmethods="3"/>
        <line num="1" count="12" type="stmt"/>
        <line num="2" count="12" type="stmt"/>
        <line num="3" count="12" type="stmt"/>
        <line num="4" count="12" type="stmt"/>
        <line num="5" count="12" type="stmt"/>
        <line num="7" count="12" type="stmt"/>
        <line num="8" count="12" type="stmt"/>
        <line num="10" count="12" type="stmt"/>
        <line num="11" count="12" type="stmt"/>
        <line num="12" count="12" type="stmt"/>
        <line num="14" count="12" type="stmt"/>
        <line num="15" count="12" type="stmt"/>
        <line num="17" count="12" type="stmt"/>
        <line num="18" count="1" type="stmt"/>
        <line num="21" count="12" type="stmt"/>
        <line num="23" count="12" type="stmt"/>
        <line num="24" count="2" type="stmt"/>
        <line num="27" count="12" type="stmt"/>
        <line num="29" count="12" type="stmt"/>
        <line num="32" count="12" type="stmt"/>
      </file>
    </package>
    <package name="src.clients">
      <metrics statements="12" coveredstatements="10" conditionals="2" coveredconditionals="2" methods="1" coveredmethods="1"/>
      <file name="prisma.ts" path="C:\Users\ACER\Desktop\DukeFarm\DukeFarm-Backend\src\clients\prisma.ts">
        <metrics statements="12" coveredstatements="10" conditionals="2" coveredconditionals="2" methods="1" coveredmethods="1"/>
        <line num="1" count="9" type="stmt"/>
        <line num="2" count="9" type="stmt"/>
        <line num="4" count="9" type="stmt"/>
        <line num="8" count="9" type="stmt"/>
        <line num="9" count="1" type="stmt"/>
        <line num="10" count="1" type="stmt"/>
        <line num="11" count="1" type="stmt"/>
        <line num="13" count="0" type="stmt"/>
        <line num="14" count="0" type="stmt"/>
        <line num="18" count="9" type="cond" truecount="2" falsecount="0"/>
        <line num="19" count="1" type="stmt"/>
        <line num="22" count="9" type="stmt"/>
      </file>
    </package>
    <package name="src.config">
      <metrics statements="14" coveredstatements="14" conditionals="23" coveredconditionals="22" methods="3" coveredmethods="3"/>
      <file name="env.ts" path="C:\Users\ACER\Desktop\DukeFarm\DukeFarm-Backend\src\config\env.ts">
        <metrics statements="14" coveredstatements="14" conditionals="23" coveredconditionals="22" methods="3" coveredmethods="3"/>
        <line num="1" count="16" type="stmt"/>
        <line num="3" count="16" type="stmt"/>
        <line num="19" count="16" type="stmt"/>
        <line num="29" count="16" type="cond" truecount="0" falsecount="1"/>
        <line num="30" count="16" type="cond" truecount="2" falsecount="0"/>
        <line num="31" count="15" type="stmt"/>
        <line num="32" count="15" type="cond" truecount="2" falsecount="0"/>
        <line num="35" count="16" type="stmt"/>
        <line num="36" count="16" type="stmt"/>
        <line num="48" count="16" type="stmt"/>
        <line num="49" count="91" type="cond" truecount="2" falsecount="0"/>
        <line num="50" count="8" type="stmt"/>
        <line num="54" count="8" type="stmt"/>
        <line num="57" count="16" type="stmt"/>
      </file>
    </package>
    <package name="src.controllers">
      <metrics statements="745" coveredstatements="665" conditionals="567" coveredconditionals="431" methods="80" coveredmethods="79"/>
      <file name="admin.controller.ts" path="C:\Users\ACER\Desktop\DukeFarm\DukeFarm-Backend\src\controllers\admin.controller.ts">
        <metrics statements="39" coveredstatements="38" conditionals="28" coveredconditionals="25" methods="3" coveredmethods="3"/>
        <line num="2" count="12" type="stmt"/>
        <line num="3" count="12" type="stmt"/>
        <line num="4" count="12" type="stmt"/>
        <line num="5" count="12" type="stmt"/>
        <line num="6" count="12" type="stmt"/>
        <line num="12" count="12" type="stmt"/>
        <line num="13" count="4" type="stmt"/>
        <line num="14" count="4" type="stmt"/>
        <line num="17" count="4" type="cond" truecount="4" falsecount="0"/>
        <line num="18" count="1" type="stmt"/>
        <line num="22" count="3" type="stmt"/>
        <line num="31" count="3" type="cond" truecount="2" falsecount="0"/>
        <line num="32" count="1" type="stmt"/>
        <line num="35" count="2" type="stmt"/>
        <line num="38" count="2" type="cond" truecount="2" falsecount="0"/>
        <line num="39" count="1" type="stmt"/>
        <line num="43" count="1" type="stmt"/>
        <line num="48" count="1" type="cond" truecount="1" falsecount="1"/>
        <line num="49" count="0" type="stmt"/>
        <line num="53" count="1" type="stmt"/>
        <line num="61" count="1" type="stmt"/>
        <line num="64" count="1" type="stmt"/>
        <line num="77" count="3" type="stmt"/>
        <line num="85" count="12" type="stmt"/>
        <line num="86" count="3" type="stmt"/>
        <line num="87" count="3" type="stmt"/>
        <line num="90" count="3" type="cond" truecount="8" falsecount="0"/>
        <line num="91" count="1" type="stmt"/>
        <line num="95" count="2" type="stmt"/>
        <line num="99" count="2" type="cond" truecount="2" falsecount="0"/>
        <line num="100" count="1" type="stmt"/>
        <line num="104" count="1" type="stmt"/>
        <line num="110" count="1" type="stmt"/>
        <line num="111" count="1" type="stmt"/>
        <line num="121" count="1" type="stmt"/>
        <line num="134" count="1" type="stmt"/>
        <line num="137" count="1" type="stmt"/>
        <line num="146" count="2" type="stmt"/>
        <line num="150" count="12" type="stmt"/>
      </file>
      <file name="dashboard.controller.ts" path="C:\Users\ACER\Desktop\DukeFarm\DukeFarm-Backend\src\controllers\dashboard.controller.ts">
        <metrics statements="17" coveredstatements="17" conditionals="6" coveredconditionals="6" methods="1" coveredmethods="1"/>
        <line num="3" count="12" type="stmt"/>
        <line num="4" count="12" type="stmt"/>
        <line num="6" count="12" type="stmt"/>
        <line num="7" count="5" type="stmt"/>
        <line num="8" count="5" type="stmt"/>
        <line num="9" count="5" type="cond" truecount="2" falsecount="0"/>
        <line num="10" count="1" type="stmt"/>
        <line num="14" count="4" type="stmt"/>
        <line num="15" count="4" type="stmt"/>
        <line num="17" count="1" type="stmt"/>
        <line num="20" count="3" type="stmt"/>
        <line num="21" count="3" type="stmt"/>
        <line num="22" count="3" type="cond" truecount="2" falsecount="0"/>
        <line num="24" count="3" type="cond" truecount="2" falsecount="0"/>
        <line num="26" count="3" type="stmt"/>
        <line num="28" count="2" type="stmt"/>
        <line num="32" count="12" type="stmt"/>
      </file>
      <file name="disease-analyzer.controller.ts" path="C:\Users\ACER\Desktop\DukeFarm\DukeFarm-Backend\src\controllers\disease-analyzer.controller.ts">
        <metrics statements="64" coveredstatements="59" conditionals="61" coveredconditionals="47" methods="10" coveredmethods="10"/>
        <line num="3" count="12" type="stmt"/>
        <line num="5" count="12" type="stmt"/>
        <line num="7" count="3" type="stmt"/>
        <line num="8" count="3" type="cond" truecount="4" falsecount="0"/>
        <line num="9" count="1" type="stmt"/>
        <line num="12" count="2" type="stmt"/>
        <line num="13" count="2" type="cond" truecount="1" falsecount="1"/>
        <line num="14" count="2" type="stmt"/>
        <line num="15" count="2" type="cond" truecount="1" falsecount="1"/>
        <line num="16" count="2" type="cond" truecount="1" falsecount="1"/>
        <line num="17" count="2" type="stmt"/>
        <line num="20" count="0" type="stmt"/>
        <line num="24" count="2" type="stmt"/>
        <line num="26" count="2" type="stmt"/>
        <line num="32" count="2" type="stmt"/>
        <line num="36" count="2" type="stmt"/>
        <line num="37" count="2" type="cond" truecount="1" falsecount="1"/>
        <line num="39" count="2" type="stmt"/>
        <line num="40" count="2" type="cond" truecount="2" falsecount="0"/>
        <line num="42" count="1" type="stmt"/>
        <line num="46" count="2" type="cond" truecount="2" falsecount="0"/>
        <line num="48" count="2" type="stmt"/>
        <line num="49" count="2" type="stmt"/>
        <line num="51" count="2" type="cond" truecount="4" falsecount="0"/>
        <line num="52" count="1" type="stmt"/>
        <line num="54" count="1" type="cond" truecount="4" falsecount="1"/>
        <line num="55" count="0" type="stmt"/>
        <line num="63" count="1" type="stmt"/>
        <line num="68" count="1" type="cond" truecount="3" falsecount="1"/>
        <line num="69" count="1" type="stmt"/>
        <line num="71" count="1" type="cond" truecount="2" falsecount="2"/>
        <line num="72" count="0" type="stmt"/>
        <line num="75" count="1" type="stmt"/>
        <line num="77" count="1" type="stmt"/>
        <line num="81" count="1" type="stmt"/>
        <line num="82" count="1" type="cond" truecount="1" falsecount="1"/>
        <line num="84" count="1" type="stmt"/>
        <line num="85" count="1" type="cond" truecount="1" falsecount="1"/>
        <line num="87" count="0" type="stmt"/>
        <line num="91" count="1" type="stmt"/>
        <line num="92" count="1" type="stmt"/>
        <line num="98" count="2" type="stmt"/>
        <line num="99" count="2" type="cond" truecount="5" falsecount="0"/>
        <line num="100" count="1" type="stmt"/>
        <line num="103" count="1" type="stmt"/>
        <line num="106" count="1" type="stmt"/>
        <line num="110" count="1" type="stmt"/>
        <line num="111" count="1" type="cond" truecount="1" falsecount="1"/>
        <line num="113" count="1" type="stmt"/>
        <line num="114" count="1" type="cond" truecount="1" falsecount="1"/>
        <line num="116" count="0" type="stmt"/>
        <line num="120" count="1" type="stmt"/>
        <line num="121" count="1" type="cond" truecount="1" falsecount="1"/>
        <line num="123" count="1" type="stmt"/>
        <line num="124" count="1" type="stmt"/>
        <line num="130" count="3" type="cond" truecount="2" falsecount="0"/>
        <line num="132" count="3" type="stmt"/>
        <line num="133" count="3" type="stmt"/>
        <line num="135" count="3" type="cond" truecount="4" falsecount="0"/>
        <line num="136" count="1" type="stmt"/>
        <line num="138" count="2" type="cond" truecount="5" falsecount="0"/>
        <line num="139" count="1" type="stmt"/>
        <line num="142" count="1" type="stmt"/>
        <line num="148" count="1" type="stmt"/>
      </file>
      <file name="farmer.controller.ts" path="C:\Users\ACER\Desktop\DukeFarm\DukeFarm-Backend\src\controllers\farmer.controller.ts">
        <metrics statements="34" coveredstatements="30" conditionals="27" coveredconditionals="25" methods="3" coveredmethods="3"/>
        <line num="3" count="12" type="stmt"/>
        <line num="5" count="12" type="stmt"/>
        <line num="6" count="3" type="cond" truecount="2" falsecount="0"/>
        <line num="7" count="3" type="cond" truecount="2" falsecount="0"/>
        <line num="8" count="3" type="cond" truecount="2" falsecount="0"/>
        <line num="9" count="3" type="cond" truecount="4" falsecount="0"/>
        <line num="14" count="3" type="cond" truecount="5" falsecount="0"/>
        <line num="15" count="1" type="stmt"/>
        <line num="20" count="2" type="stmt"/>
        <line num="21" count="2" type="cond" truecount="2" falsecount="0"/>
        <line num="22" count="2" type="cond" truecount="2" falsecount="0"/>
        <line num="24" count="2" type="stmt"/>
        <line num="26" count="2" type="stmt"/>
        <line num="29" count="12" type="stmt"/>
        <line num="30" count="2" type="stmt"/>
        <line num="32" count="2" type="cond" truecount="1" falsecount="1"/>
        <line num="33" count="0" type="stmt"/>
        <line num="36" count="2" type="stmt"/>
        <line num="37" count="2" type="stmt"/>
        <line num="40" count="2" type="stmt"/>
        <line num="41" count="2" type="cond" truecount="4" falsecount="0"/>
        <line num="42" count="1" type="stmt"/>
        <line num="45" count="2" type="stmt"/>
        <line num="46" count="2" type="stmt"/>
        <line num="48" count="0" type="stmt"/>
        <line num="52" count="12" type="stmt"/>
        <line num="53" count="1" type="stmt"/>
        <line num="55" count="1" type="cond" truecount="1" falsecount="1"/>
        <line num="56" count="0" type="stmt"/>
        <line num="59" count="1" type="stmt"/>
        <line num="60" count="1" type="stmt"/>
        <line num="61" count="1" type="stmt"/>
        <line num="63" count="0" type="stmt"/>
        <line num="67" count="12" type="stmt"/>
      </file>
      <file name="feed-formula.controller.ts" path="C:\Users\ACER\Desktop\DukeFarm\DukeFarm-Backend\src\controllers\feed-formula.controller.ts">
        <metrics statements="112" coveredstatements="90" conditionals="109" coveredconditionals="75" methods="7" coveredmethods="7"/>
        <line num="2" count="12" type="stmt"/>
        <line num="4" count="12" type="stmt"/>
        <line num="6" count="12" type="cond" truecount="1" falsecount="0"/>
        <line num="7" count="5" type="cond" truecount="2" falsecount="0"/>
        <line num="8" count="2" type="cond" truecount="2" falsecount="0"/>
        <line num="11" count="3" type="cond" truecount="4" falsecount="0"/>
        <line num="12" count="1" type="stmt"/>
        <line num="15" count="2" type="cond" truecount="1" falsecount="1"/>
        <line num="16" count="0" type="stmt"/>
        <line num="19" count="2" type="stmt"/>
        <line num="20" count="2" type="stmt"/>
        <line num="21" count="2" type="cond" truecount="1" falsecount="1"/>
        <line num="22" count="0" type="stmt"/>
        <line num="25" count="2" type="stmt"/>
        <line num="28" count="12" type="cond" truecount="1" falsecount="0"/>
        <line num="29" count="5" type="cond" truecount="2" falsecount="0"/>
        <line num="30" count="2" type="cond" truecount="1" falsecount="1"/>
        <line num="33" count="3" type="cond" truecount="3" falsecount="1"/>
        <line num="34" count="0" type="stmt"/>
        <line num="37" count="3" type="cond" truecount="1" falsecount="1"/>
        <line num="38" count="0" type="stmt"/>
        <line num="41" count="3" type="stmt"/>
        <line num="42" count="3" type="stmt"/>
        <line num="43" count="3" type="cond" truecount="2" falsecount="0"/>
        <line num="44" count="1" type="stmt"/>
        <line num="47" count="2" type="stmt"/>
        <line num="50" count="12" type="stmt"/>
        <line num="51" count="3" type="stmt"/>
        <line num="54" count="3" type="cond" truecount="5" falsecount="0"/>
        <line num="55" count="1" type="stmt"/>
        <line num="58" count="2" type="cond" truecount="4" falsecount="1"/>
        <line num="59" count="0" type="stmt"/>
        <line num="64" count="2" type="cond" truecount="2" falsecount="2"/>
        <line num="65" count="0" type="stmt"/>
        <line num="68" count="2" type="cond" truecount="2" falsecount="2"/>
        <line num="69" count="0" type="stmt"/>
        <line num="72" count="2" type="cond" truecount="2" falsecount="2"/>
        <line num="73" count="0" type="stmt"/>
        <line num="78" count="2" type="stmt"/>
        <line num="79" count="2" type="cond" truecount="2" falsecount="0"/>
        <line num="80" count="2" type="stmt"/>
        <line num="81" count="1" type="cond" truecount="1" falsecount="1"/>
        <line num="82" count="0" type="stmt"/>
        <line num="84" count="1" type="stmt"/>
        <line num="86" count="1" type="stmt"/>
        <line num="89" count="1" type="stmt"/>
        <line num="100" count="1" type="stmt"/>
        <line num="103" count="12" type="stmt"/>
        <line num="104" count="2" type="cond" truecount="2" falsecount="0"/>
        <line num="105" count="2" type="cond" truecount="1" falsecount="1"/>
        <line num="108" count="2" type="cond" truecount="5" falsecount="0"/>
        <line num="109" count="1" type="stmt"/>
        <line num="118" count="1" type="stmt"/>
        <line num="119" count="1" type="cond" truecount="1" falsecount="1"/>
        <line num="120" count="1" type="stmt"/>
        <line num="122" count="1" type="cond" truecount="1" falsecount="1"/>
        <line num="123" count="1" type="cond" truecount="1" falsecount="1"/>
        <line num="126" count="0" type="stmt"/>
        <line num="129" count="1" type="stmt"/>
        <line num="130" count="1" type="cond" truecount="1" falsecount="1"/>
        <line num="131" count="1" type="cond" truecount="1" falsecount="1"/>
        <line num="133" count="1" type="stmt"/>
        <line num="135" count="1" type="stmt"/>
        <line num="138" count="12" type="stmt"/>
        <line num="139" count="1" type="stmt"/>
        <line num="141" count="1" type="cond" truecount="1" falsecount="1"/>
        <line num="142" count="0" type="stmt"/>
        <line num="145" count="1" type="stmt"/>
        <line num="147" count="1" type="cond" truecount="1" falsecount="1"/>
        <line num="148" count="1" type="stmt"/>
        <line num="151" count="0" type="stmt"/>
        <line num="154" count="12" type="stmt"/>
        <line num="155" count="3" type="stmt"/>
        <line num="156" count="3" type="stmt"/>
        <line num="158" count="3" type="cond" truecount="1" falsecount="1"/>
        <line num="159" count="0" type="stmt"/>
        <line num="163" count="3" type="cond" truecount="4" falsecount="1"/>
        <line num="164" count="0" type="stmt"/>
        <line num="167" count="3" type="cond" truecount="1" falsecount="1"/>
        <line num="171" count="0" type="stmt"/>
        <line num="174" count="3" type="cond" truecount="4" falsecount="0"/>
        <line num="175" count="1" type="stmt"/>
        <line num="178" count="2" type="cond" truecount="2" falsecount="2"/>
        <line num="179" count="0" type="stmt"/>
        <line num="182" count="2" type="cond" truecount="2" falsecount="2"/>
        <line num="183" count="0" type="stmt"/>
        <line num="188" count="2" type="stmt"/>
        <line num="189" count="2" type="stmt"/>
        <line num="190" count="2" type="stmt"/>
        <line num="192" count="0" type="stmt"/>
        <line num="195" count="2" type="stmt"/>
        <line num="204" count="2" type="stmt"/>
        <line num="212" count="2" type="cond" truecount="2" falsecount="0"/>
        <line num="213" count="1" type="stmt"/>
        <line num="216" count="2" type="cond" truecount="1" falsecount="1"/>
        <line num="217" count="0" type="stmt"/>
        <line num="220" count="2" type="stmt"/>
        <line num="222" count="1" type="stmt"/>
        <line num="224" count="1" type="cond" truecount="1" falsecount="1"/>
        <line num="225" count="1" type="stmt"/>
        <line num="227" count="0" type="stmt"/>
        <line num="231" count="12" type="stmt"/>
        <line num="232" count="2" type="stmt"/>
        <line num="234" count="2" type="cond" truecount="1" falsecount="1"/>
        <line num="235" count="0" type="stmt"/>
        <line num="238" count="2" type="stmt"/>
        <line num="239" count="2" type="stmt"/>
        <line num="240" count="1" type="stmt"/>
        <line num="242" count="1" type="cond" truecount="1" falsecount="1"/>
        <line num="243" count="1" type="stmt"/>
        <line num="245" count="0" type="stmt"/>
        <line num="249" count="12" type="stmt"/>
      </file>
      <file name="health.controller.ts" path="C:\Users\ACER\Desktop\DukeFarm\DukeFarm-Backend\src\controllers\health.controller.ts">
        <metrics statements="7" coveredstatements="7" conditionals="0" coveredconditionals="0" methods="1" coveredmethods="1"/>
        <line num="2" count="12" type="stmt"/>
        <line num="4" count="12" type="stmt"/>
        <line num="5" count="2" type="stmt"/>
        <line num="6" count="2" type="stmt"/>
        <line num="7" count="1" type="stmt"/>
        <line num="9" count="1" type="stmt"/>
        <line num="13" count="12" type="stmt"/>
      </file>
      <file name="lineAuth.controller.ts" path="C:\Users\ACER\Desktop\DukeFarm\DukeFarm-Backend\src\controllers\lineAuth.controller.ts">
        <metrics statements="74" coveredstatements="73" conditionals="49" coveredconditionals="40" methods="11" coveredmethods="11"/>
        <line num="2" count="12" type="stmt"/>
        <line num="4" count="12" type="stmt"/>
        <line num="5" count="12" type="stmt"/>
        <line num="6" count="12" type="stmt"/>
        <line num="8" count="12" type="stmt"/>
        <line num="9" count="5" type="stmt"/>
        <line num="10" count="5" type="stmt"/>
        <line num="13" count="5" type="cond" truecount="2" falsecount="0"/>
        <line num="14" count="4" type="stmt"/>
        <line num="15" count="4" type="cond" truecount="2" falsecount="0"/>
        <line num="16" count="2" type="stmt"/>
        <line num="17" count="2" type="cond" truecount="2" falsecount="0"/>
        <line num="18" count="1" type="stmt"/>
        <line num="20" count="1" type="stmt"/>
        <line num="24" count="4" type="stmt"/>
        <line num="25" count="3" type="stmt"/>
        <line num="27" count="1" type="stmt"/>
        <line num="31" count="12" type="stmt"/>
        <line num="32" count="4" type="stmt"/>
        <line num="33" count="4" type="stmt"/>
        <line num="35" count="4" type="cond" truecount="2" falsecount="0"/>
        <line num="36" count="1" type="stmt"/>
        <line num="39" count="3" type="cond" truecount="2" falsecount="0"/>
        <line num="40" count="1" type="stmt"/>
        <line num="43" count="2" type="stmt"/>
        <line num="46" count="2" type="stmt"/>
        <line num="100" count="4" type="stmt"/>
        <line num="103" count="2" type="stmt"/>
        <line num="104" count="2" type="cond" truecount="2" falsecount="0"/>
        <line num="105" count="1" type="cond" truecount="1" falsecount="1"/>
        <line num="107" count="2" type="cond" truecount="2" falsecount="0"/>
        <line num="108" count="1" type="stmt"/>
        <line num="110" count="2" type="stmt"/>
        <line num="113" count="2" type="cond" truecount="2" falsecount="0"/>
        <line num="114" count="2" type="stmt"/>
        <line num="121" count="2" type="stmt"/>
        <line num="123" count="2" type="stmt"/>
        <line num="130" count="2" type="stmt"/>
        <line num="131" count="2" type="stmt"/>
        <line num="133" count="0" type="stmt"/>
        <line num="137" count="12" type="stmt"/>
        <line num="138" count="4" type="stmt"/>
        <line num="139" count="4" type="cond" truecount="2" falsecount="0"/>
        <line num="140" count="1" type="stmt"/>
        <line num="143" count="3" type="stmt"/>
        <line num="198" count="3" type="cond" truecount="2" falsecount="0"/>
        <line num="199" count="1" type="stmt"/>
        <line num="202" count="2" type="stmt"/>
        <line num="203" count="4" type="cond" truecount="4" falsecount="0"/>
        <line num="205" count="2" type="cond" truecount="0" falsecount="1"/>
        <line num="207" count="2" type="stmt"/>
        <line num="208" count="2" type="stmt"/>
        <line num="209" count="3" type="cond" truecount="1" falsecount="1"/>
        <line num="210" count="3" type="stmt"/>
        <line num="213" count="2" type="cond" truecount="1" falsecount="1"/>
        <line num="214" count="2" type="stmt"/>
        <line num="217" count="2" type="stmt"/>
        <line num="219" count="2" type="stmt"/>
        <line num="220" count="3" type="cond" truecount="1" falsecount="1"/>
        <line num="221" count="3" type="stmt"/>
        <line num="224" count="2" type="stmt"/>
        <line num="225" count="2" type="stmt"/>
        <line num="226" count="2" type="cond" truecount="4" falsecount="0"/>
        <line num="227" count="1" type="stmt"/>
        <line num="229" count="1" type="cond" truecount="1" falsecount="1"/>
        <line num="232" count="2" type="stmt"/>
        <line num="233" count="2" type="cond" truecount="2" falsecount="0"/>
        <line num="234" count="1" type="stmt"/>
        <line num="236" count="2" type="cond" truecount="1" falsecount="1"/>
        <line num="237" count="1" type="cond" truecount="1" falsecount="1"/>
        <line num="240" count="2" type="cond" truecount="1" falsecount="1"/>
        <line num="250" count="2" type="stmt"/>
        <line num="252" count="2" type="stmt"/>
        <line num="256" count="12" type="stmt"/>
      </file>
      <file name="onboarding.controller.ts" path="C:\Users\ACER\Desktop\DukeFarm\DukeFarm-Backend\src\controllers\onboarding.controller.ts">
        <metrics statements="137" coveredstatements="110" conditionals="91" coveredconditionals="57" methods="20" coveredmethods="19"/>
        <line num="1" count="13" type="stmt"/>
        <line num="4" count="13" type="stmt"/>
        <line num="5" count="13" type="stmt"/>
        <line num="6" count="13" type="stmt"/>
        <line num="8" count="13" type="stmt"/>
        <line num="9" count="9" type="cond" truecount="1" falsecount="1"/>
        <line num="10" count="0" type="stmt"/>
        <line num="13" count="9" type="stmt"/>
        <line num="16" count="13" type="stmt"/>
        <line num="17" count="13" type="cond" truecount="2" falsecount="0"/>
        <line num="18" count="1" type="stmt"/>
        <line num="21" count="12" type="stmt"/>
        <line num="22" count="12" type="cond" truecount="1" falsecount="1"/>
        <line num="23" count="0" type="stmt"/>
        <line num="26" count="12" type="stmt"/>
        <line num="29" count="13" type="stmt"/>
        <line num="30" count="2" type="cond" truecount="3" falsecount="1"/>
        <line num="31" count="0" type="stmt"/>
        <line num="34" count="2" type="cond" truecount="1" falsecount="1"/>
        <line num="35" count="0" type="stmt"/>
        <line num="38" count="2" type="stmt"/>
        <line num="39" count="2" type="cond" truecount="1" falsecount="1"/>
        <line num="42" count="13" type="stmt"/>
        <line num="43" count="3" type="cond" truecount="1" falsecount="1"/>
        <line num="44" count="0" type="stmt"/>
        <line num="47" count="3" type="stmt"/>
        <line num="48" count="3" type="cond" truecount="4" falsecount="0"/>
        <line num="49" count="1" type="stmt"/>
        <line num="52" count="2" type="stmt"/>
        <line num="55" count="13" type="stmt"/>
        <line num="56" count="2" type="stmt"/>
        <line num="58" count="2" type="stmt"/>
        <line num="59" count="2" type="stmt"/>
        <line num="60" count="2" type="cond" truecount="1" falsecount="1"/>
        <line num="61" count="0" type="stmt"/>
        <line num="63" count="2" type="stmt"/>
        <line num="66" count="2" type="cond" truecount="1" falsecount="1"/>
        <line num="67" count="2" type="stmt"/>
        <line num="68" count="2" type="cond" truecount="1" falsecount="1"/>
        <line num="69" count="0" type="stmt"/>
        <line num="71" count="2" type="stmt"/>
        <line num="73" count="2" type="cond" truecount="1" falsecount="1"/>
        <line num="74" count="0" type="stmt"/>
        <line num="76" count="2" type="stmt"/>
        <line num="79" count="0" type="cond" truecount="0" falsecount="4"/>
        <line num="80" count="0" type="stmt"/>
        <line num="81" count="0" type="stmt"/>
        <line num="84" count="0" type="stmt"/>
        <line num="96" count="13" type="stmt"/>
        <line num="97" count="6" type="cond" truecount="3" falsecount="1"/>
        <line num="98" count="0" type="stmt"/>
        <line num="100" count="6" type="cond" truecount="1" falsecount="1"/>
        <line num="101" count="6" type="cond" truecount="3" falsecount="1"/>
        <line num="102" count="0" type="stmt"/>
        <line num="104" count="6" type="stmt"/>
        <line num="107" count="13" type="stmt"/>
        <line num="108" count="3" type="cond" truecount="1" falsecount="1"/>
        <line num="109" count="0" type="stmt"/>
        <line num="111" count="3" type="stmt"/>
        <line num="112" count="3" type="cond" truecount="4" falsecount="0"/>
        <line num="113" count="1" type="stmt"/>
        <line num="115" count="2" type="stmt"/>
        <line num="118" count="13" type="stmt"/>
        <line num="119" count="2" type="cond" truecount="1" falsecount="1"/>
        <line num="120" count="0" type="stmt"/>
        <line num="122" count="2" type="stmt"/>
        <line num="123" count="2" type="stmt"/>
        <line num="124" count="2" type="cond" truecount="1" falsecount="1"/>
        <line num="125" count="0" type="stmt"/>
        <line num="127" count="2" type="stmt"/>
        <line num="130" count="13" type="stmt"/>
        <line num="131" count="4" type="cond" truecount="2" falsecount="0"/>
        <line num="132" count="1" type="stmt"/>
        <line num="135" count="3" type="cond" truecount="1" falsecount="1"/>
        <line num="136" count="0" type="stmt"/>
        <line num="139" count="3" type="stmt"/>
        <line num="140" count="3" type="cond" truecount="3" falsecount="1"/>
        <line num="141" count="0" type="stmt"/>
        <line num="144" count="3" type="stmt"/>
        <line num="145" count="3" type="stmt"/>
        <line num="146" count="2" type="stmt"/>
        <line num="147" count="2" type="stmt"/>
        <line num="148" count="2" type="stmt"/>
        <line num="149" count="2" type="stmt"/>
        <line num="150" count="2" type="stmt"/>
        <line num="152" count="2" type="stmt"/>
        <line num="156" count="13" type="stmt"/>
        <line num="157" count="2" type="stmt"/>
        <line num="158" count="2" type="cond" truecount="2" falsecount="2"/>
        <line num="159" count="2" type="stmt"/>
        <line num="162" count="0" type="cond" truecount="0" falsecount="4"/>
        <line num="163" count="0" type="stmt"/>
        <line num="166" count="0" type="stmt"/>
        <line num="169" count="13" type="stmt"/>
        <line num="170" count="2" type="stmt"/>
        <line num="171" count="2" type="cond" truecount="3" falsecount="1"/>
        <line num="172" count="0" type="stmt"/>
        <line num="175" count="2" type="cond" truecount="4" falsecount="0"/>
        <line num="176" count="1" type="stmt"/>
        <line num="179" count="1" type="stmt"/>
        <line num="182" count="13" type="stmt"/>
        <line num="183" count="1" type="stmt"/>
        <line num="184" count="1" type="cond" truecount="3" falsecount="1"/>
        <line num="185" count="0" type="stmt"/>
        <line num="188" count="1" type="cond" truecount="3" falsecount="1"/>
        <line num="189" count="0" type="stmt"/>
        <line num="192" count="1" type="stmt"/>
        <line num="195" count="13" type="stmt"/>
        <line num="196" count="2" type="stmt"/>
        <line num="197" count="2" type="cond" truecount="1" falsecount="1"/>
        <line num="198" count="0" type="stmt"/>
        <line num="201" count="2" type="cond" truecount="1" falsecount="1"/>
        <line num="202" count="0" type="stmt"/>
        <line num="205" count="2" type="stmt"/>
        <line num="208" count="13" type="stmt"/>
        <line num="209" count="3" type="stmt"/>
        <line num="210" count="3" type="stmt"/>
        <line num="211" count="3" type="stmt"/>
        <line num="212" count="2" type="stmt"/>
        <line num="213" count="2" type="stmt"/>
        <line num="215" count="1" type="stmt"/>
        <line num="219" count="13" type="stmt"/>
        <line num="220" count="4" type="stmt"/>
        <line num="221" count="4" type="stmt"/>
        <line num="222" count="4" type="stmt"/>
        <line num="224" count="2" type="stmt"/>
        <line num="240" count="1" type="stmt"/>
        <line num="241" count="1" type="stmt"/>
        <line num="243" count="3" type="stmt"/>
        <line num="247" count="13" type="stmt"/>
        <line num="252" count="2" type="stmt"/>
        <line num="253" count="2" type="stmt"/>
        <line num="255" count="2" type="stmt"/>
        <line num="265" count="1" type="stmt"/>
        <line num="266" count="1" type="stmt"/>
        <line num="268" count="1" type="stmt"/>
        <line num="272" count="13" type="stmt"/>
      </file>
      <file name="pond.controller.ts" path="C:\Users\ACER\Desktop\DukeFarm\DukeFarm-Backend\src\controllers\pond.controller.ts">
        <metrics statements="34" coveredstatements="34" conditionals="12" coveredconditionals="11" methods="5" coveredmethods="5"/>
        <line num="2" count="12" type="stmt"/>
        <line num="3" count="12" type="stmt"/>
        <line num="5" count="12" type="stmt"/>
        <line num="7" count="4" type="stmt"/>
        <line num="8" count="4" type="stmt"/>
        <line num="9" count="4" type="cond" truecount="2" falsecount="0"/>
        <line num="10" count="3" type="stmt"/>
        <line num="11" count="2" type="stmt"/>
        <line num="13" count="2" type="stmt"/>
        <line num="18" count="2" type="stmt"/>
        <line num="19" count="2" type="stmt"/>
        <line num="20" count="2" type="cond" truecount="2" falsecount="0"/>
        <line num="21" count="1" type="stmt"/>
        <line num="22" count="1" type="stmt"/>
        <line num="24" count="1" type="stmt"/>
        <line num="29" count="2" type="stmt"/>
        <line num="30" count="2" type="stmt"/>
        <line num="31" count="2" type="cond" truecount="2" falsecount="0"/>
        <line num="32" count="1" type="stmt"/>
        <line num="33" count="1" type="stmt"/>
        <line num="35" count="1" type="stmt"/>
        <line num="40" count="2" type="stmt"/>
        <line num="41" count="2" type="stmt"/>
        <line num="42" count="2" type="cond" truecount="2" falsecount="0"/>
        <line num="43" count="1" type="stmt"/>
        <line num="44" count="1" type="stmt"/>
        <line num="46" count="1" type="stmt"/>
        <line num="51" count="3" type="stmt"/>
        <line num="52" count="3" type="stmt"/>
        <line num="53" count="3" type="cond" truecount="2" falsecount="0"/>
        <line num="54" count="2" type="cond" truecount="1" falsecount="1"/>
        <line num="55" count="2" type="stmt"/>
        <line num="56" count="2" type="stmt"/>
        <line num="58" count="1" type="stmt"/>
      </file>
      <file name="record.controller.ts" path="C:\Users\ACER\Desktop\DukeFarm\DukeFarm-Backend\src\controllers\record.controller.ts">
        <metrics statements="151" coveredstatements="143" conditionals="136" coveredconditionals="110" methods="11" coveredmethods="11"/>
        <line num="2" count="12" type="stmt"/>
        <line num="4" count="12" type="stmt"/>
        <line num="5" count="12" type="stmt"/>
        <line num="7" count="12" type="stmt"/>
        <line num="8" count="11" type="cond" truecount="2" falsecount="0"/>
        <line num="9" count="1" type="stmt"/>
        <line num="12" count="10" type="stmt"/>
        <line num="13" count="10" type="stmt"/>
        <line num="14" count="10" type="cond" truecount="2" falsecount="0"/>
        <line num="15" count="2" type="stmt"/>
        <line num="18" count="8" type="stmt"/>
        <line num="21" count="12" type="stmt"/>
        <line num="22" count="5" type="cond" truecount="4" falsecount="0"/>
        <line num="23" count="2" type="stmt"/>
        <line num="26" count="3" type="stmt"/>
        <line num="27" count="3" type="stmt"/>
        <line num="28" count="3" type="cond" truecount="2" falsecount="0"/>
        <line num="29" count="1" type="stmt"/>
        <line num="32" count="2" type="stmt"/>
        <line num="35" count="12" type="stmt"/>
        <line num="36" count="7" type="cond" truecount="4" falsecount="0"/>
        <line num="37" count="1" type="stmt"/>
        <line num="40" count="6" type="stmt"/>
        <line num="41" count="6" type="cond" truecount="2" falsecount="0"/>
        <line num="42" count="2" type="stmt"/>
        <line num="45" count="4" type="stmt"/>
        <line num="48" count="12" type="stmt"/>
        <line num="49" count="17" type="cond" truecount="5" falsecount="0"/>
        <line num="50" count="7" type="stmt"/>
        <line num="53" count="10" type="cond" truecount="1" falsecount="1"/>
        <line num="54" count="10" type="cond" truecount="1" falsecount="1"/>
        <line num="55" count="0" type="stmt"/>
        <line num="58" count="10" type="cond" truecount="2" falsecount="0"/>
        <line num="59" count="2" type="stmt"/>
        <line num="62" count="8" type="stmt"/>
        <line num="65" count="12" type="stmt"/>
        <line num="66" count="3" type="stmt"/>
        <line num="67" count="3" type="stmt"/>
        <line num="68" count="3" type="cond" truecount="1" falsecount="1"/>
        <line num="69" count="0" type="stmt"/>
        <line num="72" count="3" type="cond" truecount="2" falsecount="0"/>
        <line num="73" count="3" type="stmt"/>
        <line num="75" count="1" type="stmt"/>
        <line num="76" count="1" type="stmt"/>
        <line num="78" count="2" type="stmt"/>
        <line num="82" count="12" type="stmt"/>
        <line num="83" count="5" type="stmt"/>
        <line num="84" count="5" type="stmt"/>
        <line num="85" count="5" type="cond" truecount="2" falsecount="0"/>
        <line num="86" count="1" type="stmt"/>
        <line num="90" count="4" type="cond" truecount="2" falsecount="0"/>
        <line num="91" count="4" type="stmt"/>
        <line num="92" count="4" type="cond" truecount="5" falsecount="0"/>
        <line num="93" count="1" type="stmt"/>
        <line num="96" count="4" type="cond" truecount="2" falsecount="0"/>
        <line num="97" count="4" type="cond" truecount="2" falsecount="0"/>
        <line num="98" count="4" type="cond" truecount="2" falsecount="0"/>
        <line num="100" count="4" type="cond" truecount="2" falsecount="0"/>
        <line num="101" count="2" type="stmt"/>
        <line num="102" count="2" type="stmt"/>
        <line num="104" count="1" type="stmt"/>
        <line num="108" count="3" type="cond" truecount="2" falsecount="0"/>
        <line num="109" count="3" type="cond" truecount="2" falsecount="0"/>
        <line num="111" count="3" type="cond" truecount="4" falsecount="0"/>
        <line num="112" count="3" type="cond" truecount="3" falsecount="1"/>
        <line num="114" count="3" type="stmt"/>
        <line num="115" count="3" type="stmt"/>
        <line num="117" count="2" type="stmt"/>
        <line num="121" count="12" type="stmt"/>
        <line num="122" count="7" type="stmt"/>
        <line num="123" count="7" type="stmt"/>
        <line num="124" count="7" type="cond" truecount="1" falsecount="1"/>
        <line num="125" count="0" type="stmt"/>
        <line num="128" count="7" type="cond" truecount="2" falsecount="0"/>
        <line num="129" count="1" type="stmt"/>
        <line num="132" count="6" type="stmt"/>
        <line num="133" count="6" type="stmt"/>
        <line num="135" count="4" type="cond" truecount="1" falsecount="1"/>
        <line num="136" count="4" type="cond" truecount="1" falsecount="1"/>
        <line num="137" count="0" type="stmt"/>
        <line num="140" count="4" type="stmt"/>
        <line num="141" count="3" type="stmt"/>
        <line num="143" count="3" type="stmt"/>
        <line num="144" count="2" type="cond" truecount="1" falsecount="1"/>
        <line num="146" count="2" type="cond" truecount="1" falsecount="1"/>
        <line num="154" count="2" type="cond" truecount="1" falsecount="1"/>
        <line num="155" count="2" type="stmt"/>
        <line num="156" count="4" type="stmt"/>
        <line num="157" count="4" type="stmt"/>
        <line num="158" count="4" type="cond" truecount="4" falsecount="0"/>
        <line num="159" count="1" type="stmt"/>
        <line num="164" count="1" type="cond" truecount="1" falsecount="1"/>
        <line num="165" count="1" type="stmt"/>
        <line num="166" count="1" type="stmt"/>
        <line num="167" count="1" type="stmt"/>
        <line num="168" count="1" type="cond" truecount="1" falsecount="1"/>
        <line num="169" count="1" type="cond" truecount="1" falsecount="1"/>
        <line num="170" count="1" type="cond" truecount="1" falsecount="1"/>
        <line num="171" count="1" type="stmt"/>
        <line num="172" count="1" type="stmt"/>
        <line num="173" count="1" type="cond" truecount="1" falsecount="1"/>
        <line num="175" count="1" type="stmt"/>
        <line num="196" count="1" type="stmt"/>
        <line num="198" count="6" type="stmt"/>
        <line num="202" count="12" type="stmt"/>
        <line num="203" count="4" type="stmt"/>
        <line num="204" count="4" type="stmt"/>
        <line num="205" count="4" type="cond" truecount="1" falsecount="1"/>
        <line num="206" count="0" type="stmt"/>
        <line num="209" count="4" type="stmt"/>
        <line num="210" count="4" type="cond" truecount="1" falsecount="1"/>
        <line num="211" count="0" type="stmt"/>
        <line num="214" count="4" type="stmt"/>
        <line num="215" count="4" type="cond" truecount="2" falsecount="0"/>
        <line num="216" count="3" type="cond" truecount="2" falsecount="0"/>
        <line num="217" count="3" type="cond" truecount="2" falsecount="0"/>
        <line num="218" count="3" type="cond" truecount="2" falsecount="0"/>
        <line num="219" count="2" type="cond" truecount="2" falsecount="0"/>
        <line num="220" count="2" type="cond" truecount="2" falsecount="0"/>
        <line num="221" count="2" type="cond" truecount="1" falsecount="1"/>
        <line num="222" count="2" type="cond" truecount="1" falsecount="1"/>
        <line num="224" count="2" type="cond" truecount="2" falsecount="0"/>
        <line num="225" count="1" type="stmt"/>
        <line num="232" count="2" type="stmt"/>
        <line num="234" count="2" type="stmt"/>
        <line num="237" count="2" type="stmt"/>
        <line num="241" count="12" type="stmt"/>
        <line num="242" count="2" type="stmt"/>
        <line num="243" count="2" type="stmt"/>
        <line num="244" count="2" type="cond" truecount="1" falsecount="1"/>
        <line num="245" count="0" type="stmt"/>
        <line num="248" count="2" type="stmt"/>
        <line num="249" count="2" type="cond" truecount="2" falsecount="0"/>
        <line num="250" count="1" type="stmt"/>
        <line num="253" count="1" type="stmt"/>
        <line num="254" count="1" type="stmt"/>
        <line num="256" count="1" type="stmt"/>
        <line num="262" count="12" type="stmt"/>
        <line num="263" count="3" type="stmt"/>
        <line num="264" count="3" type="stmt"/>
        <line num="265" count="3" type="cond" truecount="1" falsecount="1"/>
        <line num="266" count="0" type="stmt"/>
        <line num="269" count="3" type="stmt"/>
        <line num="270" count="3" type="cond" truecount="2" falsecount="0"/>
        <line num="271" count="1" type="stmt"/>
        <line num="274" count="2" type="stmt"/>
        <line num="275" count="2" type="cond" truecount="2" falsecount="0"/>
        <line num="276" count="1" type="stmt"/>
        <line num="279" count="1" type="stmt"/>
        <line num="281" count="2" type="stmt"/>
        <line num="285" count="12" type="stmt"/>
      </file>
      <file name="researcher.controller.ts" path="C:\Users\ACER\Desktop\DukeFarm\DukeFarm-Backend\src\controllers\researcher.controller.ts">
        <metrics statements="27" coveredstatements="23" conditionals="24" coveredconditionals="17" methods="3" coveredmethods="3"/>
        <line num="3" count="12" type="stmt"/>
        <line num="5" count="12" type="stmt"/>
        <line num="6" count="2" type="cond" truecount="2" falsecount="0"/>
        <line num="7" count="2" type="cond" truecount="1" falsecount="1"/>
        <line num="9" count="2" type="cond" truecount="5" falsecount="0"/>
        <line num="10" count="1" type="stmt"/>
        <line num="15" count="1" type="stmt"/>
        <line num="17" count="1" type="stmt"/>
        <line num="20" count="12" type="stmt"/>
        <line num="21" count="1" type="stmt"/>
        <line num="22" count="1" type="cond" truecount="1" falsecount="1"/>
        <line num="23" count="1" type="cond" truecount="1" falsecount="1"/>
        <line num="25" count="1" type="cond" truecount="1" falsecount="1"/>
        <line num="26" count="0" type="stmt"/>
        <line num="29" count="1" type="cond" truecount="4" falsecount="1"/>
        <line num="30" count="0" type="stmt"/>
        <line num="35" count="1" type="stmt"/>
        <line num="40" count="1" type="stmt"/>
        <line num="43" count="12" type="stmt"/>
        <line num="44" count="1" type="stmt"/>
        <line num="46" count="1" type="cond" truecount="1" falsecount="1"/>
        <line num="47" count="0" type="stmt"/>
        <line num="50" count="1" type="stmt"/>
        <line num="52" count="1" type="cond" truecount="1" falsecount="1"/>
        <line num="53" count="1" type="stmt"/>
        <line num="56" count="0" type="stmt"/>
        <line num="59" count="12" type="stmt"/>
      </file>
      <file name="weather.controller.ts" path="C:\Users\ACER\Desktop\DukeFarm\DukeFarm-Backend\src\controllers\weather.controller.ts">
        <metrics statements="49" coveredstatements="41" conditionals="24" coveredconditionals="18" methods="5" coveredmethods="5"/>
        <line num="2" count="12" type="stmt"/>
        <line num="4" count="12" type="stmt"/>
        <line num="5" count="4" type="stmt"/>
        <line num="6" count="4" type="stmt"/>
        <line num="7" count="4" type="stmt"/>
        <line num="9" count="4" type="cond" truecount="4" falsecount="0"/>
        <line num="10" count="2" type="stmt"/>
        <line num="13" count="2" type="stmt"/>
        <line num="14" count="1" type="stmt"/>
        <line num="16" count="1" type="stmt"/>
        <line num="20" count="12" type="stmt"/>
        <line num="21" count="1" type="stmt"/>
        <line num="22" count="1" type="stmt"/>
        <line num="23" count="1" type="stmt"/>
        <line num="24" count="1" type="cond" truecount="1" falsecount="1"/>
        <line num="26" count="1" type="cond" truecount="3" falsecount="1"/>
        <line num="27" count="0" type="stmt"/>
        <line num="30" count="1" type="stmt"/>
        <line num="31" count="1" type="stmt"/>
        <line num="33" count="0" type="stmt"/>
        <line num="37" count="12" type="stmt"/>
        <line num="38" count="1" type="stmt"/>
        <line num="39" count="1" type="stmt"/>
        <line num="40" count="1" type="stmt"/>
        <line num="41" count="1" type="cond" truecount="1" falsecount="1"/>
        <line num="43" count="1" type="cond" truecount="3" falsecount="1"/>
        <line num="44" count="0" type="stmt"/>
        <line num="47" count="1" type="stmt"/>
        <line num="48" count="1" type="stmt"/>
        <line num="50" count="0" type="stmt"/>
        <line num="54" count="12" type="stmt"/>
        <line num="55" count="1" type="stmt"/>
        <line num="56" count="1" type="stmt"/>
        <line num="57" count="1" type="stmt"/>
        <line num="59" count="1" type="cond" truecount="3" falsecount="1"/>
        <line num="60" count="0" type="stmt"/>
        <line num="63" count="1" type="stmt"/>
        <line num="64" count="1" type="stmt"/>
        <line num="66" count="0" type="stmt"/>
        <line num="73" count="12" type="stmt"/>
        <line num="74" count="1" type="stmt"/>
        <line num="75" count="1" type="stmt"/>
        <line num="76" count="1" type="stmt"/>
        <line num="78" count="1" type="cond" truecount="3" falsecount="1"/>
        <line num="79" count="0" type="stmt"/>
        <line num="82" count="1" type="stmt"/>
        <line num="89" count="1" type="stmt"/>
        <line num="98" count="0" type="stmt"/>
        <line num="102" count="12" type="stmt"/>
      </file>
    </package>
    <package name="src.middlewares">
      <metrics statements="32" coveredstatements="32" conditionals="14" coveredconditionals="14" methods="4" coveredmethods="4"/>
      <file name="auth.middleware.ts" path="C:\Users\ACER\Desktop\DukeFarm\DukeFarm-Backend\src\middlewares\auth.middleware.ts">
        <metrics statements="12" coveredstatements="12" conditionals="2" coveredconditionals="2" methods="1" coveredmethods="1"/>
        <line num="2" count="14" type="stmt"/>
        <line num="17" count="14" type="stmt"/>
        <line num="18" count="76" type="stmt"/>
        <line num="20" count="76" type="cond" truecount="2" falsecount="0"/>
        <line num="21" count="5" type="stmt"/>
        <line num="24" count="71" type="stmt"/>
        <line num="26" count="71" type="stmt"/>
        <line num="27" count="71" type="stmt"/>
        <line num="28" count="69" type="stmt"/>
        <line num="36" count="69" type="stmt"/>
        <line num="38" count="2" type="stmt"/>
        <line num="42" count="14" type="stmt"/>
      </file>
      <file name="errorHandler.ts" path="C:\Users\ACER\Desktop\DukeFarm\DukeFarm-Backend\src\middlewares\errorHandler.ts">
        <metrics statements="6" coveredstatements="6" conditionals="6" coveredconditionals="6" methods="1" coveredmethods="1"/>
        <line num="2" count="13" type="stmt"/>
        <line num="6" count="13" type="stmt"/>
        <line num="7" count="31" type="cond" truecount="2" falsecount="0"/>
        <line num="9" count="31" type="stmt"/>
        <line num="16" count="31" type="stmt"/>
        <line num="22" count="13" type="stmt"/>
      </file>
      <file name="role.middleware.ts" path="C:\Users\ACER\Desktop\DukeFarm\DukeFarm-Backend\src\middlewares\role.middleware.ts">
        <metrics statements="14" coveredstatements="14" conditionals="6" coveredconditionals="6" methods="2" coveredmethods="2"/>
        <line num="2" count="14" type="stmt"/>
        <line num="5" count="116" type="stmt"/>
        <line num="10" count="28" type="cond" truecount="2" falsecount="0"/>
        <line num="11" count="1" type="stmt"/>
        <line num="14" count="27" type="stmt"/>
        <line num="15" count="27" type="stmt"/>
        <line num="17" count="26" type="cond" truecount="2" falsecount="0"/>
        <line num="18" count="1" type="stmt"/>
        <line num="21" count="25" type="stmt"/>
        <line num="23" count="25" type="cond" truecount="2" falsecount="0"/>
        <line num="24" count="3" type="stmt"/>
        <line num="27" count="22" type="stmt"/>
        <line num="29" count="1" type="stmt"/>
        <line num="33" count="14" type="stmt"/>
      </file>
    </package>
    <package name="src.routes">
      <metrics statements="140" coveredstatements="139" conditionals="4" coveredconditionals="4" methods="3" coveredmethods="2"/>
      <file name="auth.routes.ts" path="C:\Users\ACER\Desktop\DukeFarm\DukeFarm-Backend\src\routes\auth.routes.ts">
        <metrics statements="11" coveredstatements="11" conditionals="0" coveredconditionals="0" methods="0" coveredmethods="0"/>
        <line num="1" count="12" type="stmt"/>
        <line num="2" count="12" type="stmt"/>
        <line num="3" count="12" type="stmt"/>
        <line num="4" count="12" type="stmt"/>
        <line num="6" count="12" type="stmt"/>
        <line num="9" count="12" type="stmt"/>
        <line num="10" count="12" type="stmt"/>
        <line num="13" count="12" type="stmt"/>
        <line num="14" count="12" type="stmt"/>
        <line num="17" count="12" type="stmt"/>
        <line num="19" count="12" type="stmt"/>
      </file>
      <file name="dashboard.routes.ts" path="C:\Users\ACER\Desktop\DukeFarm\DukeFarm-Backend\src\routes\dashboard.routes.ts">
        <metrics statements="6" coveredstatements="6" conditionals="0" coveredconditionals="0" methods="0" coveredmethods="0"/>
        <line num="1" count="12" type="stmt"/>
        <line num="2" count="12" type="stmt"/>
        <line num="3" count="12" type="stmt"/>
        <line num="5" count="12" type="stmt"/>
        <line num="7" count="12" type="stmt"/>
        <line num="9" count="12" type="stmt"/>
      </file>
      <file name="disease-analyzer.routes.ts" path="C:\Users\ACER\Desktop\DukeFarm\DukeFarm-Backend\src\routes\disease-analyzer.routes.ts">
        <metrics statements="26" coveredstatements="26" conditionals="4" coveredconditionals="4" methods="2" coveredmethods="2"/>
        <line num="1" count="17" type="stmt"/>
        <line num="2" count="17" type="stmt"/>
        <line num="3" count="17" type="stmt"/>
        <line num="4" count="17" type="stmt"/>
        <line num="5" count="17" type="stmt"/>
        <line num="7" count="17" type="stmt"/>
        <line num="8" count="17" type="cond" truecount="2" falsecount="0"/>
        <line num="9" count="1" type="stmt"/>
        <line num="12" count="17" type="stmt"/>
        <line num="16" count="2" type="stmt"/>
        <line num="17" count="2" type="stmt"/>
        <line num="21" count="3" type="stmt"/>
        <line num="22" count="3" type="stmt"/>
        <line num="23" count="3" type="cond" truecount="2" falsecount="0"/>
        <line num="24" count="2" type="stmt"/>
        <line num="29" count="17" type="stmt"/>
        <line num="32" count="17" type="stmt"/>
        <line num="33" count="17" type="stmt"/>
        <line num="34" count="17" type="stmt"/>
        <line num="35" count="17" type="stmt"/>
        <line num="36" count="17" type="stmt"/>
        <line num="39" count="17" type="stmt"/>
        <line num="40" count="17" type="stmt"/>
        <line num="41" count="17" type="stmt"/>
        <line num="42" count="17" type="stmt"/>
        <line num="44" count="17" type="stmt"/>
      </file>
      <file name="farmer.routes.ts" path="C:\Users\ACER\Desktop\DukeFarm\DukeFarm-Backend\src\routes\farmer.routes.ts">
        <metrics statements="9" coveredstatements="9" conditionals="0" coveredconditionals="0" methods="0" coveredmethods="0"/>
        <line num="1" count="12" type="stmt"/>
        <line num="2" count="12" type="stmt"/>
        <line num="3" count="12" type="stmt"/>
        <line num="4" count="12" type="stmt"/>
        <line num="6" count="12" type="stmt"/>
        <line num="9" count="12" type="stmt"/>
        <line num="17" count="12" type="stmt"/>
        <line num="25" count="12" type="stmt"/>
        <line num="32" count="12" type="stmt"/>
      </file>
      <file name="feed-formula.routes.ts" path="C:\Users\ACER\Desktop\DukeFarm\DukeFarm-Backend\src\routes\feed-formula.routes.ts">
        <metrics statements="11" coveredstatements="11" conditionals="0" coveredconditionals="0" methods="0" coveredmethods="0"/>
        <line num="1" count="12" type="stmt"/>
        <line num="2" count="12" type="stmt"/>
        <line num="3" count="12" type="stmt"/>
        <line num="4" count="12" type="stmt"/>
        <line num="6" count="12" type="stmt"/>
        <line num="9" count="12" type="stmt"/>
        <line num="17" count="12" type="stmt"/>
        <line num="24" count="12" type="stmt"/>
        <line num="31" count="12" type="stmt"/>
        <line num="39" count="12" type="stmt"/>
        <line num="46" count="12" type="stmt"/>
      </file>
      <file name="home.routes.ts" path="C:\Users\ACER\Desktop\DukeFarm\DukeFarm-Backend\src\routes\home.routes.ts">
        <metrics statements="5" coveredstatements="4" conditionals="0" coveredconditionals="0" methods="1" coveredmethods="0"/>
        <line num="1" count="12" type="stmt"/>
        <line num="3" count="12" type="stmt"/>
        <line num="5" count="12" type="stmt"/>
        <line num="6" count="0" type="stmt"/>
        <line num="23" count="12" type="stmt"/>
      </file>
      <file name="index.ts" path="C:\Users\ACER\Desktop\DukeFarm\DukeFarm-Backend\src\routes\index.ts">
        <metrics statements="25" coveredstatements="25" conditionals="0" coveredconditionals="0" methods="0" coveredmethods="0"/>
        <line num="1" count="12" type="stmt"/>
        <line num="2" count="12" type="stmt"/>
        <line num="3" count="12" type="stmt"/>
        <line num="4" count="12" type="stmt"/>
        <line num="5" count="12" type="stmt"/>
        <line num="6" count="12" type="stmt"/>
        <line num="7" count="12" type="stmt"/>
        <line num="8" count="12" type="stmt"/>
        <line num="9" count="12" type="stmt"/>
        <line num="10" count="12" type="stmt"/>
        <line num="11" count="12" type="stmt"/>
        <line num="13" count="12" type="stmt"/>
        <line num="15" count="12" type="stmt"/>
        <line num="17" count="12" type="stmt"/>
        <line num="18" count="12" type="stmt"/>
        <line num="19" count="12" type="stmt"/>
        <line num="20" count="12" type="stmt"/>
        <line num="21" count="12" type="stmt"/>
        <line num="22" count="12" type="stmt"/>
        <line num="23" count="12" type="stmt"/>
        <line num="24" count="12" type="stmt"/>
        <line num="25" count="12" type="stmt"/>
        <line num="26" count="12" type="stmt"/>
        <line num="27" count="12" type="stmt"/>
        <line num="29" count="12" type="stmt"/>
      </file>
      <file name="onboarding.routes.ts" path="C:\Users\ACER\Desktop\DukeFarm\DukeFarm-Backend\src\routes\onboarding.routes.ts">
        <metrics statements="9" coveredstatements="9" conditionals="0" coveredconditionals="0" methods="0" coveredmethods="0"/>
        <line num="1" count="1" type="stmt"/>
        <line num="2" count="1" type="stmt"/>
        <line num="3" count="1" type="stmt"/>
        <line num="5" count="1" type="stmt"/>
        <line num="7" count="1" type="stmt"/>
        <line num="8" count="1" type="stmt"/>
        <line num="9" count="1" type="stmt"/>
        <line num="10" count="1" type="stmt"/>
        <line num="12" count="1" type="stmt"/>
      </file>
      <file name="pond.routes.ts" path="C:\Users\ACER\Desktop\DukeFarm\DukeFarm-Backend\src\routes\pond.routes.ts">
        <metrics statements="9" coveredstatements="9" conditionals="0" coveredconditionals="0" methods="0" coveredmethods="0"/>
        <line num="1" count="12" type="stmt"/>
        <line num="2" count="12" type="stmt"/>
        <line num="4" count="12" type="stmt"/>
        <line num="6" count="12" type="stmt"/>
        <line num="7" count="12" type="stmt"/>
        <line num="8" count="12" type="stmt"/>
        <line num="9" count="12" type="stmt"/>
        <line num="10" count="12" type="stmt"/>
        <line num="12" count="12" type="stmt"/>
      </file>
      <file name="record.routes.ts" path="C:\Users\ACER\Desktop\DukeFarm\DukeFarm-Backend\src\routes\record.routes.ts">
        <metrics statements="11" coveredstatements="11" conditionals="0" coveredconditionals="0" methods="0" coveredmethods="0"/>
        <line num="1" count="12" type="stmt"/>
        <line num="2" count="12" type="stmt"/>
        <line num="3" count="12" type="stmt"/>
        <line num="5" count="12" type="stmt"/>
        <line num="8" count="12" type="stmt"/>
        <line num="11" count="12" type="stmt"/>
        <line num="12" count="12" type="stmt"/>
        <line num="15" count="12" type="stmt"/>
        <line num="16" count="12" type="stmt"/>
        <line num="17" count="12" type="stmt"/>
        <line num="19" count="12" type="stmt"/>
      </file>
      <file name="register.routes.ts" path="C:\Users\ACER\Desktop\DukeFarm\DukeFarm-Backend\src\routes\register.routes.ts">
        <metrics statements="9" coveredstatements="9" conditionals="0" coveredconditionals="0" methods="0" coveredmethods="0"/>
        <line num="1" count="12" type="stmt"/>
        <line num="2" count="12" type="stmt"/>
        <line num="3" count="12" type="stmt"/>
        <line num="5" count="12" type="stmt"/>
        <line num="7" count="12" type="stmt"/>
        <line num="8" count="12" type="stmt"/>
        <line num="9" count="12" type="stmt"/>
        <line num="10" count="12" type="stmt"/>
        <line num="12" count="12" type="stmt"/>
      </file>
      <file name="researcher.routes.ts" path="C:\Users\ACER\Desktop\DukeFarm\DukeFarm-Backend\src\routes\researcher.routes.ts">
        <metrics statements="9" coveredstatements="9" conditionals="0" coveredconditionals="0" methods="0" coveredmethods="0"/>
        <line num="1" count="12" type="stmt"/>
        <line num="2" count="12" type="stmt"/>
        <line num="3" count="12" type="stmt"/>
        <line num="4" count="12" type="stmt"/>
        <line num="6" count="12" type="stmt"/>
        <line num="9" count="12" type="stmt"/>
        <line num="17" count="12" type="stmt"/>
        <line num="25" count="12" type="stmt"/>
        <line num="32" count="12" type="stmt"/>
      </file>
    </package>
    <package name="src.routes.v1">
      <metrics statements="29" coveredstatements="29" conditionals="0" coveredconditionals="0" methods="1" coveredmethods="1"/>
      <file name="farm.routes.ts" path="C:\Users\ACER\Desktop\DukeFarm\DukeFarm-Backend\src\routes\v1\farm.routes.ts">
        <metrics statements="7" coveredstatements="7" conditionals="0" coveredconditionals="0" methods="1" coveredmethods="1"/>
        <line num="1" count="1" type="stmt"/>
        <line num="2" count="1" type="stmt"/>
        <line num="3" count="1" type="stmt"/>
        <line num="5" count="1" type="stmt"/>
        <line num="7" count="1" type="stmt"/>
        <line num="12" count="1" type="stmt"/>
        <line num="16" count="1" type="stmt"/>
      </file>
      <file name="health.routes.ts" path="C:\Users\ACER\Desktop\DukeFarm\DukeFarm-Backend\src\routes\v1\health.routes.ts">
        <metrics statements="5" coveredstatements="5" conditionals="0" coveredconditionals="0" methods="0" coveredmethods="0"/>
        <line num="1" count="12" type="stmt"/>
        <line num="2" count="12" type="stmt"/>
        <line num="4" count="12" type="stmt"/>
        <line num="6" count="12" type="stmt"/>
        <line num="8" count="12" type="stmt"/>
      </file>
      <file name="index.ts" path="C:\Users\ACER\Desktop\DukeFarm\DukeFarm-Backend\src\routes\v1\index.ts">
        <metrics statements="7" coveredstatements="7" conditionals="0" coveredconditionals="0" methods="0" coveredmethods="0"/>
        <line num="1" count="12" type="stmt"/>
        <line num="2" count="12" type="stmt"/>
        <line num="3" count="12" type="stmt"/>
        <line num="5" count="12" type="stmt"/>
        <line num="7" count="12" type="stmt"/>
        <line num="8" count="12" type="stmt"/>
        <line num="10" count="12" type="stmt"/>
      </file>
      <file name="weather.routes.ts" path="C:\Users\ACER\Desktop\DukeFarm\DukeFarm-Backend\src\routes\v1\weather.routes.ts">
        <metrics statements="10" coveredstatements="10" conditionals="0" coveredconditionals="0" methods="0" coveredmethods="0"/>
        <line num="1" count="12" type="stmt"/>
        <line num="2" count="12" type="stmt"/>
        <line num="3" count="12" type="stmt"/>
        <line num="5" count="12" type="stmt"/>
        <line num="7" count="12" type="stmt"/>
        <line num="8" count="12" type="stmt"/>
        <line num="9" count="12" type="stmt"/>
        <line num="10" count="12" type="stmt"/>
        <line num="11" count="12" type="stmt"/>
        <line num="13" count="12" type="stmt"/>
      </file>
    </package>
    <package name="src.scripts">
      <metrics statements="41" coveredstatements="41" conditionals="2" coveredconditionals="2" methods="7" coveredmethods="7"/>
      <file name="check-admin-data.ts" path="C:\Users\ACER\Desktop\DukeFarm\DukeFarm-Backend\src\scripts\check-admin-data.ts">
        <metrics statements="22" coveredstatements="22" conditionals="2" coveredconditionals="2" methods="5" coveredmethods="5"/>
        <line num="2" count="3" type="stmt"/>
        <line num="4" count="3" type="stmt"/>
        <line num="7" count="3" type="stmt"/>
        <line num="9" count="3" type="stmt"/>
        <line num="11" count="3" type="stmt"/>
        <line num="21" count="2" type="stmt"/>
        <line num="23" count="2" type="stmt"/>
        <line num="27" count="2" type="stmt"/>
        <line num="29" count="2" type="stmt"/>
        <line num="33" count="3" type="cond" truecount="2" falsecount="0"/>
        <line num="34" count="2" type="stmt"/>
        <line num="36" count="2" type="stmt"/>
        <line num="40" count="2" type="stmt"/>
        <line num="42" count="2" type="stmt"/>
        <line num="46" count="2" type="stmt"/>
        <line num="48" count="2" type="stmt"/>
        <line num="49" count="2" type="stmt"/>
        <line num="51" count="2" type="stmt"/>
        <line num="55" count="2" type="stmt"/>
        <line num="58" count="3" type="stmt"/>
        <line num="59" count="1" type="stmt"/>
        <line num="61" count="3" type="stmt"/>
      </file>
      <file name="verify-disease.ts" path="C:\Users\ACER\Desktop\DukeFarm\DukeFarm-Backend\src\scripts\verify-disease.ts">
        <metrics statements="19" coveredstatements="19" conditionals="0" coveredconditionals="0" methods="2" coveredmethods="2"/>
        <line num="2" count="1" type="stmt"/>
        <line num="3" count="1" type="stmt"/>
        <line num="7" count="1" type="stmt"/>
        <line num="10" count="1" type="stmt"/>
        <line num="11" count="1" type="stmt"/>
        <line num="16" count="1" type="stmt"/>
        <line num="19" count="1" type="stmt"/>
        <line num="20" count="1" type="stmt"/>
        <line num="25" count="1" type="stmt"/>
        <line num="26" count="1" type="stmt"/>
        <line num="29" count="1" type="stmt"/>
        <line num="30" count="1" type="stmt"/>
        <line num="35" count="1" type="stmt"/>
        <line num="38" count="1" type="stmt"/>
        <line num="39" count="1" type="stmt"/>
        <line num="40" count="1" type="stmt"/>
        <line num="41" count="1" type="stmt"/>
        <line num="43" count="1" type="stmt"/>
        <line num="46" count="1" type="stmt"/>
      </file>
    </package>
    <package name="src.services">
      <metrics statements="1111" coveredstatements="1089" conditionals="908" coveredconditionals="774" methods="182" coveredmethods="179"/>
      <file name="access.service.ts" path="C:\Users\ACER\Desktop\DukeFarm\DukeFarm-Backend\src\services\access.service.ts">
        <metrics statements="20" coveredstatements="20" conditionals="12" coveredconditionals="11" methods="5" coveredmethods="5"/>
        <line num="2" count="1" type="stmt"/>
        <line num="3" count="1" type="stmt"/>
        <line num="5" count="8" type="cond" truecount="1" falsecount="1"/>
        <line num="7" count="5" type="stmt"/>
        <line num="9" count="1" type="stmt"/>
        <line num="14" count="5" type="cond" truecount="5" falsecount="0"/>
        <line num="15" count="3" type="stmt"/>
        <line num="18" count="2" type="stmt"/>
        <line num="21" count="1" type="stmt"/>
        <line num="26" count="7" type="stmt"/>
        <line num="31" count="7" type="cond" truecount="2" falsecount="0"/>
        <line num="32" count="2" type="stmt"/>
        <line num="35" count="5" type="stmt"/>
        <line num="36" count="3" type="stmt"/>
        <line num="41" count="1" type="stmt"/>
        <line num="46" count="4" type="stmt"/>
        <line num="54" count="4" type="cond" truecount="2" falsecount="0"/>
        <line num="55" count="2" type="stmt"/>
        <line num="61" count="2" type="stmt"/>
        <line num="64" count="1" type="stmt"/>
      </file>
      <file name="admin-dashboard.service.ts" path="C:\Users\ACER\Desktop\DukeFarm\DukeFarm-Backend\src\services\admin-dashboard.service.ts">
        <metrics statements="84" coveredstatements="81" conditionals="63" coveredconditionals="43" methods="24" coveredmethods="22"/>
        <line num="3" count="12" type="stmt"/>
        <line num="39" count="12" type="stmt"/>
        <line num="40" count="1" type="stmt"/>
        <line num="42" count="12" type="stmt"/>
        <line num="46" count="3" type="stmt"/>
        <line num="47" count="3" type="stmt"/>
        <line num="51" count="3" type="stmt"/>
        <line num="63" count="3" type="stmt"/>
        <line num="75" count="3" type="cond" truecount="2" falsecount="0"/>
        <line num="79" count="3" type="stmt"/>
        <line num="90" count="3" type="stmt"/>
        <line num="91" count="3" type="stmt"/>
        <line num="93" count="3" type="stmt"/>
        <line num="94" count="2" type="stmt"/>
        <line num="101" count="3" type="cond" truecount="1" falsecount="1"/>
        <line num="105" count="3" type="stmt"/>
        <line num="113" count="3" type="cond" truecount="2" falsecount="0"/>
        <line num="119" count="3" type="stmt"/>
        <line num="128" count="3" type="stmt"/>
        <line num="129" count="3" type="stmt"/>
        <line num="131" count="36" type="stmt"/>
        <line num="133" count="3" type="stmt"/>
        <line num="134" count="1" type="stmt"/>
        <line num="135" count="1" type="cond" truecount="3" falsecount="1"/>
        <line num="138" count="36" type="stmt"/>
        <line num="145" count="3" type="stmt"/>
        <line num="146" count="36" type="stmt"/>
        <line num="152" count="3" type="stmt"/>
        <line num="167" count="3" type="stmt"/>
        <line num="168" count="3" type="stmt"/>
        <line num="169" count="2" type="cond" truecount="1" falsecount="1"/>
        <line num="170" count="2" type="stmt"/>
        <line num="174" count="3" type="stmt"/>
        <line num="175" count="36" type="stmt"/>
        <line num="176" count="36" type="stmt"/>
        <line num="177" count="36" type="stmt"/>
        <line num="179" count="36" type="stmt"/>
        <line num="181" count="24" type="stmt"/>
        <line num="182" count="24" type="cond" truecount="2" falsecount="0"/>
        <line num="183" count="22" type="stmt"/>
        <line num="186" count="22" type="stmt"/>
        <line num="187" count="22" type="cond" truecount="2" falsecount="0"/>
        <line num="188" count="22" type="cond" truecount="1" falsecount="1"/>
        <line num="191" count="22" type="cond" truecount="4" falsecount="1"/>
        <line num="192" count="22" type="stmt"/>
        <line num="194" count="22" type="stmt"/>
        <line num="195" count="22" type="stmt"/>
        <line num="196" count="22" type="stmt"/>
        <line num="201" count="36" type="cond" truecount="2" falsecount="0"/>
        <line num="202" count="22" type="stmt"/>
        <line num="206" count="3" type="stmt"/>
        <line num="207" count="36" type="stmt"/>
        <line num="208" count="36" type="stmt"/>
        <line num="218" count="3" type="stmt"/>
        <line num="220" count="3" type="stmt"/>
        <line num="221" count="2" type="stmt"/>
        <line num="227" count="2" type="cond" truecount="1" falsecount="1"/>
        <line num="229" count="2" type="cond" truecount="2" falsecount="0"/>
        <line num="230" count="2" type="cond" truecount="1" falsecount="1"/>
        <line num="232" count="2" type="stmt"/>
        <line num="233" count="2" type="cond" truecount="1" falsecount="1"/>
        <line num="235" count="2" type="stmt"/>
        <line num="236" count="2" type="cond" truecount="1" falsecount="1"/>
        <line num="243" count="2" type="stmt"/>
        <line num="244" count="2" type="cond" truecount="2" falsecount="0"/>
        <line num="246" count="2" type="stmt"/>
        <line num="267" count="3" type="stmt"/>
        <line num="269" count="0" type="cond" truecount="0" falsecount="2"/>
        <line num="270" count="0" type="cond" truecount="0" falsecount="2"/>
        <line num="271" count="0" type="stmt"/>
        <line num="274" count="3" type="stmt"/>
        <line num="279" count="3" type="stmt"/>
        <line num="283" count="3" type="stmt"/>
        <line num="285" count="3" type="stmt"/>
        <line num="286" count="2" type="stmt"/>
        <line num="290" count="2" type="cond" truecount="1" falsecount="1"/>
        <line num="291" count="2" type="stmt"/>
        <line num="292" count="2" type="cond" truecount="2" falsecount="0"/>
        <line num="293" count="2" type="stmt"/>
        <line num="298" count="2" type="stmt"/>
        <line num="313" count="3" type="cond" truecount="0" falsecount="4"/>
        <line num="314" count="3" type="stmt"/>
        <line num="317" count="3" type="stmt"/>
        <line num="331" count="12" type="stmt"/>
      </file>
      <file name="dashboard.service.ts" path="C:\Users\ACER\Desktop\DukeFarm\DukeFarm-Backend\src\services\dashboard.service.ts">
        <metrics statements="27" coveredstatements="27" conditionals="14" coveredconditionals="14" methods="3" coveredmethods="3"/>
        <line num="1" count="12" type="stmt"/>
        <line num="2" count="12" type="stmt"/>
        <line num="3" count="12" type="stmt"/>
        <line num="4" count="12" type="stmt"/>
        <line num="5" count="12" type="stmt"/>
        <line num="6" count="12" type="stmt"/>
        <line num="10" count="12" type="stmt"/>
        <line num="12" count="12" type="stmt"/>
        <line num="14" count="8" type="cond" truecount="2" falsecount="0"/>
        <line num="15" count="3" type="cond" truecount="2" falsecount="0"/>
        <line num="17" count="5" type="stmt"/>
        <line num="18" count="3" type="cond" truecount="2" falsecount="0"/>
        <line num="20" count="2" type="stmt"/>
        <line num="24" count="5" type="stmt"/>
        <line num="25" count="5" type="cond" truecount="4" falsecount="0"/>
        <line num="27" count="2" type="stmt"/>
        <line num="29" count="1" type="stmt"/>
        <line num="31" count="1" type="stmt"/>
        <line num="33" count="1" type="stmt"/>
        <line num="37" count="12" type="stmt"/>
        <line num="38" count="9" type="cond" truecount="2" falsecount="0"/>
        <line num="39" count="2" type="stmt"/>
        <line num="42" count="7" type="stmt"/>
        <line num="43" count="7" type="cond" truecount="2" falsecount="0"/>
        <line num="44" count="6" type="stmt"/>
        <line num="47" count="1" type="stmt"/>
        <line num="50" count="12" type="stmt"/>
      </file>
      <file name="disease-analyzer.service.ts" path="C:\Users\ACER\Desktop\DukeFarm\DukeFarm-Backend\src\services\disease-analyzer.service.ts">
        <metrics statements="66" coveredstatements="66" conditionals="41" coveredconditionals="30" methods="24" coveredmethods="24"/>
        <line num="1" count="12" type="stmt"/>
        <line num="2" count="12" type="stmt"/>
        <line num="20" count="12" type="stmt"/>
        <line num="21" count="1" type="stmt"/>
        <line num="27" count="12" type="stmt"/>
        <line num="29" count="7" type="stmt"/>
        <line num="31" count="7" type="cond" truecount="2" falsecount="0"/>
        <line num="32" count="1" type="stmt"/>
        <line num="39" count="1" type="stmt"/>
        <line num="42" count="7" type="stmt"/>
        <line num="50" count="7" type="stmt"/>
        <line num="55" count="20" type="stmt"/>
        <line num="61" count="30" type="stmt"/>
        <line num="66" count="30" type="stmt"/>
        <line num="71" count="7" type="stmt"/>
        <line num="81" count="7" type="stmt"/>
        <line num="84" count="20" type="stmt"/>
        <line num="88" count="7" type="stmt"/>
        <line num="95" count="7" type="cond" truecount="1" falsecount="1"/>
        <line num="99" count="12" type="stmt"/>
        <line num="101" count="7" type="stmt"/>
        <line num="102" count="12" type="stmt"/>
        <line num="103" count="12" type="stmt"/>
        <line num="106" count="17" type="cond" truecount="3" falsecount="1"/>
        <line num="107" count="17" type="stmt"/>
        <line num="108" count="17" type="stmt"/>
        <line num="111" count="17" type="stmt"/>
        <line num="114" count="17" type="cond" truecount="1" falsecount="1"/>
        <line num="115" count="17" type="stmt"/>
        <line num="123" count="7" type="stmt"/>
        <line num="125" count="20" type="stmt"/>
        <line num="126" count="20" type="stmt"/>
        <line num="135" count="20" type="stmt"/>
        <line num="136" count="9" type="stmt"/>
        <line num="138" count="10" type="stmt"/>
        <line num="147" count="7" type="cond" truecount="2" falsecount="0"/>
        <line num="148" count="6" type="stmt"/>
        <line num="150" count="10" type="stmt"/>
        <line num="162" count="7" type="stmt"/>
        <line num="172" count="2" type="stmt"/>
        <line num="195" count="4" type="stmt"/>
        <line num="197" count="4" type="stmt"/>
        <line num="199" count="4" type="cond" truecount="2" falsecount="0"/>
        <line num="200" count="1" type="stmt"/>
        <line num="203" count="4" type="cond" truecount="2" falsecount="0"/>
        <line num="204" count="1" type="stmt"/>
        <line num="205" count="1" type="stmt"/>
        <line num="212" count="4" type="stmt"/>
        <line num="225" count="4" type="stmt"/>
        <line num="237" count="1" type="stmt"/>
        <line num="248" count="1" type="stmt"/>
        <line num="268" count="2" type="stmt"/>
        <line num="270" count="2" type="stmt"/>
        <line num="274" count="1" type="stmt"/>
        <line num="295" count="2" type="stmt"/>
        <line num="298" count="2" type="cond" truecount="2" falsecount="0"/>
        <line num="299" count="1" type="stmt"/>
        <line num="302" count="2" type="stmt"/>
        <line num="307" count="1" type="stmt"/>
        <line num="316" count="1" type="stmt"/>
        <line num="330" count="2" type="stmt"/>
        <line num="332" count="2" type="stmt"/>
        <line num="333" count="2" type="cond" truecount="2" falsecount="0"/>
        <line num="334" count="1" type="stmt"/>
        <line num="340" count="2" type="stmt"/>
        <line num="357" count="2" type="stmt"/>
      </file>
      <file name="farm-data-entry.service.ts" path="C:\Users\ACER\Desktop\DukeFarm\DukeFarm-Backend\src\services\farm-data-entry.service.ts">
        <metrics statements="93" coveredstatements="93" conditionals="131" coveredconditionals="100" methods="10" coveredmethods="10"/>
        <line num="1" count="12" type="stmt"/>
        <line num="2" count="12" type="stmt"/>
        <line num="3" count="12" type="stmt"/>
        <line num="4" count="12" type="stmt"/>
        <line num="5" count="12" type="stmt"/>
        <line num="6" count="12" type="stmt"/>
        <line num="56" count="12" type="stmt"/>
        <line num="59" count="3" type="stmt"/>
        <line num="64" count="3" type="stmt"/>
        <line num="70" count="3" type="cond" truecount="4" falsecount="0"/>
        <line num="71" count="1" type="stmt"/>
        <line num="77" count="2" type="stmt"/>
        <line num="78" count="2" type="stmt"/>
        <line num="83" count="1" type="stmt"/>
        <line num="95" count="1" type="stmt"/>
        <line num="100" count="1" type="stmt"/>
        <line num="107" count="12" type="stmt"/>
        <line num="108" count="3" type="stmt"/>
        <line num="110" count="3" type="stmt"/>
[...]
        <line num="162" count="2" type="stmt"/>
        <line num="163" count="2" type="stmt"/>
        <line num="164" count="3" type="cond" truecount="4" falsecount="0"/>
        <line num="165" count="1" type="stmt"/>
        <line num="166" count="1" type="stmt"/>
        <line num="174" count="3" type="stmt"/>
        <line num="175" count="2" type="cond" truecount="4" falsecount="0"/>
        <line num="176" count="1" type="stmt"/>
        <line num="180" count="2" type="stmt"/>
        <line num="181" count="2" type="cond" truecount="1" falsecount="1"/>
        <line num="182" count="2" type="stmt"/>
        <line num="185" count="0" type="stmt"/>
        <line num="188" count="2" type="cond" truecount="1" falsecount="1"/>
        <line num="192" count="2" type="stmt"/>
        <line num="194" count="2" type="stmt"/>
        <line num="196" count="3" type="cond" truecount="2" falsecount="0"/>
        <line num="198" count="3" type="cond" truecount="1" falsecount="1"/>
        <line num="200" count="3" type="stmt"/>
        <line num="201" count="3" type="stmt"/>
        <line num="207" count="2" type="stmt"/>
        <line num="216" count="12" type="stmt"/>
        <line num="217" count="4" type="stmt"/>
        <line num="235" count="4" type="cond" truecount="4" falsecount="0"/>
        <line num="236" count="1" type="stmt"/>
        <line num="268" count="3" type="stmt"/>
        <line num="269" count="3" type="stmt"/>
        <line num="270" count="3" type="stmt"/>
        <line num="272" count="3" type="cond" truecount="4" falsecount="0"/>
        <line num="273" count="2" type="stmt"/>
        <line num="274" count="2" type="stmt"/>
        <line num="290" count="1" type="stmt"/>
        <line num="296" count="3" type="cond" truecount="2" falsecount="0"/>
        <line num="298" count="3" type="stmt"/>
        <line num="299" count="3" type="stmt"/>
        <line num="301" count="3" type="cond" truecount="2" falsecount="0"/>
        <line num="303" count="1" type="cond" truecount="1" falsecount="1"/>
        <line num="304" count="0" type="stmt"/>
        <line num="305" count="1" type="cond" truecount="1" falsecount="1"/>
        <line num="306" count="0" type="stmt"/>
        <line num="308" count="1" type="stmt"/>
        <line num="312" count="1" type="stmt"/>
        <line num="317" count="1" type="stmt"/>
        <line num="320" count="3" type="stmt"/>
        <line num="322" count="3" type="stmt"/>
        <line num="330" count="3" type="stmt"/>
        <line num="331" count="2" type="stmt"/>
        <line num="332" count="2" type="cond" truecount="2" falsecount="0"/>
        <line num="333" count="1" type="stmt"/>
        <line num="336" count="1" type="stmt"/>
        <line num="342" count="1" type="stmt"/>
        <line num="355" count="3" type="cond" truecount="2" falsecount="0"/>
        <line num="356" count="3" type="stmt"/>
        <line num="358" count="3" type="stmt"/>
        <line num="359" count="3" type="stmt"/>
        <line num="361" count="3" type="stmt"/>
        <line num="386" count="12" type="stmt"/>
      </file>
      <file name="onboarding.service.ts" path="C:\Users\ACER\Desktop\DukeFarm\DukeFarm-Backend\src\services\onboarding.service.ts">
        <metrics statements="49" coveredstatements="48" conditionals="12" coveredconditionals="10" methods="11" coveredmethods="11"/>
        <line num="1" count="12" type="stmt"/>
        <line num="10" count="12" type="stmt"/>
        <line num="11" count="12" type="stmt"/>
        <line num="13" count="12" type="stmt"/>
        <line num="61" count="12" type="stmt"/>
        <line num="62" count="3" type="cond" truecount="2" falsecount="0"/>
        <line num="63" count="1" type="stmt"/>
        <line num="66" count="2" type="stmt"/>
        <line num="67" count="2" type="stmt"/>
        <line num="76" count="2" type="cond" truecount="2" falsecount="0"/>
        <line num="77" count="1" type="stmt"/>
        <line num="79" count="1" type="stmt"/>
        <line num="82" count="2" type="stmt"/>
        <line num="85" count="2" type="stmt"/>
        <line num="88" count="12" type="stmt"/>
        <line num="93" count="2" type="stmt"/>
        <line num="94" count="2" type="cond" truecount="1" falsecount="1"/>
        <line num="95" count="0" type="stmt"/>
        <line num="98" count="2" type="stmt"/>
        <line num="99" count="2" type="stmt"/>
        <line num="100" count="2" type="stmt"/>
        <line num="101" count="1" type="stmt"/>
        <line num="103" count="2" type="cond" truecount="2" falsecount="0"/>
        <line num="104" count="1" type="stmt"/>
        <line num="107" count="2" type="stmt"/>
        <line num="109" count="2" type="stmt"/>
        <line num="125" count="2" type="stmt"/>
        <line num="128" count="12" type="stmt"/>
        <line num="132" count="2" type="cond" truecount="2" falsecount="0"/>
        <line num="133" count="2" type="cond" truecount="1" falsecount="1"/>
        <line num="134" count="2" type="stmt"/>
        <line num="146" count="2" type="stmt"/>
        <line num="147" count="2" type="stmt"/>
        <line num="161" count="2" type="stmt"/>
        <line num="162" count="2" type="stmt"/>
        <line num="164" count="1" type="stmt"/>
        <line num="178" count="2" type="stmt"/>
        <line num="179" count="2" type="stmt"/>
        <line num="181" count="2" type="stmt"/>
        <line num="190" count="2" type="stmt"/>
        <line num="193" count="2" type="stmt"/>
        <line num="196" count="12" type="stmt"/>
        <line num="200" count="1" type="stmt"/>
        <line num="201" count="1" type="stmt"/>
        <line num="210" count="1" type="stmt"/>
        <line num="212" count="1" type="stmt"/>
        <line num="221" count="1" type="stmt"/>
        <line num="224" count="1" type="stmt"/>
        <line num="227" count="12" type="stmt"/>
      </file>
      <file name="pond.service.ts" path="C:\Users\ACER\Desktop\DukeFarm\DukeFarm-Backend\src\services\pond.service.ts">
        <metrics statements="16" coveredstatements="16" conditionals="6" coveredconditionals="4" methods="5" coveredmethods="5"/>
        <line num="1" count="13" type="stmt"/>
        <line num="2" count="13" type="stmt"/>
        <line num="4" count="13" type="stmt"/>
        <line num="6" count="13" type="stmt"/>
        <line num="11" count="4" type="stmt"/>
        <line num="25" count="4" type="stmt"/>
        <line num="32" count="2" type="stmt"/>
        <line num="33" count="2" type="cond" truecount="2" falsecount="0"/>
        <line num="34" count="1" type="stmt"/>
        <line num="40" count="1" type="stmt"/>
        <line num="53" count="1" type="stmt"/>
        <line num="73" count="1" type="stmt"/>
        <line num="84" count="1" type="stmt"/>
        <line num="85" count="1" type="cond" truecount="1" falsecount="1"/>
        <line num="86" count="1" type="stmt"/>
        <line num="96" count="1" type="stmt"/>
      </file>
      <file name="researcher.service.ts" path="C:\Users\ACER\Desktop\DukeFarm\DukeFarm-Backend\src\services\researcher.service.ts">
        <metrics statements="23" coveredstatements="23" conditionals="36" coveredconditionals="36" methods="5" coveredmethods="5"/>
        <line num="1" count="12" type="stmt"/>
        <line num="85" count="12" type="stmt"/>
        <line num="86" count="2" type="stmt"/>
        <line num="87" count="2" type="stmt"/>
        <line num="89" count="2" type="stmt"/>
        <line num="112" count="3" type="stmt"/>
        <line num="124" count="2" type="stmt"/>
        <line num="126" count="2" type="stmt"/>
        <line num="137" count="12" type="stmt"/>
        <line num="141" count="2" type="stmt"/>
        <line num="142" count="2" type="stmt"/>
        <line num="145" count="2" type="stmt"/>
        <line num="166" count="2" type="stmt"/>
        <line num="170" count="2" type="stmt"/>
        <line num="182" count="2" type="stmt"/>
        <line num="184" count="2" type="stmt"/>
        <line num="195" count="12" type="stmt"/>
        <line num="196" count="3" type="stmt"/>
        <line num="203" count="3" type="cond" truecount="2" falsecount="0"/>
        <line num="204" count="1" type="stmt"/>
        <line num="208" count="2" type="cond" truecount="2" falsecount="0"/>
        <line num="210" count="2" type="stmt"/>
        <line num="247" count="12" type="stmt"/>
      </file>
      <file name="weather.service.ts" path="C:\Users\ACER\Desktop\DukeFarm\DukeFarm-Backend\src\services\weather.service.ts">
        <metrics statements="103" coveredstatements="103" conditionals="112" coveredconditionals="97" methods="11" coveredmethods="11"/>
        <line num="1" count="12" type="stmt"/>
        <line num="2" count="12" type="stmt"/>
        <line num="5" count="12" type="stmt"/>
        <line num="6" count="12" type="stmt"/>
        <line num="13" count="12" type="stmt"/>
        <line num="15" count="12" type="cond" truecount="1" falsecount="0"/>
        <line num="16" count="25" type="stmt"/>
        <line num="17" count="25" type="cond" truecount="2" falsecount="0"/>
        <line num="20" count="12" type="stmt"/>
        <line num="21" count="25" type="stmt"/>
        <line num="22" count="25" type="cond" truecount="2" falsecount="0"/>
        <line num="23" count="21" type="stmt"/>
        <line num="25" count="4" type="cond" truecount="2" falsecount="0"/>
        <line num="26" count="1" type="stmt"/>
        <line num="27" count="1" type="stmt"/>
        <line num="29" count="3" type="stmt"/>
        <line num="32" count="12" type="stmt"/>
        <line num="33" count="12" type="stmt"/>
        <line num="77" count="12" type="stmt"/>
        <line num="78" count="14" type="stmt"/>
        <line num="105" count="14" type="cond" truecount="2" falsecount="0"/>
        <line num="111" count="12" type="stmt"/>
        <line num="112" count="3" type="stmt"/>
        <line num="138" count="3" type="cond" truecount="2" falsecount="0"/>
        <line num="141" count="12" type="stmt"/>
        <line num="142" count="11" type="stmt"/>
        <line num="143" count="11" type="stmt"/>
        <line num="144" count="11" type="cond" truecount="2" falsecount="0"/>
        <line num="145" count="1" type="stmt"/>
        <line num="147" count="10" type="stmt"/>
        <line num="148" count="10" type="stmt"/>
        <line num="157" count="7" type="stmt"/>
        <line num="159" count="7" type="cond" truecount="2" falsecount="0"/>
        <line num="160" count="1" type="stmt"/>
        <line num="163" count="6" type="cond" truecount="1" falsecount="1"/>
        <line num="164" count="6" type="stmt"/>
        <line num="165" count="6" type="cond" truecount="2" falsecount="0"/>
        <line num="167" count="6" type="stmt"/>
        <line num="176" count="6" type="stmt"/>
        <line num="177" count="6" type="stmt"/>
        <line num="179" count="4" type="cond" truecount="2" falsecount="0"/>
        <line num="180" count="2" type="cond" truecount="1" falsecount="1"/>
        <line num="182" count="2" type="cond" truecount="2" falsecount="0"/>
        <line num="186" count="2" type="cond" truecount="1" falsecount="1"/>
        <line num="188" count="2" type="stmt"/>
        <line num="195" count="12" type="cond" truecount="1" falsecount="0"/>
        <line num="196" count="7" type="stmt"/>
        <line num="197" count="7" type="stmt"/>
        <line num="198" count="7" type="cond" truecount="2" falsecount="0"/>
        <line num="199" count="1" type="stmt"/>
        <line num="201" count="6" type="stmt"/>
        <line num="202" count="6" type="stmt"/>
        <line num="213" count="4" type="stmt"/>
        <line num="214" count="4" type="cond" truecount="4" falsecount="0"/>
        <line num="215" count="1" type="stmt"/>
        <line num="218" count="3" type="stmt"/>
        <line num="219" count="5" type="cond" truecount="2" falsecount="1"/>
        <line num="220" count="5" type="cond" truecount="1" falsecount="1"/>
        <line num="221" count="5" type="stmt"/>
        <line num="222" count="5" type="cond" truecount="2" falsecount="0"/>
        <line num="224" count="5" type="cond" truecount="1" falsecount="1"/>
        <line num="225" count="5" type="cond" truecount="1" falsecount="1"/>
        <line num="226" count="5" type="stmt"/>
        <line num="228" count="5" type="stmt"/>
        <line num="238" count="3" type="stmt"/>
        <line num="239" count="3" type="stmt"/>
        <line num="241" count="3" type="cond" truecount="2" falsecount="0"/>
        <line num="242" count="1" type="cond" truecount="2" falsecount="0"/>
        <line num="244" count="1" type="cond" truecount="1" falsecount="1"/>
        <line num="248" count="1" type="cond" truecount="1" falsecount="1"/>
        <line num="250" count="2" type="stmt"/>
        <line num="257" count="12" type="cond" truecount="1" falsecount="0"/>
        <line num="258" count="7" type="stmt"/>
        <line num="259" count="7" type="stmt"/>
        <line num="260" count="7" type="cond" truecount="2" falsecount="0"/>
        <line num="261" count="1" type="stmt"/>
        <line num="263" count="6" type="stmt"/>
        <line num="264" count="6" type="stmt"/>
        <line num="274" count="4" type="stmt"/>
        <line num="275" count="4" type="cond" truecount="4" falsecount="0"/>
        <line num="276" count="1" type="stmt"/>
        <line num="279" count="3" type="stmt"/>
        <line num="280" count="3" type="cond" truecount="1" falsecount="1"/>
        <line num="281" count="3" type="stmt"/>
        <line num="282" count="3" type="cond" truecount="2" falsecount="0"/>
        <line num="284" count="3" type="stmt"/>
        <line num="293" count="3" type="stmt"/>
        <line num="294" count="3" type="stmt"/>
        <line num="296" count="3" type="cond" truecount="2" falsecount="0"/>
        <line num="297" count="1" type="cond" truecount="1" falsecount="1"/>
        <line num="299" count="1" type="cond" truecount="1" falsecount="1"/>
        <line num="303" count="1" type="cond" truecount="2" falsecount="0"/>
        <line num="305" count="2" type="stmt"/>
        <line num="312" count="12" type="stmt"/>
        <line num="313" count="5" type="stmt"/>
        <line num="314" count="5" type="stmt"/>
        <line num="326" count="4" type="cond" truecount="2" falsecount="0"/>
        <line num="327" count="4" type="cond" truecount="4" falsecount="0"/>
        <line num="328" count="4" type="cond" truecount="3" falsecount="0"/>
        <line num="329" count="4" type="cond" truecount="2" falsecount="0"/>
        <line num="331" count="4" type="stmt"/>
        <line num="339" count="1" type="stmt"/>
        <line num="348" count="12" type="stmt"/>
      </file>
    </package>
    <package name="src.utils">
      <metrics statements="73" coveredstatements="72" conditionals="30" coveredconditionals="29" methods="17" coveredmethods="17"/>
      <file name="httpError.ts" path="C:\Users\ACER\Desktop\DukeFarm\DukeFarm-Backend\src\utils\httpError.ts">
        <metrics statements="7" coveredstatements="7" conditionals="0" coveredconditionals="0" methods="2" coveredmethods="2"/>
        <line num="1" count="20" type="stmt"/>
        <line num="6" count="65" type="stmt"/>
        <line num="7" count="65" type="stmt"/>
        <line num="8" count="65" type="stmt"/>
        <line num="9" count="65" type="stmt"/>
        <line num="13" count="20" type="stmt"/>
        <line num="14" count="57" type="stmt"/>
      </file>
      <file name="jwt.ts" path="C:\Users\ACER\Desktop\DukeFarm\DukeFarm-Backend\src\utils\jwt.ts">
        <metrics statements="8" coveredstatements="8" conditionals="0" coveredconditionals="0" methods="2" coveredmethods="2"/>
        <line num="1" count="15" type="stmt"/>
        <line num="2" count="15" type="stmt"/>
        <line num="13" count="15" type="stmt"/>
        <line num="18" count="15" type="stmt"/>
        <line num="19" count="26" type="stmt"/>
        <line num="21" count="15" type="stmt"/>
        <line num="22" count="77" type="stmt"/>
        <line num="24" count="15" type="stmt"/>
      </file>
      <file name="lineApi.ts" path="C:\Users\ACER\Desktop\DukeFarm\DukeFarm-Backend\src\utils\lineApi.ts">
        <metrics statements="12" coveredstatements="12" conditionals="0" coveredconditionals="0" methods="2" coveredmethods="2"/>
        <line num="1" count="12" type="stmt"/>
        <line num="2" count="12" type="stmt"/>
        <line num="4" count="12" type="stmt"/>
        <line num="5" count="12" type="stmt"/>
        <line num="22" count="12" type="stmt"/>
        <line num="23" count="1" type="stmt"/>
        <line num="31" count="1" type="stmt"/>
        <line num="35" count="1" type="stmt"/>
        <line num="38" count="12" type="stmt"/>
        <line num="39" count="1" type="stmt"/>
        <line num="43" count="1" type="stmt"/>
        <line num="46" count="12" type="stmt"/>
      </file>
      <file name="logger.ts" path="C:\Users\ACER\Desktop\DukeFarm\DukeFarm-Backend\src\utils\logger.ts">
        <metrics statements="31" coveredstatements="30" conditionals="17" coveredconditionals="16" methods="9" coveredmethods="9"/>
        <line num="3" count="1" type="stmt"/>
        <line num="4" count="10" type="cond" truecount="2" falsecount="0"/>
        <line num="5" count="1" type="stmt"/>
        <line num="12" count="9" type="cond" truecount="2" falsecount="0"/>
        <line num="13" count="1" type="stmt"/>
        <line num="16" count="8" type="cond" truecount="4" falsecount="0"/>
        <line num="17" count="2" type="stmt"/>
        <line num="18" count="2" type="stmt"/>
        <line num="25" count="6" type="stmt"/>
        <line num="28" count="1" type="stmt"/>
        <line num="29" count="10" type="cond" truecount="2" falsecount="0"/>
        <line num="30" count="6" type="stmt"/>
        <line num="33" count="4" type="stmt"/>
        <line num="34" count="5" type="stmt"/>
        <line num="38" count="1" type="stmt"/>
        <line num="39" count="10" type="stmt"/>
        <line num="46" count="10" type="stmt"/>
        <line num="48" count="10" type="cond" truecount="4" falsecount="1"/>
        <line num="51" count="7" type="stmt"/>
        <line num="52" count="7" type="stmt"/>
        <line num="54" count="1" type="stmt"/>
        <line num="55" count="1" type="stmt"/>
        <line num="57" count="2" type="stmt"/>
        <line num="58" count="2" type="stmt"/>
        <line num="60" count="0" type="stmt"/>
        <line num="64" count="1" type="stmt"/>
        <line num="65" count="6" type="stmt"/>
        <line num="66" count="1" type="stmt"/>
        <line num="67" count="2" type="stmt"/>
        <line num="68" count="1" type="stmt"/>
        <line num="71" count="1" type="stmt"/>
      </file>
      <file name="number.ts" path="C:\Users\ACER\Desktop\DukeFarm\DukeFarm-Backend\src\utils\number.ts">
        <metrics statements="15" coveredstatements="15" conditionals="13" coveredconditionals="13" methods="2" coveredmethods="2"/>
        <line num="1" count="15" type="stmt"/>
        <line num="3" count="15" type="stmt"/>
        <line num="4" count="20" type="cond" truecount="5" falsecount="0"/>
        <line num="5" count="5" type="stmt"/>
        <line num="8" count="15" type="stmt"/>
        <line num="9" count="15" type="cond" truecount="2" falsecount="0"/>
        <line num="10" count="4" type="stmt"/>
        <line num="13" count="11" type="stmt"/>
        <line num="16" count="15" type="stmt"/>
        <line num="17" count="21" type="cond" truecount="4" falsecount="0"/>
        <line num="18" count="14" type="stmt"/>
        <line num="21" count="7" type="stmt"/>
        <line num="22" count="7" type="cond" truecount="2" falsecount="0"/>
        <line num="23" count="2" type="stmt"/>
        <line num="26" count="5" type="stmt"/>
      </file>
    </package>
  </project>
</coverage>
