{"C:\\Users\\ACER\\Desktop\\DukeFarm\\DukeFarm-Backend\\src\\app.ts": {"path":"C:\\Users\\ACER\\Desktop\\DukeFarm\\DukeFarm-Backend\\src\\app.ts","statementMap":{"0":{"start":{"line":1,"column":0},"end":{"line":1,"column":30}},"1":{"start":{"line":2,"column":0},"end":{"line":2,"column":24}},"2":{"start":{"line":3,"column":0},"end":{"line":3,"column":24}},"3":{"start":{"line":4,"column":0},"end":{"line":4,"column":34}},"4":{"start":{"line":5,"column":0},"end":{"line":5,"column":58}},"5":{"start":{"line":7,"column":18},"end":{"line":30,"column":1}},"6":{"start":{"line":8,"column":14},"end":{"line":8,"column":23}},"7":{"start":{"line":10,"column":2},"end":{"line":10,"column":18}},"8":{"start":{"line":11,"column":2},"end":{"line":11,"column":26}},"9":{"start":{"line":12,"column":2},"end":{"line":12,"column":50}},"10":{"start":{"line":14,"column":22},"end":{"line":14,"column":57}},"11":{"start":{"line":15,"column":2},"end":{"line":15,"column":51}},"12":{"start":{"line":17,"column":2},"end":{"line":19,"column":5}},"13":{"start":{"line":18,"column":4},"end":{"line":18,"column":31}},"14":{"start":{"line":21,"column":2},"end":{"line":21,"column":26}},"15":{"start":{"line":23,"column":2},"end":{"line":25,"column":5}},"16":{"start":{"line":24,"column":4},"end":{"line":24,"column":51}},"17":{"start":{"line":27,"column":2},"end":{"line":27,"column":24}},"18":{"start":{"line":29,"column":2},"end":{"line":29,"column":13}},"19":{"start":{"line":32,"column":9},"end":{"line":32,"column":18}}},"fnMap":{"0":{"name":"(anonymous_1)","decl":{"start":{"line":7,"column":18},"end":{"line":7,"column":21}},"loc":{"start":{"line":7,"column":23},"end":{"line":30,"column":1}}},"1":{"name":"(anonymous_2)","decl":{"start":{"line":17,"column":22},"end":{"line":17,"column":23}},"loc":{"start":{"line":17,"column":36},"end":{"line":19,"column":3}}},"2":{"name":"(anonymous_3)","decl":{"start":{"line":23,"column":10},"end":{"line":23,"column":11}},"loc":{"start":{"line":23,"column":24},"end":{"line":25,"column":3}}}},"branchMap":{},"s":{"0":12,"1":12,"2":12,"3":12,"4":12,"5":12,"6":12,"7":12,"8":12,"9":12,"10":12,"11":12,"12":12,"13":1,"14":12,"15":12,"16":2,"17":12,"18":12,"19":12},"f":{"0":12,"1":1,"2":2},"b":{}}
,"C:\\Users\\ACER\\Desktop\\DukeFarm\\DukeFarm-Backend\\src\\clients\\prisma.ts": {"path":"C:\\Users\\ACER\\Desktop\\DukeFarm\\DukeFarm-Backend\\src\\clients\\prisma.ts","statementMap":{"0":{"start":{"line":1,"column":0},"end":{"line":1,"column":46}},"1":{"start":{"line":2,"column":0},"end":{"line":2,"column":41}},"2":{"start":{"line":4,"column":15},"end":{"line":6,"column":2}},"3":{"start":{"line":22,"column":9},"end":{"line":22,"column":15}},"4":{"start":{"line":8,"column":16},"end":{"line":16,"column":1}},"5":{"start":{"line":9,"column":2},"end":{"line":15,"column":3}},"6":{"start":{"line":10,"column":4},"end":{"line":10,"column":28}},"7":{"start":{"line":11,"column":4},"end":{"line":11,"column":43}},"8":{"start":{"line":13,"column":4},"end":{"line":13,"column":63}},"9":{"start":{"line":14,"column":4},"end":{"line":14,"column":16}},"10":{"start":{"line":18,"column":0},"end":{"line":20,"column":1}},"11":{"start":{"line":19,"column":2},"end":{"line":19,"column":12}}},"fnMap":{"0":{"name":"(anonymous_0)","decl":{"start":{"line":8,"column":16},"end":{"line":8,"column":21}},"loc":{"start":{"line":8,"column":27},"end":{"line":16,"column":1}}}},"branchMap":{"0":{"loc":{"start":{"line":18,"column":0},"end":{"line":20,"column":1}},"type":"if","locations":[{"start":{"line":18,"column":0},"end":{"line":20,"column":1}},{"start":{},"end":{}}]}},"s":{"0":9,"1":9,"2":9,"3":9,"4":9,"5":1,"6":1,"7":1,"8":0,"9":0,"10":9,"11":1},"f":{"0":1},"b":{"0":[1,8]}}
,"C:\\Users\\ACER\\Desktop\\DukeFarm\\DukeFarm-Backend\\src\\config\\env.ts": {"path":"C:\\Users\\ACER\\Desktop\\DukeFarm\\DukeFarm-Backend\\src\\config\\env.ts","statementMap":{"0":{"start":{"line":1,"column":0},"end":{"line":1,"column":28}},"1":{"start":{"line":3,"column":0},"end":{"line":3,"column":16}},"2":{"start":{"line":19,"column":70},"end":{"line":27,"column":2}},"3":{"start":{"line":29,"column":22},"end":{"line":33,"column":1}},"4":{"start":{"line":30,"column":2},"end":{"line":30,"column":30}},"5":{"start":{"line":30,"column":14},"end":{"line":30,"column":30}},"6":{"start":{"line":31,"column":17},"end":{"line":31,"column":30}},"7":{"start":{"line":32,"column":2},"end":{"line":32,"column":53}},"8":{"start":{"line":35,"column":17},"end":{"line":55,"column":1}},"9":{"start":{"line":36,"column":24},"end":{"line":46,"column":4}},"10":{"start":{"line":48,"column":2},"end":{"line":52,"column":5}},"11":{"start":{"line":49,"column":4},"end":{"line":51,"column":5}},"12":{"start":{"line":50,"column":6},"end":{"line":50,"column":71}},"13":{"start":{"line":54,"column":2},"end":{"line":54,"column":13}},"14":{"start":{"line":57,"column":13},"end":{"line":57,"column":30}}},"fnMap":{"0":{"name":"(anonymous_1)","decl":{"start":{"line":29,"column":22},"end":{"line":29,"column":23}},"loc":{"start":{"line":29,"column":77},"end":{"line":33,"column":1}}},"1":{"name":"(anonymous_2)","decl":{"start":{"line":35,"column":17},"end":{"line":35,"column":30}},"loc":{"start":{"line":35,"column":32},"end":{"line":55,"column":1}}},"2":{"name":"(anonymous_3)","decl":{"start":{"line":48,"column":23},"end":{"line":48,"column":24}},"loc":{"start":{"line":48,"column":31},"end":{"line":52,"column":3}}}},"branchMap":{"0":{"loc":{"start":{"line":29,"column":50},"end":{"line":29,"column":65}},"type":"default-arg","locations":[{"start":{"line":29,"column":61},"end":{"line":29,"column":65}}]},"1":{"loc":{"start":{"line":30,"column":2},"end":{"line":30,"column":30}},"type":"if","locations":[{"start":{"line":30,"column":2},"end":{"line":30,"column":30}},{"start":{},"end":{}}]},"2":{"loc":{"start":{"line":32,"column":9},"end":{"line":32,"column":52}},"type":"cond-expr","locations":[{"start":{"line":32,"column":35},"end":{"line":32,"column":41}},{"start":{"line":32,"column":44},"end":{"line":32,"column":52}}]},"3":{"loc":{"start":{"line":37,"column":14},"end":{"line":37,"column":63}},"type":"binary-expr","locations":[{"start":{"line":37,"column":14},"end":{"line":37,"column":46}},{"start":{"line":37,"column":50},"end":{"line":37,"column":63}}]},"4":{"loc":{"start":{"line":39,"column":17},"end":{"line":39,"column":47}},"type":"binary-expr","locations":[{"start":{"line":39,"column":17},"end":{"line":39,"column":41}},{"start":{"line":39,"column":45},"end":{"line":39,"column":47}}]},"5":{"loc":{"start":{"line":40,"column":15},"end":{"line":40,"column":43}},"type":"binary-expr","locations":[{"start":{"line":40,"column":15},"end":{"line":40,"column":37}},{"start":{"line":40,"column":41},"end":{"line":40,"column":43}}]},"6":{"loc":{"start":{"line":41,"column":19},"end":{"line":41,"column":52}},"type":"binary-expr","locations":[{"start":{"line":41,"column":19},"end":{"line":41,"column":46}},{"start":{"line":41,"column":50},"end":{"line":41,"column":52}}]},"7":{"loc":{"start":{"line":42,"column":23},"end":{"line":42,"column":60}},"type":"binary-expr","locations":[{"start":{"line":42,"column":23},"end":{"line":42,"column":54}},{"start":{"line":42,"column":58},"end":{"line":42,"column":60}}]},"8":{"loc":{"start":{"line":43,"column":21},"end":{"line":43,"column":56}},"type":"binary-expr","locations":[{"start":{"line":43,"column":21},"end":{"line":43,"column":50}},{"start":{"line":43,"column":54},"end":{"line":43,"column":56}}]},"9":{"loc":{"start":{"line":44,"column":25},"end":{"line":44,"column":64}},"type":"binary-expr","locations":[{"start":{"line":44,"column":25},"end":{"line":44,"column":58}},{"start":{"line":44,"column":62},"end":{"line":44,"column":64}}]},"10":{"loc":{"start":{"line":45,"column":22},"end":{"line":45,"column":59}},"type":"binary-expr","locations":[{"start":{"line":45,"column":22},"end":{"line":45,"column":53}},{"start":{"line":45,"column":57},"end":{"line":45,"column":59}}]},"11":{"loc":{"start":{"line":49,"column":4},"end":{"line":51,"column":5}},"type":"if","locations":[{"start":{"line":49,"column":4},"end":{"line":51,"column":5}},{"start":{},"end":{}}]}},"s":{"0":16,"1":16,"2":16,"3":16,"4":16,"5":1,"6":15,"7":15,"8":16,"9":16,"10":16,"11":91,"12":8,"13":8,"14":16},"f":{"0":16,"1":16,"2":91},"b":{"0":[0],"1":[1,15],"2":[14,1],"3":[16,1],"4":[16,1],"5":[16,1],"6":[16,1],"7":[16,1],"8":[16,1],"9":[16,1],"10":[16,2],"11":[8,83]}}
,"C:\\Users\\ACER\\Desktop\\DukeFarm\\DukeFarm-Backend\\src\\controllers\\admin.controller.ts": {"path":"C:\\Users\\ACER\\Desktop\\DukeFarm\\DukeFarm-Backend\\src\\controllers\\admin.controller.ts","statementMap":{"0":{"start":{"line":2,"column":0},"end":{"line":2,"column":43}},"1":{"start":{"line":3,"column":0},"end":{"line":3,"column":53}},"2":{"start":{"line":4,"column":0},"end":{"line":4,"column":39}},"3":{"start":{"line":5,"column":0},"end":{"line":5,"column":28}},"4":{"start":{"line":6,"column":0},"end":{"line":6,"column":42}},"5":{"start":{"line":12,"column":14},"end":{"line":79,"column":1}},"6":{"start":{"line":13,"column":2},"end":{"line":78,"column":3}},"7":{"start":{"line":14,"column":32},"end":{"line":14,"column":40}},"8":{"start":{"line":17,"column":4},"end":{"line":19,"column":5}},"9":{"start":{"line":18,"column":6},"end":{"line":18,"column":68}},"10":{"start":{"line":22,"column":30},"end":{"line":29,"column":6}},"11":{"start":{"line":31,"column":4},"end":{"line":33,"column":5}},"12":{"start":{"line":32,"column":6},"end":{"line":32,"column":62}},"13":{"start":{"line":35,"column":17},"end":{"line":35,"column":39}},"14":{"start":{"line":38,"column":4},"end":{"line":40,"column":5}},"15":{"start":{"line":39,"column":6},"end":{"line":39,"column":72}},"16":{"start":{"line":43,"column":27},"end":{"line":46,"column":20}},"17":{"start":{"line":48,"column":4},"end":{"line":50,"column":5}},"18":{"start":{"line":49,"column":6},"end":{"line":49,"column":62}},"19":{"start":{"line":53,"column":25},"end":{"line":59,"column":6}},"20":{"start":{"line":61,"column":18},"end":{"line":61,"column":39}},"21":{"start":{"line":64,"column":4},"end":{"line":75,"column":7}},"22":{"start":{"line":77,"column":4},"end":{"line":77,"column":16}},"23":{"start":{"line":85,"column":20},"end":{"line":148,"column":1}},"24":{"start":{"line":86,"column":2},"end":{"line":147,"column":3}},"25":{"start":{"line":87,"column":74},"end":{"line":87,"column":82}},"26":{"start":{"line":90,"column":4},"end":{"line":92,"column":5}},"27":{"start":{"line":91,"column":6},"end":{"line":91,"column":119}},"28":{"start":{"line":95,"column":28},"end":{"line":97,"column":6}},"29":{"start":{"line":99,"column":4},"end":{"line":101,"column":5}},"30":{"start":{"line":100,"column":6},"end":{"line":100,"column":57}},"31":{"start":{"line":104,"column":27},"end":{"line":107,"column":20}},"32":{"start":{"line":110,"column":19},"end":{"line":135,"column":6}},"33":{"start":{"line":111,"column":19},"end":{"line":119,"column":8}},"34":{"start":{"line":121,"column":22},"end":{"line":132,"column":8}},"35":{"start":{"line":134,"column":6},"end":{"line":134,"column":31}},"36":{"start":{"line":137,"column":4},"end":{"line":144,"column":7}},"37":{"start":{"line":146,"column":4},"end":{"line":146,"column":16}},"38":{"start":{"line":150,"column":13},"end":{"line":153,"column":2}}},"fnMap":{"0":{"name":"(anonymous_1)","decl":{"start":{"line":12,"column":14},"end":{"line":12,"column":19}},"loc":{"start":{"line":12,"column":72},"end":{"line":79,"column":1}}},"1":{"name":"(anonymous_2)","decl":{"start":{"line":85,"column":20},"end":{"line":85,"column":25}},"loc":{"start":{"line":85,"column":78},"end":{"line":148,"column":1}}},"2":{"name":"(anonymous_3)","decl":{"start":{"line":110,"column":45},"end":{"line":110,"column":50}},"loc":{"start":{"line":110,"column":58},"end":{"line":135,"column":5}}}},"branchMap":{"0":{"loc":{"start":{"line":17,"column":4},"end":{"line":19,"column":5}},"type":"if","locations":[{"start":{"line":17,"column":4},"end":{"line":19,"column":5}},{"start":{},"end":{}}]},"1":{"loc":{"start":{"line":17,"column":8},"end":{"line":17,"column":27}},"type":"binary-expr","locations":[{"start":{"line":17,"column":8},"end":{"line":17,"column":14}},{"start":{"line":17,"column":18},"end":{"line":17,"column":27}}]},"2":{"loc":{"start":{"line":31,"column":4},"end":{"line":33,"column":5}},"type":"if","locations":[{"start":{"line":31,"column":4},"end":{"line":33,"column":5}},{"start":{},"end":{}}]},"3":{"loc":{"start":{"line":38,"column":4},"end":{"line":40,"column":5}},"type":"if","locations":[{"start":{"line":38,"column":4},"end":{"line":40,"column":5}},{"start":{},"end":{}}]},"4":{"loc":{"start":{"line":48,"column":4},"end":{"line":50,"column":5}},"type":"if","locations":[{"start":{"line":48,"column":4},"end":{"line":50,"column":5}},{"start":{},"end":{}}]},"5":{"loc":{"start":{"line":56,"column":19},"end":{"line":56,"column":101}},"type":"binary-expr","locations":[{"start":{"line":56,"column":19},"end":{"line":56,"column":35}},{"start":{"line":56,"column":39},"end":{"line":56,"column":101}}]},"6":{"loc":{"start":{"line":70,"column":23},"end":{"line":70,"column":105}},"type":"binary-expr","locations":[{"start":{"line":70,"column":23},"end":{"line":70,"column":39}},{"start":{"line":70,"column":43},"end":{"line":70,"column":105}}]},"7":{"loc":{"start":{"line":90,"column":4},"end":{"line":92,"column":5}},"type":"if","locations":[{"start":{"line":90,"column":4},"end":{"line":92,"column":5}},{"start":{},"end":{}}]},"8":{"loc":{"start":{"line":90,"column":8},"end":{"line":90,"column":81}},"type":"binary-expr","locations":[{"start":{"line":90,"column":8},"end":{"line":90,"column":14}},{"start":{"line":90,"column":18},"end":{"line":90,"column":27}},{"start":{"line":90,"column":31},"end":{"line":90,"column":41}},{"start":{"line":90,"column":45},"end":{"line":90,"column":54}},{"start":{"line":90,"column":58},"end":{"line":90,"column":64}},{"start":{"line":90,"column":68},"end":{"line":90,"column":81}}]},"9":{"loc":{"start":{"line":99,"column":4},"end":{"line":101,"column":5}},"type":"if","locations":[{"start":{"line":99,"column":4},"end":{"line":101,"column":5}},{"start":{},"end":{}}]},"10":{"loc":{"start":{"line":129,"column":22},"end":{"line":129,"column":49}},"type":"binary-expr","locations":[{"start":{"line":129,"column":22},"end":{"line":129,"column":41}},{"start":{"line":129,"column":45},"end":{"line":129,"column":49}}]},"11":{"loc":{"start":{"line":130,"column":20},"end":{"line":130,"column":56}},"type":"binary-expr","locations":[{"start":{"line":130,"column":20},"end":{"line":130,"column":37}},{"start":{"line":130,"column":41},"end":{"line":130,"column":56}}]}},"s":{"0":12,"1":12,"2":12,"3":12,"4":12,"5":12,"6":4,"7":4,"8":4,"9":1,"10":3,"11":3,"12":1,"13":2,"14":2,"15":1,"16":1,"17":1,"18":0,"19":1,"20":1,"21":1,"22":3,"23":12,"24":3,"25":3,"26":3,"27":1,"28":2,"29":2,"30":1,"31":1,"32":1,"33":1,"34":1,"35":1,"36":1,"37":2,"38":12},"f":{"0":4,"1":3,"2":1},"b":{"0":[1,3],"1":[4,3],"2":[1,2],"3":[1,1],"4":[0,1],"5":[1,1],"6":[1,1],"7":[1,2],"8":[3,3,2,2,2,2],"9":[1,1],"10":[1,0],"11":[1,0]}}
,"C:\\Users\\ACER\\Desktop\\DukeFarm\\DukeFarm-Backend\\src\\controllers\\dashboard.controller.ts": {"path":"C:\\Users\\ACER\\Desktop\\DukeFarm\\DukeFarm-Backend\\src\\controllers\\dashboard.controller.ts","statementMap":{"0":{"start":{"line":3,"column":0},"end":{"line":3,"column":53}},"1":{"start":{"line":4,"column":0},"end":{"line":4,"column":65}},"2":{"start":{"line":6,"column":31},"end":{"line":30,"column":1}},"3":{"start":{"line":7,"column":2},"end":{"line":29,"column":3}},"4":{"start":{"line":8,"column":17},"end":{"line":8,"column":25}},"5":{"start":{"line":9,"column":4},"end":{"line":11,"column":5}},"6":{"start":{"line":10,"column":6},"end":{"line":10,"column":49}},"7":{"start":{"line":14,"column":4},"end":{"line":18,"column":5}},"8":{"start":{"line":15,"column":6},"end":{"line":15,"column":75}},"9":{"start":{"line":17,"column":6},"end":{"line":17,"column":64}},"10":{"start":{"line":20,"column":19},"end":{"line":20,"column":57}},"11":{"start":{"line":21,"column":22},"end":{"line":21,"column":58}},"12":{"start":{"line":22,"column":17},"end":{"line":22,"column":64}},"13":{"start":{"line":24,"column":22},"end":{"line":24,"column":107}},"14":{"start":{"line":26,"column":4},"end":{"line":26,"column":34}},"15":{"start":{"line":28,"column":4},"end":{"line":28,"column":16}},"16":{"start":{"line":32,"column":13},"end":{"line":34,"column":2}}},"fnMap":{"0":{"name":"(anonymous_0)","decl":{"start":{"line":6,"column":31},"end":{"line":6,"column":36}},"loc":{"start":{"line":6,"column":102},"end":{"line":30,"column":1}}}},"branchMap":{"0":{"loc":{"start":{"line":9,"column":4},"end":{"line":11,"column":5}},"type":"if","locations":[{"start":{"line":9,"column":4},"end":{"line":11,"column":5}},{"start":{},"end":{}}]},"1":{"loc":{"start":{"line":22,"column":17},"end":{"line":22,"column":64}},"type":"cond-expr","locations":[{"start":{"line":22,"column":29},"end":{"line":22,"column":52}},{"start":{"line":22,"column":55},"end":{"line":22,"column":64}}]},"2":{"loc":{"start":{"line":24,"column":67},"end":{"line":24,"column":82}},"type":"binary-expr","locations":[{"start":{"line":24,"column":67},"end":{"line":24,"column":76}},{"start":{"line":24,"column":80},"end":{"line":24,"column":82}}]}},"s":{"0":12,"1":12,"2":12,"3":5,"4":5,"5":5,"6":1,"7":4,"8":4,"9":1,"10":3,"11":3,"12":3,"13":3,"14":3,"15":2,"16":12},"f":{"0":5},"b":{"0":[1,4],"1":[2,1],"2":[3,1]}}
,"C:\\Users\\ACER\\Desktop\\DukeFarm\\DukeFarm-Backend\\src\\controllers\\disease-analyzer.controller.ts": {"path":"C:\\Users\\ACER\\Desktop\\DukeFarm\\DukeFarm-Backend\\src\\controllers\\disease-analyzer.controller.ts","statementMap":{"0":{"start":{"line":3,"column":0},"end":{"line":3,"column":78}},"1":{"start":{"line":5,"column":13},"end":{"line":150,"column":2}},"2":{"start":{"line":7,"column":41},"end":{"line":7,"column":49}},"3":{"start":{"line":8,"column":4},"end":{"line":10,"column":5}},"4":{"start":{"line":9,"column":6},"end":{"line":9,"column":74}},"5":{"start":{"line":12,"column":25},"end":{"line":12,"column":27}},"6":{"start":{"line":13,"column":4},"end":{"line":22,"column":5}},"7":{"start":{"line":14,"column":6},"end":{"line":21,"column":7}},"8":{"start":{"line":15,"column":23},"end":{"line":15,"column":94}},"9":{"start":{"line":16,"column":8},"end":{"line":18,"column":9}},"10":{"start":{"line":17,"column":10},"end":{"line":17,"column":61}},"11":{"start":{"line":17,"column":38},"end":{"line":17,"column":59}},"12":{"start":{"line":20,"column":8},"end":{"line":20,"column":96}},"13":{"start":{"line":24,"column":18},"end":{"line":24,"column":69}},"14":{"start":{"line":26,"column":19},"end":{"line":30,"column":6}},"15":{"start":{"line":32,"column":4},"end":{"line":32,"column":50}},"16":{"start":{"line":36,"column":19},"end":{"line":36,"column":29}},"17":{"start":{"line":37,"column":4},"end":{"line":37,"column":72}},"18":{"start":{"line":37,"column":13},"end":{"line":37,"column":72}},"19":{"start":{"line":39,"column":19},"end":{"line":39,"column":61}},"20":{"start":{"line":40,"column":4},"end":{"line":40,"column":71}},"21":{"start":{"line":40,"column":17},"end":{"line":40,"column":71}},"22":{"start":{"line":42,"column":4},"end":{"line":42,"column":38}},"23":{"start":{"line":46,"column":61},"end":{"line":46,"column":70}},"24":{"start":{"line":48,"column":20},"end":{"line":48,"column":48}},"25":{"start":{"line":49,"column":21},"end":{"line":49,"column":50}},"26":{"start":{"line":51,"column":4},"end":{"line":53,"column":5}},"27":{"start":{"line":52,"column":6},"end":{"line":52,"column":82}},"28":{"start":{"line":54,"column":4},"end":{"line":56,"column":5}},"29":{"start":{"line":55,"column":6},"end":{"line":55,"column":82}},"30":{"start":{"line":63,"column":8},"end":{"line":66,"column":6}},"31":{"start":{"line":68,"column":4},"end":{"line":70,"column":5}},"32":{"start":{"line":69,"column":6},"end":{"line":69,"column":39}},"33":{"start":{"line":71,"column":4},"end":{"line":73,"column":5}},"34":{"start":{"line":72,"column":6},"end":{"line":72,"column":39}},"35":{"start":{"line":75,"column":19},"end":{"line":75,"column":76}},"36":{"start":{"line":77,"column":4},"end":{"line":77,"column":38}},"37":{"start":{"line":81,"column":19},"end":{"line":81,"column":29}},"38":{"start":{"line":82,"column":4},"end":{"line":82,"column":72}},"39":{"start":{"line":82,"column":13},"end":{"line":82,"column":72}},"40":{"start":{"line":84,"column":20},"end":{"line":84,"column":63}},"41":{"start":{"line":85,"column":4},"end":{"line":85,"column":80}},"42":{"start":{"line":85,"column":18},"end":{"line":85,"column":80}},"43":{"start":{"line":87,"column":4},"end":{"line":87,"column":39}},"44":{"start":{"line":91,"column":18},"end":{"line":91,"column":64}},"45":{"start":{"line":92,"column":4},"end":{"line":92,"column":37}},"46":{"start":{"line":98,"column":102},"end":{"line":98,"column":110}},"47":{"start":{"line":99,"column":4},"end":{"line":101,"column":5}},"48":{"start":{"line":100,"column":6},"end":{"line":100,"column":92}},"49":{"start":{"line":103,"column":20},"end":{"line":105,"column":6}},"50":{"start":{"line":106,"column":4},"end":{"line":106,"column":51}},"51":{"start":{"line":110,"column":19},"end":{"line":110,"column":29}},"52":{"start":{"line":111,"column":4},"end":{"line":111,"column":72}},"53":{"start":{"line":111,"column":13},"end":{"line":111,"column":72}},"54":{"start":{"line":113,"column":20},"end":{"line":113,"column":76}},"55":{"start":{"line":114,"column":4},"end":{"line":114,"column":80}},"56":{"start":{"line":114,"column":18},"end":{"line":114,"column":80}},"57":{"start":{"line":116,"column":4},"end":{"line":116,"column":39}},"58":{"start":{"line":120,"column":19},"end":{"line":120,"column":29}},"59":{"start":{"line":121,"column":4},"end":{"line":121,"column":72}},"60":{"start":{"line":121,"column":13},"end":{"line":121,"column":72}},"61":{"start":{"line":123,"column":4},"end":{"line":123,"column":51}},"62":{"start":{"line":124,"column":4},"end":{"line":124,"column":34}},"63":{"start":{"line":130,"column":49},"end":{"line":130,"column":58}},"64":{"start":{"line":132,"column":20},"end":{"line":132,"column":48}},"65":{"start":{"line":133,"column":21},"end":{"line":133,"column":50}},"66":{"start":{"line":135,"column":4},"end":{"line":137,"column":5}},"67":{"start":{"line":136,"column":6},"end":{"line":136,"column":82}},"68":{"start":{"line":138,"column":4},"end":{"line":140,"column":5}},"69":{"start":{"line":139,"column":6},"end":{"line":139,"column":82}},"70":{"start":{"line":142,"column":19},"end":{"line":146,"column":6}},"71":{"start":{"line":148,"column":4},"end":{"line":148,"column":38}}},"fnMap":{"0":{"name":"(anonymous_0)","decl":{"start":{"line":6,"column":11},"end":{"line":6,"column":16}},"loc":{"start":{"line":6,"column":62},"end":{"line":33,"column":3}}},"1":{"name":"(anonymous_1)","decl":{"start":{"line":17,"column":31},"end":{"line":17,"column":32}},"loc":{"start":{"line":17,"column":38},"end":{"line":17,"column":59}}},"2":{"name":"(anonymous_2)","decl":{"start":{"line":35,"column":13},"end":{"line":35,"column":18}},"loc":{"start":{"line":35,"column":64},"end":{"line":43,"column":3}}},"3":{"name":"(anonymous_3)","decl":{"start":{"line":45,"column":18},"end":{"line":45,"column":23}},"loc":{"start":{"line":45,"column":69},"end":{"line":78,"column":3}}},"4":{"name":"(anonymous_4)","decl":{"start":{"line":80,"column":14},"end":{"line":80,"column":19}},"loc":{"start":{"line":80,"column":65},"end":{"line":88,"column":3}}},"5":{"name":"(anonymous_5)","decl":{"start":{"line":90,"column":19},"end":{"line":90,"column":24}},"loc":{"start":{"line":90,"column":70},"end":{"line":93,"column":3}}},"6":{"name":"(anonymous_6)","decl":{"start":{"line":97,"column":17},"end":{"line":97,"column":22}},"loc":{"start":{"line":97,"column":68},"end":{"line":107,"column":3}}},"7":{"name":"(anonymous_7)","decl":{"start":{"line":109,"column":17},"end":{"line":109,"column":22}},"loc":{"start":{"line":109,"column":68},"end":{"line":117,"column":3}}},"8":{"name":"(anonymous_8)","decl":{"start":{"line":119,"column":17},"end":{"line":119,"column":22}},"loc":{"start":{"line":119,"column":68},"end":{"line":125,"column":3}}},"9":{"name":"(anonymous_9)","decl":{"start":{"line":129,"column":24},"end":{"line":129,"column":29}},"loc":{"start":{"line":129,"column":75},"end":{"line":149,"column":3}}}},"branchMap":{"0":{"loc":{"start":{"line":8,"column":4},"end":{"line":10,"column":5}},"type":"if","locations":[{"start":{"line":8,"column":4},"end":{"line":10,"column":5}},{"start":{},"end":{}}]},"1":{"loc":{"start":{"line":8,"column":8},"end":{"line":8,"column":55}},"type":"binary-expr","locations":[{"start":{"line":8,"column":8},"end":{"line":8,"column":20}},{"start":{"line":8,"column":24},"end":{"line":8,"column":55}}]},"2":{"loc":{"start":{"line":13,"column":4},"end":{"line":22,"column":5}},"type":"if","locations":[{"start":{"line":13,"column":4},"end":{"line":22,"column":5}},{"start":{},"end":{}}]},"3":{"loc":{"start":{"line":15,"column":23},"end":{"line":15,"column":94}},"type":"cond-expr","locations":[{"start":{"line":15,"column":57},"end":{"line":15,"column":80}},{"start":{"line":15,"column":83},"end":{"line":15,"column":94}}]},"4":{"loc":{"start":{"line":16,"column":8},"end":{"line":18,"column":9}},"type":"if","locations":[{"start":{"line":16,"column":8},"end":{"line":18,"column":9}},{"start":{},"end":{}}]},"5":{"loc":{"start":{"line":37,"column":4},"end":{"line":37,"column":72}},"type":"if","locations":[{"start":{"line":37,"column":4},"end":{"line":37,"column":72}},{"start":{},"end":{}}]},"6":{"loc":{"start":{"line":40,"column":4},"end":{"line":40,"column":71}},"type":"if","locations":[{"start":{"line":40,"column":4},"end":{"line":40,"column":71}},{"start":{},"end":{}}]},"7":{"loc":{"start":{"line":46,"column":32},"end":{"line":46,"column":42}},"type":"default-arg","locations":[{"start":{"line":46,"column":39},"end":{"line":46,"column":42}}]},"8":{"loc":{"start":{"line":46,"column":44},"end":{"line":46,"column":56}},"type":"default-arg","locations":[{"start":{"line":46,"column":52},"end":{"line":46,"column":56}}]},"9":{"loc":{"start":{"line":51,"column":4},"end":{"line":53,"column":5}},"type":"if","locations":[{"start":{"line":51,"column":4},"end":{"line":53,"column":5}},{"start":{},"end":{}}]},"10":{"loc":{"start":{"line":51,"column":8},"end":{"line":51,"column":37}},"type":"binary-expr","locations":[{"start":{"line":51,"column":8},"end":{"line":51,"column":22}},{"start":{"line":51,"column":26},"end":{"line":51,"column":37}}]},"11":{"loc":{"start":{"line":54,"column":4},"end":{"line":56,"column":5}},"type":"if","locations":[{"start":{"line":54,"column":4},"end":{"line":56,"column":5}},{"start":{},"end":{}}]},"12":{"loc":{"start":{"line":54,"column":8},"end":{"line":54,"column":57}},"type":"binary-expr","locations":[{"start":{"line":54,"column":8},"end":{"line":54,"column":23}},{"start":{"line":54,"column":27},"end":{"line":54,"column":39}},{"start":{"line":54,"column":43},"end":{"line":54,"column":57}}]},"13":{"loc":{"start":{"line":68,"column":4},"end":{"line":70,"column":5}},"type":"if","locations":[{"start":{"line":68,"column":4},"end":{"line":70,"column":5}},{"start":{},"end":{}}]},"14":{"loc":{"start":{"line":68,"column":8},"end":{"line":68,"column":48}},"type":"binary-expr","locations":[{"start":{"line":68,"column":8},"end":{"line":68,"column":16}},{"start":{"line":68,"column":20},"end":{"line":68,"column":48}}]},"15":{"loc":{"start":{"line":71,"column":4},"end":{"line":73,"column":5}},"type":"if","locations":[{"start":{"line":71,"column":4},"end":{"line":73,"column":5}},{"start":{},"end":{}}]},"16":{"loc":{"start":{"line":71,"column":8},"end":{"line":71,"column":48}},"type":"binary-expr","locations":[{"start":{"line":71,"column":8},"end":{"line":71,"column":16}},{"start":{"line":71,"column":20},"end":{"line":71,"column":48}}]},"17":{"loc":{"start":{"line":82,"column":4},"end":{"line":82,"column":72}},"type":"if","locations":[{"start":{"line":82,"column":4},"end":{"line":82,"column":72}},{"start":{},"end":{}}]},"18":{"loc":{"start":{"line":85,"column":4},"end":{"line":85,"column":80}},"type":"if","locations":[{"start":{"line":85,"column":4},"end":{"line":85,"column":80}},{"start":{},"end":{}}]},"19":{"loc":{"start":{"line":99,"column":4},"end":{"line":101,"column":5}},"type":"if","locations":[{"start":{"line":99,"column":4},"end":{"line":101,"column":5}},{"start":{},"end":{}}]},"20":{"loc":{"start":{"line":99,"column":8},"end":{"line":99,"column":39}},"type":"binary-expr","locations":[{"start":{"line":99,"column":8},"end":{"line":99,"column":13}},{"start":{"line":99,"column":17},"end":{"line":99,"column":26}},{"start":{"line":99,"column":30},"end":{"line":99,"column":39}}]},"21":{"loc":{"start":{"line":111,"column":4},"end":{"line":111,"column":72}},"type":"if","locations":[{"start":{"line":111,"column":4},"end":{"line":111,"column":72}},{"start":{},"end":{}}]},"22":{"loc":{"start":{"line":114,"column":4},"end":{"line":114,"column":80}},"type":"if","locations":[{"start":{"line":114,"column":4},"end":{"line":114,"column":80}},{"start":{},"end":{}}]},"23":{"loc":{"start":{"line":121,"column":4},"end":{"line":121,"column":72}},"type":"if","locations":[{"start":{"line":121,"column":4},"end":{"line":121,"column":72}},{"start":{},"end":{}}]},"24":{"loc":{"start":{"line":130,"column":20},"end":{"line":130,"column":30}},"type":"default-arg","locations":[{"start":{"line":130,"column":27},"end":{"line":130,"column":30}}]},"25":{"loc":{"start":{"line":130,"column":32},"end":{"line":130,"column":44}},"type":"default-arg","locations":[{"start":{"line":130,"column":40},"end":{"line":130,"column":44}}]},"26":{"loc":{"start":{"line":135,"column":4},"end":{"line":137,"column":5}},"type":"if","locations":[{"start":{"line":135,"column":4},"end":{"line":137,"column":5}},{"start":{},"end":{}}]},"27":{"loc":{"start":{"line":135,"column":8},"end":{"line":135,"column":37}},"type":"binary-expr","locations":[{"start":{"line":135,"column":8},"end":{"line":135,"column":22}},{"start":{"line":135,"column":26},"end":{"line":135,"column":37}}]},"28":{"loc":{"start":{"line":138,"column":4},"end":{"line":140,"column":5}},"type":"if","locations":[{"start":{"line":138,"column":4},"end":{"line":140,"column":5}},{"start":{},"end":{}}]},"29":{"loc":{"start":{"line":138,"column":8},"end":{"line":138,"column":57}},"type":"binary-expr","locations":[{"start":{"line":138,"column":8},"end":{"line":138,"column":23}},{"start":{"line":138,"column":27},"end":{"line":138,"column":39}},{"start":{"line":138,"column":43},"end":{"line":138,"column":57}}]},"30":{"loc":{"start":{"line":143,"column":10},"end":{"line":143,"column":54}},"type":"cond-expr","locations":[{"start":{"line":143,"column":39},"end":{"line":143,"column":49}},{"start":{"line":143,"column":52},"end":{"line":143,"column":54}}]}},"s":{"0":12,"1":12,"2":3,"3":3,"4":1,"5":2,"6":2,"7":2,"8":2,"9":2,"10":2,"11":1,"12":0,"13":2,"14":2,"15":2,"16":2,"17":2,"18":0,"19":2,"20":2,"21":1,"22":1,"23":2,"24":2,"25":2,"26":2,"27":1,"28":1,"29":0,"30":1,"31":1,"32":1,"33":1,"34":0,"35":1,"36":1,"37":1,"38":1,"39":0,"40":1,"41":1,"42":1,"43":0,"44":1,"45":1,"46":2,"47":2,"48":1,"49":1,"50":1,"51":1,"52":1,"53":0,"54":1,"55":1,"56":1,"57":0,"58":1,"59":1,"60":0,"61":1,"62":1,"63":3,"64":3,"65":3,"66":3,"67":1,"68":2,"69":1,"70":1,"71":1},"f":{"0":3,"1":1,"2":2,"3":2,"4":1,"5":1,"6":2,"7":1,"8":1,"9":3},"b":{"0":[1,2],"1":[3,2],"2":[2,0],"3":[2,0],"4":[2,0],"5":[0,2],"6":[1,1],"7":[1],"8":[2],"9":[1,1],"10":[2,2],"11":[0,1],"12":[1,1,1],"13":[1,0],"14":[1,1],"15":[0,1],"16":[1,0],"17":[0,1],"18":[1,0],"19":[1,1],"20":[2,2,1],"21":[0,1],"22":[1,0],"23":[0,1],"24":[2],"25":[2],"26":[1,2],"27":[3,2],"28":[1,1],"29":[2,2,2],"30":[0,1]}}
,"C:\\Users\\ACER\\Desktop\\DukeFarm\\DukeFarm-Backend\\src\\controllers\\farmer.controller.ts": {"path":"C:\\Users\\ACER\\Desktop\\DukeFarm\\DukeFarm-Backend\\src\\controllers\\farmer.controller.ts","statementMap":{"0":{"start":{"line":3,"column":0},"end":{"line":3,"column":59}},"1":{"start":{"line":5,"column":22},"end":{"line":27,"column":1}},"2":{"start":{"line":6,"column":15},"end":{"line":6,"column":54}},"3":{"start":{"line":7,"column":16},"end":{"line":7,"column":57}},"4":{"start":{"line":8,"column":17},"end":{"line":8,"column":91}},"5":{"start":{"line":9,"column":19},"end":{"line":11,"column":15}},"6":{"start":{"line":14,"column":2},"end":{"line":18,"column":3}},"7":{"start":{"line":15,"column":4},"end":{"line":17,"column":7}},"8":{"start":{"line":20,"column":68},"end":{"line":20,"column":83}},"9":{"start":{"line":21,"column":2},"end":{"line":21,"column":37}},"10":{"start":{"line":21,"column":14},"end":{"line":21,"column":37}},"11":{"start":{"line":22,"column":2},"end":{"line":22,"column":43}},"12":{"start":{"line":22,"column":16},"end":{"line":22,"column":43}},"13":{"start":{"line":24,"column":17},"end":{"line":24,"column":58}},"14":{"start":{"line":26,"column":2},"end":{"line":26,"column":36}},"15":{"start":{"line":29,"column":22},"end":{"line":50,"column":1}},"16":{"start":{"line":30,"column":23},"end":{"line":30,"column":33}},"17":{"start":{"line":32,"column":2},"end":{"line":34,"column":3}},"18":{"start":{"line":33,"column":4},"end":{"line":33,"column":70}},"19":{"start":{"line":36,"column":2},"end":{"line":49,"column":3}},"20":{"start":{"line":37,"column":21},"end":{"line":37,"column":61}},"21":{"start":{"line":40,"column":29},"end":{"line":40,"column":38}},"22":{"start":{"line":41,"column":4},"end":{"line":43,"column":5}},"23":{"start":{"line":42,"column":6},"end":{"line":42,"column":31}},"24":{"start":{"line":45,"column":19},"end":{"line":45,"column":77}},"25":{"start":{"line":46,"column":4},"end":{"line":46,"column":38}},"26":{"start":{"line":48,"column":4},"end":{"line":48,"column":23}},"27":{"start":{"line":52,"column":21},"end":{"line":65,"column":1}},"28":{"start":{"line":53,"column":23},"end":{"line":53,"column":33}},"29":{"start":{"line":55,"column":2},"end":{"line":57,"column":3}},"30":{"start":{"line":56,"column":4},"end":{"line":56,"column":70}},"31":{"start":{"line":59,"column":2},"end":{"line":64,"column":3}},"32":{"start":{"line":60,"column":4},"end":{"line":60,"column":51}},"33":{"start":{"line":61,"column":4},"end":{"line":61,"column":64}},"34":{"start":{"line":63,"column":4},"end":{"line":63,"column":23}},"35":{"start":{"line":67,"column":13},"end":{"line":71,"column":2}}},"fnMap":{"0":{"name":"(anonymous_0)","decl":{"start":{"line":5,"column":22},"end":{"line":5,"column":27}},"loc":{"start":{"line":5,"column":73},"end":{"line":27,"column":1}}},"1":{"name":"(anonymous_1)","decl":{"start":{"line":29,"column":22},"end":{"line":29,"column":27}},"loc":{"start":{"line":29,"column":93},"end":{"line":50,"column":1}}},"2":{"name":"(anonymous_2)","decl":{"start":{"line":52,"column":21},"end":{"line":52,"column":26}},"loc":{"start":{"line":52,"column":92},"end":{"line":65,"column":1}}}},"branchMap":{"0":{"loc":{"start":{"line":6,"column":15},"end":{"line":6,"column":54}},"type":"binary-expr","locations":[{"start":{"line":6,"column":15},"end":{"line":6,"column":49}},{"start":{"line":6,"column":53},"end":{"line":6,"column":54}}]},"1":{"loc":{"start":{"line":7,"column":16},"end":{"line":7,"column":57}},"type":"binary-expr","locations":[{"start":{"line":7,"column":16},"end":{"line":7,"column":51}},{"start":{"line":7,"column":55},"end":{"line":7,"column":57}}]},"2":{"loc":{"start":{"line":8,"column":17},"end":{"line":8,"column":91}},"type":"cond-expr","locations":[{"start":{"line":8,"column":56},"end":{"line":8,"column":79}},{"start":{"line":8,"column":82},"end":{"line":8,"column":91}}]},"3":{"loc":{"start":{"line":9,"column":19},"end":{"line":11,"column":15}},"type":"cond-expr","locations":[{"start":{"line":10,"column":7},"end":{"line":10,"column":33}},{"start":{"line":11,"column":6},"end":{"line":11,"column":15}}]},"4":{"loc":{"start":{"line":9,"column":19},"end":{"line":9,"column":118}},"type":"binary-expr","locations":[{"start":{"line":9,"column":19},"end":{"line":9,"column":57}},{"start":{"line":9,"column":61},"end":{"line":9,"column":118}}]},"5":{"loc":{"start":{"line":14,"column":2},"end":{"line":18,"column":3}},"type":"if","locations":[{"start":{"line":14,"column":2},"end":{"line":18,"column":3}},{"start":{},"end":{}}]},"6":{"loc":{"start":{"line":14,"column":6},"end":{"line":14,"column":42}},"type":"binary-expr","locations":[{"start":{"line":14,"column":6},"end":{"line":14,"column":14}},{"start":{"line":14,"column":18},"end":{"line":14,"column":27}},{"start":{"line":14,"column":31},"end":{"line":14,"column":42}}]},"7":{"loc":{"start":{"line":21,"column":2},"end":{"line":21,"column":37}},"type":"if","locations":[{"start":{"line":21,"column":2},"end":{"line":21,"column":37}},{"start":{},"end":{}}]},"8":{"loc":{"start":{"line":22,"column":2},"end":{"line":22,"column":43}},"type":"if","locations":[{"start":{"line":22,"column":2},"end":{"line":22,"column":43}},{"start":{},"end":{}}]},"9":{"loc":{"start":{"line":32,"column":2},"end":{"line":34,"column":3}},"type":"if","locations":[{"start":{"line":32,"column":2},"end":{"line":34,"column":3}},{"start":{},"end":{}}]},"10":{"loc":{"start":{"line":41,"column":4},"end":{"line":43,"column":5}},"type":"if","locations":[{"start":{"line":41,"column":4},"end":{"line":43,"column":5}},{"start":{},"end":{}}]},"11":{"loc":{"start":{"line":41,"column":8},"end":{"line":41,"column":74}},"type":"binary-expr","locations":[{"start":{"line":41,"column":8},"end":{"line":41,"column":16}},{"start":{"line":41,"column":20},"end":{"line":41,"column":74}}]},"12":{"loc":{"start":{"line":55,"column":2},"end":{"line":57,"column":3}},"type":"if","locations":[{"start":{"line":55,"column":2},"end":{"line":57,"column":3}},{"start":{},"end":{}}]}},"s":{"0":12,"1":12,"2":3,"3":3,"4":3,"5":3,"6":3,"7":1,"8":2,"9":2,"10":1,"11":2,"12":1,"13":2,"14":2,"15":12,"16":2,"17":2,"18":0,"19":2,"20":2,"21":2,"22":2,"23":1,"24":2,"25":2,"26":0,"27":12,"28":1,"29":1,"30":0,"31":1,"32":1,"33":1,"34":0,"35":12},"f":{"0":3,"1":2,"2":1},"b":{"0":[3,1],"1":[3,1],"2":[1,2],"3":[1,2],"4":[3,1],"5":[1,2],"6":[3,2,2],"7":[1,1],"8":[1,1],"9":[0,2],"10":[1,1],"11":[2,1],"12":[0,1]}}
,"C:\\Users\\ACER\\Desktop\\DukeFarm\\DukeFarm-Backend\\src\\controllers\\feed-formula.controller.ts": {"path":"C:\\Users\\ACER\\Desktop\\DukeFarm\\DukeFarm-Backend\\src\\controllers\\feed-formula.controller.ts","statementMap":{"0":{"start":{"line":2,"column":0},"end":{"line":2,"column":52}},"1":{"start":{"line":4,"column":0},"end":{"line":4,"column":70}},"2":{"start":{"line":6,"column":22},"end":{"line":26,"column":1}},"3":{"start":{"line":7,"column":2},"end":{"line":9,"column":3}},"4":{"start":{"line":8,"column":4},"end":{"line":8,"column":45}},"5":{"start":{"line":11,"column":2},"end":{"line":13,"column":3}},"6":{"start":{"line":12,"column":4},"end":{"line":12,"column":16}},"7":{"start":{"line":15,"column":2},"end":{"line":17,"column":3}},"8":{"start":{"line":16,"column":4},"end":{"line":16,"column":49}},"9":{"start":{"line":19,"column":16},"end":{"line":19,"column":33}},"10":{"start":{"line":20,"column":17},"end":{"line":20,"column":40}},"11":{"start":{"line":21,"column":2},"end":{"line":23,"column":3}},"12":{"start":{"line":22,"column":4},"end":{"line":22,"column":52}},"13":{"start":{"line":25,"column":2},"end":{"line":25,"column":27}},"14":{"start":{"line":28,"column":22},"end":{"line":48,"column":1}},"15":{"start":{"line":29,"column":2},"end":{"line":31,"column":3}},"16":{"start":{"line":30,"column":4},"end":{"line":30,"column":50}},"17":{"start":{"line":33,"column":2},"end":{"line":35,"column":3}},"18":{"start":{"line":34,"column":4},"end":{"line":34,"column":56}},"19":{"start":{"line":37,"column":2},"end":{"line":39,"column":3}},"20":{"start":{"line":38,"column":4},"end":{"line":38,"column":49}},"21":{"start":{"line":41,"column":16},"end":{"line":41,"column":33}},"22":{"start":{"line":42,"column":17},"end":{"line":42,"column":40}},"23":{"start":{"line":43,"column":2},"end":{"line":45,"column":3}},"24":{"start":{"line":44,"column":4},"end":{"line":44,"column":93}},"25":{"start":{"line":47,"column":2},"end":{"line":47,"column":27}},"26":{"start":{"line":50,"column":26},"end":{"line":101,"column":1}},"27":{"start":{"line":51,"column":113},"end":{"line":51,"column":121}},"28":{"start":{"line":54,"column":2},"end":{"line":56,"column":3}},"29":{"start":{"line":55,"column":4},"end":{"line":55,"column":96}},"30":{"start":{"line":58,"column":2},"end":{"line":62,"column":3}},"31":{"start":{"line":59,"column":4},"end":{"line":61,"column":7}},"32":{"start":{"line":64,"column":2},"end":{"line":66,"column":3}},"33":{"start":{"line":65,"column":4},"end":{"line":65,"column":75}},"34":{"start":{"line":68,"column":2},"end":{"line":70,"column":3}},"35":{"start":{"line":69,"column":4},"end":{"line":69,"column":71}},"36":{"start":{"line":72,"column":2},"end":{"line":74,"column":3}},"37":{"start":{"line":73,"column":4},"end":{"line":73,"column":81}},"38":{"start":{"line":78,"column":2},"end":{"line":87,"column":3}},"39":{"start":{"line":79,"column":4},"end":{"line":79,"column":50}},"40":{"start":{"line":80,"column":27},"end":{"line":80,"column":53}},"41":{"start":{"line":81,"column":4},"end":{"line":83,"column":5}},"42":{"start":{"line":82,"column":6},"end":{"line":82,"column":112}},"43":{"start":{"line":84,"column":4},"end":{"line":84,"column":30}},"44":{"start":{"line":86,"column":4},"end":{"line":86,"column":60}},"45":{"start":{"line":89,"column":17},"end":{"line":98,"column":4}},"46":{"start":{"line":100,"column":2},"end":{"line":100,"column":48}},"47":{"start":{"line":103,"column":27},"end":{"line":136,"column":1}},"48":{"start":{"line":104,"column":15},"end":{"line":104,"column":54}},"49":{"start":{"line":105,"column":16},"end":{"line":105,"column":57}},"50":{"start":{"line":108,"column":2},"end":{"line":112,"column":3}},"51":{"start":{"line":109,"column":4},"end":{"line":111,"column":7}},"52":{"start":{"line":118,"column":2},"end":{"line":127,"column":3}},"53":{"start":{"line":119,"column":4},"end":{"line":121,"column":5}},"54":{"start":{"line":120,"column":6},"end":{"line":120,"column":61}},"55":{"start":{"line":122,"column":4},"end":{"line":124,"column":5}},"56":{"start":{"line":123,"column":6},"end":{"line":123,"column":74}},"57":{"start":{"line":126,"column":4},"end":{"line":126,"column":60}},"58":{"start":{"line":129,"column":22},"end":{"line":129,"column":37}},"59":{"start":{"line":130,"column":2},"end":{"line":130,"column":43}},"60":{"start":{"line":130,"column":16},"end":{"line":130,"column":43}},"61":{"start":{"line":131,"column":2},"end":{"line":131,"column":43}},"62":{"start":{"line":131,"column":16},"end":{"line":131,"column":43}},"63":{"start":{"line":133,"column":17},"end":{"line":133,"column":68}},"64":{"start":{"line":135,"column":2},"end":{"line":135,"column":36}},"65":{"start":{"line":138,"column":27},"end":{"line":152,"column":1}},"66":{"start":{"line":139,"column":17},"end":{"line":139,"column":27}},"67":{"start":{"line":141,"column":2},"end":{"line":143,"column":3}},"68":{"start":{"line":142,"column":4},"end":{"line":142,"column":76}},"69":{"start":{"line":145,"column":17},"end":{"line":145,"column":64}},"70":{"start":{"line":147,"column":2},"end":{"line":149,"column":3}},"71":{"start":{"line":148,"column":4},"end":{"line":148,"column":71}},"72":{"start":{"line":151,"column":2},"end":{"line":151,"column":36}},"73":{"start":{"line":154,"column":26},"end":{"line":229,"column":1}},"74":{"start":{"line":155,"column":17},"end":{"line":155,"column":27}},"75":{"start":{"line":156,"column":113},"end":{"line":156,"column":121}},"76":{"start":{"line":158,"column":2},"end":{"line":160,"column":3}},"77":{"start":{"line":159,"column":4},"end":{"line":159,"column":76}},"78":{"start":{"line":163,"column":2},"end":{"line":165,"column":3}},"79":{"start":{"line":164,"column":4},"end":{"line":164,"column":80}},"80":{"start":{"line":167,"column":2},"end":{"line":172,"column":3}},"81":{"start":{"line":171,"column":4},"end":{"line":171,"column":88}},"82":{"start":{"line":174,"column":2},"end":{"line":176,"column":3}},"83":{"start":{"line":175,"column":4},"end":{"line":175,"column":75}},"84":{"start":{"line":178,"column":2},"end":{"line":180,"column":3}},"85":{"start":{"line":179,"column":4},"end":{"line":179,"column":71}},"86":{"start":{"line":182,"column":2},"end":{"line":184,"column":3}},"87":{"start":{"line":183,"column":4},"end":{"line":183,"column":81}},"88":{"start":{"line":188,"column":2},"end":{"line":193,"column":3}},"89":{"start":{"line":189,"column":4},"end":{"line":189,"column":48}},"90":{"start":{"line":190,"column":4},"end":{"line":190,"column":48}},"91":{"start":{"line":192,"column":4},"end":{"line":192,"column":60}},"92":{"start":{"line":195,"column":2},"end":{"line":228,"column":3}},"93":{"start":{"line":204,"column":8},"end":{"line":210,"column":6}},"94":{"start":{"line":212,"column":4},"end":{"line":214,"column":5}},"95":{"start":{"line":213,"column":6},"end":{"line":213,"column":34}},"96":{"start":{"line":216,"column":4},"end":{"line":218,"column":5}},"97":{"start":{"line":217,"column":6},"end":{"line":217,"column":34}},"98":{"start":{"line":220,"column":19},"end":{"line":220,"column":74}},"99":{"start":{"line":222,"column":4},"end":{"line":222,"column":38}},"100":{"start":{"line":224,"column":4},"end":{"line":226,"column":5}},"101":{"start":{"line":225,"column":6},"end":{"line":225,"column":73}},"102":{"start":{"line":227,"column":4},"end":{"line":227,"column":16}},"103":{"start":{"line":231,"column":26},"end":{"line":247,"column":1}},"104":{"start":{"line":232,"column":17},"end":{"line":232,"column":27}},"105":{"start":{"line":234,"column":2},"end":{"line":236,"column":3}},"106":{"start":{"line":235,"column":4},"end":{"line":235,"column":76}},"107":{"start":{"line":238,"column":2},"end":{"line":246,"column":3}},"108":{"start":{"line":239,"column":4},"end":{"line":239,"column":51}},"109":{"start":{"line":240,"column":4},"end":{"line":240,"column":70}},"110":{"start":{"line":242,"column":4},"end":{"line":244,"column":5}},"111":{"start":{"line":243,"column":6},"end":{"line":243,"column":73}},"112":{"start":{"line":245,"column":4},"end":{"line":245,"column":16}},"113":{"start":{"line":249,"column":13},"end":{"line":255,"column":2}}},"fnMap":{"0":{"name":"(anonymous_0)","decl":{"start":{"line":6,"column":22},"end":{"line":6,"column":23}},"loc":{"start":{"line":6,"column":92},"end":{"line":26,"column":1}}},"1":{"name":"(anonymous_1)","decl":{"start":{"line":28,"column":22},"end":{"line":28,"column":23}},"loc":{"start":{"line":28,"column":85},"end":{"line":48,"column":1}}},"2":{"name":"(anonymous_2)","decl":{"start":{"line":50,"column":26},"end":{"line":50,"column":31}},"loc":{"start":{"line":50,"column":77},"end":{"line":101,"column":1}}},"3":{"name":"(anonymous_3)","decl":{"start":{"line":103,"column":27},"end":{"line":103,"column":32}},"loc":{"start":{"line":103,"column":78},"end":{"line":136,"column":1}}},"4":{"name":"(anonymous_4)","decl":{"start":{"line":138,"column":27},"end":{"line":138,"column":32}},"loc":{"start":{"line":138,"column":78},"end":{"line":152,"column":1}}},"5":{"name":"(anonymous_5)","decl":{"start":{"line":154,"column":26},"end":{"line":154,"column":31}},"loc":{"start":{"line":154,"column":77},"end":{"line":229,"column":1}}},"6":{"name":"(anonymous_6)","decl":{"start":{"line":231,"column":26},"end":{"line":231,"column":31}},"loc":{"start":{"line":231,"column":77},"end":{"line":247,"column":1}}}},"branchMap":{"0":{"loc":{"start":{"line":6,"column":37},"end":{"line":6,"column":59}},"type":"default-arg","locations":[{"start":{"line":6,"column":54},"end":{"line":6,"column":59}}]},"1":{"loc":{"start":{"line":7,"column":2},"end":{"line":9,"column":3}},"type":"if","locations":[{"start":{"line":7,"column":2},"end":{"line":9,"column":3}},{"start":{},"end":{}}]},"2":{"loc":{"start":{"line":8,"column":11},"end":{"line":8,"column":44}},"type":"cond-expr","locations":[{"start":{"line":8,"column":28},"end":{"line":8,"column":37}},{"start":{"line":8,"column":40},"end":{"line":8,"column":44}}]},"3":{"loc":{"start":{"line":11,"column":2},"end":{"line":13,"column":3}},"type":"if","locations":[{"start":{"line":11,"column":2},"end":{"line":13,"column":3}},{"start":{},"end":{}}]},"4":{"loc":{"start":{"line":11,"column":6},"end":{"line":11,"column":32}},"type":"binary-expr","locations":[{"start":{"line":11,"column":6},"end":{"line":11,"column":18}},{"start":{"line":11,"column":22},"end":{"line":11,"column":32}}]},"5":{"loc":{"start":{"line":15,"column":2},"end":{"line":17,"column":3}},"type":"if","locations":[{"start":{"line":15,"column":2},"end":{"line":17,"column":3}},{"start":{},"end":{}}]},"6":{"loc":{"start":{"line":21,"column":2},"end":{"line":23,"column":3}},"type":"if","locations":[{"start":{"line":21,"column":2},"end":{"line":23,"column":3}},{"start":{},"end":{}}]},"7":{"loc":{"start":{"line":28,"column":37},"end":{"line":28,"column":59}},"type":"default-arg","locations":[{"start":{"line":28,"column":54},"end":{"line":28,"column":59}}]},"8":{"loc":{"start":{"line":29,"column":2},"end":{"line":31,"column":3}},"type":"if","locations":[{"start":{"line":29,"column":2},"end":{"line":31,"column":3}},{"start":{},"end":{}}]},"9":{"loc":{"start":{"line":30,"column":11},"end":{"line":30,"column":49}},"type":"cond-expr","locations":[{"start":{"line":30,"column":28},"end":{"line":30,"column":37}},{"start":{"line":30,"column":40},"end":{"line":30,"column":49}}]},"10":{"loc":{"start":{"line":33,"column":2},"end":{"line":35,"column":3}},"type":"if","locations":[{"start":{"line":33,"column":2},"end":{"line":35,"column":3}},{"start":{},"end":{}}]},"11":{"loc":{"start":{"line":33,"column":6},"end":{"line":33,"column":32}},"type":"binary-expr","locations":[{"start":{"line":33,"column":6},"end":{"line":33,"column":18}},{"start":{"line":33,"column":22},"end":{"line":33,"column":32}}]},"12":{"loc":{"start":{"line":37,"column":2},"end":{"line":39,"column":3}},"type":"if","locations":[{"start":{"line":37,"column":2},"end":{"line":39,"column":3}},{"start":{},"end":{}}]},"13":{"loc":{"start":{"line":43,"column":2},"end":{"line":45,"column":3}},"type":"if","locations":[{"start":{"line":43,"column":2},"end":{"line":45,"column":3}},{"start":{},"end":{}}]},"14":{"loc":{"start":{"line":54,"column":2},"end":{"line":56,"column":3}},"type":"if","locations":[{"start":{"line":54,"column":2},"end":{"line":56,"column":3}},{"start":{},"end":{}}]},"15":{"loc":{"start":{"line":54,"column":6},"end":{"line":54,"column":67}},"type":"binary-expr","locations":[{"start":{"line":54,"column":6},"end":{"line":54,"column":11}},{"start":{"line":54,"column":15},"end":{"line":54,"column":39}},{"start":{"line":54,"column":43},"end":{"line":54,"column":67}}]},"16":{"loc":{"start":{"line":58,"column":2},"end":{"line":62,"column":3}},"type":"if","locations":[{"start":{"line":58,"column":2},"end":{"line":62,"column":3}},{"start":{},"end":{}}]},"17":{"loc":{"start":{"line":58,"column":6},"end":{"line":58,"column":88}},"type":"binary-expr","locations":[{"start":{"line":58,"column":6},"end":{"line":58,"column":18}},{"start":{"line":58,"column":22},"end":{"line":58,"column":53}},{"start":{"line":58,"column":57},"end":{"line":58,"column":88}}]},"18":{"loc":{"start":{"line":64,"column":2},"end":{"line":66,"column":3}},"type":"if","locations":[{"start":{"line":64,"column":2},"end":{"line":66,"column":3}},{"start":{},"end":{}}]},"19":{"loc":{"start":{"line":64,"column":6},"end":{"line":64,"column":62}},"type":"binary-expr","locations":[{"start":{"line":64,"column":6},"end":{"line":64,"column":29}},{"start":{"line":64,"column":33},"end":{"line":64,"column":62}}]},"20":{"loc":{"start":{"line":68,"column":2},"end":{"line":70,"column":3}},"type":"if","locations":[{"start":{"line":68,"column":2},"end":{"line":70,"column":3}},{"start":{},"end":{}}]},"21":{"loc":{"start":{"line":68,"column":6},"end":{"line":68,"column":54}},"type":"binary-expr","locations":[{"start":{"line":68,"column":6},"end":{"line":68,"column":25}},{"start":{"line":68,"column":29},"end":{"line":68,"column":54}}]},"22":{"loc":{"start":{"line":72,"column":2},"end":{"line":74,"column":3}},"type":"if","locations":[{"start":{"line":72,"column":2},"end":{"line":74,"column":3}},{"start":{},"end":{}}]},"23":{"loc":{"start":{"line":72,"column":6},"end":{"line":72,"column":74}},"type":"binary-expr","locations":[{"start":{"line":72,"column":6},"end":{"line":72,"column":35}},{"start":{"line":72,"column":39},"end":{"line":72,"column":74}}]},"24":{"loc":{"start":{"line":79,"column":15},"end":{"line":79,"column":49}},"type":"binary-expr","locations":[{"start":{"line":79,"column":15},"end":{"line":79,"column":41}},{"start":{"line":79,"column":45},"end":{"line":79,"column":49}}]},"25":{"loc":{"start":{"line":81,"column":4},"end":{"line":83,"column":5}},"type":"if","locations":[{"start":{"line":81,"column":4},"end":{"line":83,"column":5}},{"start":{},"end":{}}]},"26":{"loc":{"start":{"line":104,"column":15},"end":{"line":104,"column":54}},"type":"binary-expr","locations":[{"start":{"line":104,"column":15},"end":{"line":104,"column":49}},{"start":{"line":104,"column":53},"end":{"line":104,"column":54}}]},"27":{"loc":{"start":{"line":105,"column":16},"end":{"line":105,"column":57}},"type":"binary-expr","locations":[{"start":{"line":105,"column":16},"end":{"line":105,"column":51}},{"start":{"line":105,"column":55},"end":{"line":105,"column":57}}]},"28":{"loc":{"start":{"line":108,"column":2},"end":{"line":112,"column":3}},"type":"if","locations":[{"start":{"line":108,"column":2},"end":{"line":112,"column":3}},{"start":{},"end":{}}]},"29":{"loc":{"start":{"line":108,"column":6},"end":{"line":108,"column":42}},"type":"binary-expr","locations":[{"start":{"line":108,"column":6},"end":{"line":108,"column":14}},{"start":{"line":108,"column":18},"end":{"line":108,"column":27}},{"start":{"line":108,"column":31},"end":{"line":108,"column":42}}]},"30":{"loc":{"start":{"line":119,"column":4},"end":{"line":121,"column":5}},"type":"if","locations":[{"start":{"line":119,"column":4},"end":{"line":121,"column":5}},{"start":{},"end":{}}]},"31":{"loc":{"start":{"line":122,"column":4},"end":{"line":124,"column":5}},"type":"if","locations":[{"start":{"line":122,"column":4},"end":{"line":124,"column":5}},{"start":{},"end":{}}]},"32":{"loc":{"start":{"line":123,"column":17},"end":{"line":123,"column":73}},"type":"binary-expr","locations":[{"start":{"line":123,"column":17},"end":{"line":123,"column":60}},{"start":{"line":123,"column":64},"end":{"line":123,"column":73}}]},"33":{"loc":{"start":{"line":130,"column":2},"end":{"line":130,"column":43}},"type":"if","locations":[{"start":{"line":130,"column":2},"end":{"line":130,"column":43}},{"start":{},"end":{}}]},"34":{"loc":{"start":{"line":131,"column":2},"end":{"line":131,"column":43}},"type":"if","locations":[{"start":{"line":131,"column":2},"end":{"line":131,"column":43}},{"start":{},"end":{}}]},"35":{"loc":{"start":{"line":141,"column":2},"end":{"line":143,"column":3}},"type":"if","locations":[{"start":{"line":141,"column":2},"end":{"line":143,"column":3}},{"start":{},"end":{}}]},"36":{"loc":{"start":{"line":147,"column":2},"end":{"line":149,"column":3}},"type":"if","locations":[{"start":{"line":147,"column":2},"end":{"line":149,"column":3}},{"start":{},"end":{}}]},"37":{"loc":{"start":{"line":158,"column":2},"end":{"line":160,"column":3}},"type":"if","locations":[{"start":{"line":158,"column":2},"end":{"line":160,"column":3}},{"start":{},"end":{}}]},"38":{"loc":{"start":{"line":163,"column":2},"end":{"line":165,"column":3}},"type":"if","locations":[{"start":{"line":163,"column":2},"end":{"line":165,"column":3}},{"start":{},"end":{}}]},"39":{"loc":{"start":{"line":163,"column":6},"end":{"line":163,"column":82}},"type":"binary-expr","locations":[{"start":{"line":163,"column":6},"end":{"line":163,"column":24}},{"start":{"line":163,"column":29},"end":{"line":163,"column":53}},{"start":{"line":163,"column":57},"end":{"line":163,"column":81}}]},"40":{"loc":{"start":{"line":167,"column":2},"end":{"line":172,"column":3}},"type":"if","locations":[{"start":{"line":167,"column":2},"end":{"line":172,"column":3}},{"start":{},"end":{}}]},"41":{"loc":{"start":{"line":168,"column":4},"end":{"line":169,"column":72}},"type":"binary-expr","locations":[{"start":{"line":168,"column":4},"end":{"line":168,"column":29}},{"start":{"line":169,"column":5},"end":{"line":169,"column":36}},{"start":{"line":169,"column":40},"end":{"line":169,"column":71}}]},"42":{"loc":{"start":{"line":174,"column":2},"end":{"line":176,"column":3}},"type":"if","locations":[{"start":{"line":174,"column":2},"end":{"line":176,"column":3}},{"start":{},"end":{}}]},"43":{"loc":{"start":{"line":174,"column":6},"end":{"line":174,"column":62}},"type":"binary-expr","locations":[{"start":{"line":174,"column":6},"end":{"line":174,"column":29}},{"start":{"line":174,"column":33},"end":{"line":174,"column":62}}]},"44":{"loc":{"start":{"line":178,"column":2},"end":{"line":180,"column":3}},"type":"if","locations":[{"start":{"line":178,"column":2},"end":{"line":180,"column":3}},{"start":{},"end":{}}]},"45":{"loc":{"start":{"line":178,"column":6},"end":{"line":178,"column":54}},"type":"binary-expr","locations":[{"start":{"line":178,"column":6},"end":{"line":178,"column":25}},{"start":{"line":178,"column":29},"end":{"line":178,"column":54}}]},"46":{"loc":{"start":{"line":182,"column":2},"end":{"line":184,"column":3}},"type":"if","locations":[{"start":{"line":182,"column":2},"end":{"line":184,"column":3}},{"start":{},"end":{}}]},"47":{"loc":{"start":{"line":182,"column":6},"end":{"line":182,"column":74}},"type":"binary-expr","locations":[{"start":{"line":182,"column":6},"end":{"line":182,"column":35}},{"start":{"line":182,"column":39},"end":{"line":182,"column":74}}]},"48":{"loc":{"start":{"line":212,"column":4},"end":{"line":214,"column":5}},"type":"if","locations":[{"start":{"line":212,"column":4},"end":{"line":214,"column":5}},{"start":{},"end":{}}]},"49":{"loc":{"start":{"line":216,"column":4},"end":{"line":218,"column":5}},"type":"if","locations":[{"start":{"line":216,"column":4},"end":{"line":218,"column":5}},{"start":{},"end":{}}]},"50":{"loc":{"start":{"line":224,"column":4},"end":{"line":226,"column":5}},"type":"if","locations":[{"start":{"line":224,"column":4},"end":{"line":226,"column":5}},{"start":{},"end":{}}]},"51":{"loc":{"start":{"line":234,"column":2},"end":{"line":236,"column":3}},"type":"if","locations":[{"start":{"line":234,"column":2},"end":{"line":236,"column":3}},{"start":{},"end":{}}]},"52":{"loc":{"start":{"line":242,"column":4},"end":{"line":244,"column":5}},"type":"if","locations":[{"start":{"line":242,"column":4},"end":{"line":244,"column":5}},{"start":{},"end":{}}]}},"s":{"0":12,"1":12,"2":12,"3":5,"4":2,"5":3,"6":1,"7":2,"8":0,"9":2,"10":2,"11":2,"12":0,"13":2,"14":12,"15":5,"16":2,"17":3,"18":0,"19":3,"20":0,"21":3,"22":3,"23":3,"24":1,"25":2,"26":12,"27":3,"28":3,"29":1,"30":2,"31":0,"32":2,"33":0,"34":2,"35":0,"36":2,"37":0,"38":2,"39":2,"40":2,"41":1,"42":0,"43":1,"44":1,"45":1,"46":1,"47":12,"48":2,"49":2,"50":2,"51":1,"52":1,"53":1,"54":1,"55":1,"56":1,"57":0,"58":1,"59":1,"60":1,"61":1,"62":1,"63":1,"64":1,"65":12,"66":1,"67":1,"68":0,"69":1,"70":1,"71":1,"72":0,"73":12,"74":3,"75":3,"76":3,"77":0,"78":3,"79":0,"80":3,"81":0,"82":3,"83":1,"84":2,"85":0,"86":2,"87":0,"88":2,"89":2,"90":2,"91":0,"92":2,"93":2,"94":2,"95":1,"96":2,"97":0,"98":2,"99":1,"100":1,"101":1,"102":0,"103":12,"104":2,"105":2,"106":0,"107":2,"108":2,"109":1,"110":1,"111":1,"112":0,"113":12},"f":{"0":5,"1":5,"2":3,"3":2,"4":1,"5":3,"6":2},"b":{"0":[3],"1":[2,3],"2":[1,1],"3":[1,2],"4":[3,2],"5":[0,2],"6":[0,2],"7":[3],"8":[2,3],"9":[2,0],"10":[0,3],"11":[3,3],"12":[0,3],"13":[1,2],"14":[1,2],"15":[3,2,2],"16":[0,2],"17":[2,2,2],"18":[0,2],"19":[2,0],"20":[0,2],"21":[2,0],"22":[0,2],"23":[2,0],"24":[2,1],"25":[0,1],"26":[2,1],"27":[2,0],"28":[1,1],"29":[2,2,2],"30":[1,0],"31":[1,0],"32":[1,0],"33":[1,0],"34":[1,0],"35":[0,1],"36":[1,0],"37":[0,3],"38":[0,3],"39":[3,2,2],"40":[0,3],"41":[3,0,0],"42":[1,2],"43":[3,1],"44":[0,2],"45":[2,0],"46":[0,2],"47":[2,0],"48":[1,1],"49":[0,2],"50":[1,0],"51":[0,2],"52":[1,0]}}
,"C:\\Users\\ACER\\Desktop\\DukeFarm\\DukeFarm-Backend\\src\\controllers\\health.controller.ts": {"path":"C:\\Users\\ACER\\Desktop\\DukeFarm\\DukeFarm-Backend\\src\\controllers\\health.controller.ts","statementMap":{"0":{"start":{"line":2,"column":0},"end":{"line":2,"column":59}},"1":{"start":{"line":4,"column":14},"end":{"line":11,"column":1}},"2":{"start":{"line":5,"column":2},"end":{"line":10,"column":3}},"3":{"start":{"line":6,"column":19},"end":{"line":6,"column":56}},"4":{"start":{"line":7,"column":4},"end":{"line":7,"column":21}},"5":{"start":{"line":9,"column":4},"end":{"line":9,"column":16}},"6":{"start":{"line":13,"column":13},"end":{"line":15,"column":2}}},"fnMap":{"0":{"name":"(anonymous_0)","decl":{"start":{"line":4,"column":14},"end":{"line":4,"column":19}},"loc":{"start":{"line":4,"column":73},"end":{"line":11,"column":1}}}},"branchMap":{},"s":{"0":12,"1":12,"2":2,"3":2,"4":1,"5":1,"6":12},"f":{"0":2},"b":{}}
,"C:\\Users\\ACER\\Desktop\\DukeFarm\\DukeFarm-Backend\\src\\controllers\\lineAuth.controller.ts": {"path":"C:\\Users\\ACER\\Desktop\\DukeFarm\\DukeFarm-Backend\\src\\controllers\\lineAuth.controller.ts","statementMap":{"0":{"start":{"line":2,"column":0},"end":{"line":2,"column":63}},"1":{"start":{"line":4,"column":0},"end":{"line":4,"column":43}},"2":{"start":{"line":5,"column":0},"end":{"line":5,"column":53}},"3":{"start":{"line":6,"column":0},"end":{"line":6,"column":60}},"4":{"start":{"line":8,"column":24},"end":{"line":29,"column":1}},"5":{"start":{"line":9,"column":2},"end":{"line":28,"column":3}},"6":{"start":{"line":10,"column":22},"end":{"line":10,"column":58}},"7":{"start":{"line":13,"column":4},"end":{"line":22,"column":5}},"8":{"start":{"line":14,"column":25},"end":{"line":14,"column":48}},"9":{"start":{"line":15,"column":6},"end":{"line":21,"column":7}},"10":{"start":{"line":16,"column":8},"end":{"line":16,"column":31}},"11":{"start":{"line":17,"column":13},"end":{"line":21,"column":7}},"12":{"start":{"line":18,"column":8},"end":{"line":18,"column":35}},"13":{"start":{"line":20,"column":8},"end":{"line":20,"column":105}},"14":{"start":{"line":24,"column":20},"end":{"line":24,"column":56}},"15":{"start":{"line":25,"column":4},"end":{"line":25,"column":22}},"16":{"start":{"line":27,"column":4},"end":{"line":27,"column":16}},"17":{"start":{"line":31,"column":27},"end":{"line":135,"column":1}},"18":{"start":{"line":32,"column":2},"end":{"line":134,"column":3}},"19":{"start":{"line":33,"column":46},"end":{"line":33,"column":55}},"20":{"start":{"line":35,"column":4},"end":{"line":37,"column":5}},"21":{"start":{"line":36,"column":6},"end":{"line":36,"column":75}},"22":{"start":{"line":39,"column":4},"end":{"line":41,"column":5}},"23":{"start":{"line":40,"column":6},"end":{"line":40,"column":77}},"24":{"start":{"line":43,"column":19},"end":{"line":43,"column":100}},"25":{"start":{"line":46,"column":25},"end":{"line":97,"column":6}},"26":{"start":{"line":100,"column":20},"end":{"line":100,"column":49}},"27":{"start":{"line":103,"column":25},"end":{"line":103,"column":44}},"28":{"start":{"line":104,"column":4},"end":{"line":106,"column":7}},"29":{"start":{"line":105,"column":6},"end":{"line":105,"column":53}},"30":{"start":{"line":105,"column":23},"end":{"line":105,"column":53}},"31":{"start":{"line":107,"column":4},"end":{"line":109,"column":5}},"32":{"start":{"line":108,"column":6},"end":{"line":108,"column":67}},"33":{"start":{"line":110,"column":22},"end":{"line":110,"column":46}},"34":{"start":{"line":113,"column":56},"end":{"line":113,"column":110}},"35":{"start":{"line":114,"column":29},"end":{"line":119,"column":6}},"36":{"start":{"line":121,"column":21},"end":{"line":121,"column":53}},"37":{"start":{"line":123,"column":19},"end":{"line":128,"column":6}},"38":{"start":{"line":130,"column":24},"end":{"line":130,"column":73}},"39":{"start":{"line":131,"column":4},"end":{"line":131,"column":30}},"40":{"start":{"line":133,"column":4},"end":{"line":133,"column":16}},"41":{"start":{"line":137,"column":14},"end":{"line":254,"column":1}},"42":{"start":{"line":138,"column":2},"end":{"line":253,"column":3}},"43":{"start":{"line":139,"column":4},"end":{"line":141,"column":5}},"44":{"start":{"line":140,"column":6},"end":{"line":140,"column":49}},"45":{"start":{"line":143,"column":21},"end":{"line":196,"column":6}},"46":{"start":{"line":198,"column":4},"end":{"line":200,"column":5}},"47":{"start":{"line":199,"column":6},"end":{"line":199,"column":51}},"48":{"start":{"line":202,"column":28},"end":{"line":203,"column":66}},"49":{"start":{"line":203,"column":6},"end":{"line":203,"column":66}},"50":{"start":{"line":205,"column":62},"end":{"line":205,"column":70}},"51":{"start":{"line":207,"column":25},"end":{"line":207,"column":44}},"52":{"start":{"line":208,"column":4},"end":{"line":212,"column":7}},"53":{"start":{"line":209,"column":6},"end":{"line":211,"column":7}},"54":{"start":{"line":210,"column":8},"end":{"line":210,"column":38}},"55":{"start":{"line":213,"column":4},"end":{"line":215,"column":5}},"56":{"start":{"line":214,"column":6},"end":{"line":214,"column":54}},"57":{"start":{"line":217,"column":22},"end":{"line":217,"column":46}},"58":{"start":{"line":219,"column":32},"end":{"line":222,"column":9}},"59":{"start":{"line":220,"column":6},"end":{"line":220,"column":44}},"60":{"start":{"line":220,"column":33},"end":{"line":220,"column":44}},"61":{"start":{"line":221,"column":6},"end":{"line":221,"column":48}},"62":{"start":{"line":224,"column":29},"end":{"line":230,"column":8}},"63":{"start":{"line":225,"column":26},"end":{"line":225,"column":69}},"64":{"start":{"line":226,"column":6},"end":{"line":228,"column":7}},"65":{"start":{"line":227,"column":8},"end":{"line":227,"column":27}},"66":{"start":{"line":229,"column":6},"end":{"line":229,"column":66}},"67":{"start":{"line":232,"column":27},"end":{"line":238,"column":8}},"68":{"start":{"line":233,"column":6},"end":{"line":235,"column":7}},"69":{"start":{"line":234,"column":8},"end":{"line":234,"column":47}},"70":{"start":{"line":236,"column":30},"end":{"line":236,"column":99}},"71":{"start":{"line":236,"column":67},"end":{"line":236,"column":95}},"72":{"start":{"line":237,"column":6},"end":{"line":237,"column":58}},"73":{"start":{"line":240,"column":34},"end":{"line":248,"column":12}},"74":{"start":{"line":250,"column":4},"end":{"line":250,"column":74}},"75":{"start":{"line":252,"column":4},"end":{"line":252,"column":16}},"76":{"start":{"line":256,"column":13},"end":{"line":260,"column":2}}},"fnMap":{"0":{"name":"(anonymous_9)","decl":{"start":{"line":8,"column":24},"end":{"line":8,"column":25}},"loc":{"start":{"line":8,"column":76},"end":{"line":29,"column":1}}},"1":{"name":"(anonymous_10)","decl":{"start":{"line":31,"column":27},"end":{"line":31,"column":32}},"loc":{"start":{"line":31,"column":85},"end":{"line":135,"column":1}}},"2":{"name":"(anonymous_11)","decl":{"start":{"line":100,"column":20},"end":{"line":100,"column":33}},"loc":{"start":{"line":100,"column":20},"end":{"line":100,"column":49}}},"3":{"name":"(anonymous_12)","decl":{"start":{"line":104,"column":51},"end":{"line":104,"column":52}},"loc":{"start":{"line":104,"column":58},"end":{"line":106,"column":5}}},"4":{"name":"(anonymous_13)","decl":{"start":{"line":137,"column":14},"end":{"line":137,"column":19}},"loc":{"start":{"line":137,"column":85},"end":{"line":254,"column":1}}},"5":{"name":"(anonymous_14)","decl":{"start":{"line":202,"column":28},"end":{"line":202,"column":29}},"loc":{"start":{"line":203,"column":6},"end":{"line":203,"column":66}}},"6":{"name":"(anonymous_15)","decl":{"start":{"line":208,"column":29},"end":{"line":208,"column":30}},"loc":{"start":{"line":208,"column":36},"end":{"line":212,"column":5}}},"7":{"name":"(anonymous_16)","decl":{"start":{"line":219,"column":56},"end":{"line":219,"column":57}},"loc":{"start":{"line":219,"column":68},"end":{"line":222,"column":5}}},"8":{"name":"(anonymous_17)","decl":{"start":{"line":224,"column":30},"end":{"line":224,"column":33}},"loc":{"start":{"line":224,"column":35},"end":{"line":230,"column":5}}},"9":{"name":"(anonymous_18)","decl":{"start":{"line":232,"column":28},"end":{"line":232,"column":31}},"loc":{"start":{"line":232,"column":33},"end":{"line":238,"column":5}}},"10":{"name":"(anonymous_19)","decl":{"start":{"line":236,"column":54},"end":{"line":236,"column":55}},"loc":{"start":{"line":236,"column":67},"end":{"line":236,"column":95}}}},"branchMap":{"0":{"loc":{"start":{"line":13,"column":4},"end":{"line":22,"column":5}},"type":"if","locations":[{"start":{"line":13,"column":4},"end":{"line":22,"column":5}},{"start":{},"end":{}}]},"1":{"loc":{"start":{"line":15,"column":6},"end":{"line":21,"column":7}},"type":"if","locations":[{"start":{"line":15,"column":6},"end":{"line":21,"column":7}},{"start":{"line":17,"column":13},"end":{"line":21,"column":7}}]},"2":{"loc":{"start":{"line":17,"column":13},"end":{"line":21,"column":7}},"type":"if","locations":[{"start":{"line":17,"column":13},"end":{"line":21,"column":7}},{"start":{"line":19,"column":13},"end":{"line":21,"column":7}}]},"3":{"loc":{"start":{"line":35,"column":4},"end":{"line":37,"column":5}},"type":"if","locations":[{"start":{"line":35,"column":4},"end":{"line":37,"column":5}},{"start":{},"end":{}}]},"4":{"loc":{"start":{"line":39,"column":4},"end":{"line":41,"column":5}},"type":"if","locations":[{"start":{"line":39,"column":4},"end":{"line":41,"column":5}},{"start":{},"end":{}}]},"5":{"loc":{"start":{"line":104,"column":5},"end":{"line":104,"column":41}},"type":"binary-expr","locations":[{"start":{"line":104,"column":5},"end":{"line":104,"column":35}},{"start":{"line":104,"column":39},"end":{"line":104,"column":41}}]},"6":{"loc":{"start":{"line":105,"column":6},"end":{"line":105,"column":53}},"type":"if","locations":[{"start":{"line":105,"column":6},"end":{"line":105,"column":53}},{"start":{},"end":{}}]},"7":{"loc":{"start":{"line":107,"column":4},"end":{"line":109,"column":5}},"type":"if","locations":[{"start":{"line":107,"column":4},"end":{"line":109,"column":5}},{"start":{},"end":{}}]},"8":{"loc":{"start":{"line":113,"column":56},"end":{"line":113,"column":110}},"type":"binary-expr","locations":[{"start":{"line":113,"column":56},"end":{"line":113,"column":68}},{"start":{"line":113,"column":72},"end":{"line":113,"column":110}}]},"9":{"loc":{"start":{"line":116,"column":21},"end":{"line":118,"column":14}},"type":"cond-expr","locations":[{"start":{"line":117,"column":10},"end":{"line":117,"column":85}},{"start":{"line":118,"column":10},"end":{"line":118,"column":14}}]},"10":{"loc":{"start":{"line":139,"column":4},"end":{"line":141,"column":5}},"type":"if","locations":[{"start":{"line":139,"column":4},"end":{"line":141,"column":5}},{"start":{},"end":{}}]},"11":{"loc":{"start":{"line":198,"column":4},"end":{"line":200,"column":5}},"type":"if","locations":[{"start":{"line":198,"column":4},"end":{"line":200,"column":5}},{"start":{},"end":{}}]},"12":{"loc":{"start":{"line":203,"column":6},"end":{"line":203,"column":66}},"type":"cond-expr","locations":[{"start":{"line":203,"column":46},"end":{"line":203,"column":59}},{"start":{"line":203,"column":62},"end":{"line":203,"column":66}}]},"13":{"loc":{"start":{"line":203,"column":6},"end":{"line":203,"column":43}},"type":"binary-expr","locations":[{"start":{"line":203,"column":6},"end":{"line":203,"column":20}},{"start":{"line":203,"column":24},"end":{"line":203,"column":43}}]},"14":{"loc":{"start":{"line":205,"column":12},"end":{"line":205,"column":33}},"type":"default-arg","locations":[{"start":{"line":205,"column":31},"end":{"line":205,"column":33}}]},"15":{"loc":{"start":{"line":209,"column":6},"end":{"line":211,"column":7}},"type":"if","locations":[{"start":{"line":209,"column":6},"end":{"line":211,"column":7}},{"start":{},"end":{}}]},"16":{"loc":{"start":{"line":213,"column":4},"end":{"line":215,"column":5}},"type":"if","locations":[{"start":{"line":213,"column":4},"end":{"line":215,"column":5}},{"start":{},"end":{}}]},"17":{"loc":{"start":{"line":220,"column":6},"end":{"line":220,"column":44}},"type":"if","locations":[{"start":{"line":220,"column":6},"end":{"line":220,"column":44}},{"start":{},"end":{}}]},"18":{"loc":{"start":{"line":226,"column":6},"end":{"line":228,"column":7}},"type":"if","locations":[{"start":{"line":226,"column":6},"end":{"line":228,"column":7}},{"start":{},"end":{}}]},"19":{"loc":{"start":{"line":226,"column":10},"end":{"line":226,"column":40}},"type":"binary-expr","locations":[{"start":{"line":226,"column":10},"end":{"line":226,"column":21}},{"start":{"line":226,"column":25},"end":{"line":226,"column":40}}]},"20":{"loc":{"start":{"line":229,"column":13},"end":{"line":229,"column":65}},"type":"cond-expr","locations":[{"start":{"line":229,"column":39},"end":{"line":229,"column":58}},{"start":{"line":229,"column":61},"end":{"line":229,"column":65}}]},"21":{"loc":{"start":{"line":233,"column":6},"end":{"line":235,"column":7}},"type":"if","locations":[{"start":{"line":233,"column":6},"end":{"line":235,"column":7}},{"start":{},"end":{}}]},"22":{"loc":{"start":{"line":236,"column":74},"end":{"line":236,"column":94}},"type":"binary-expr","locations":[{"start":{"line":236,"column":74},"end":{"line":236,"column":89}},{"start":{"line":236,"column":93},"end":{"line":236,"column":94}}]},"23":{"loc":{"start":{"line":237,"column":13},"end":{"line":237,"column":57}},"type":"cond-expr","locations":[{"start":{"line":237,"column":35},"end":{"line":237,"column":50}},{"start":{"line":237,"column":53},"end":{"line":237,"column":57}}]},"24":{"loc":{"start":{"line":240,"column":34},"end":{"line":248,"column":12}},"type":"cond-expr","locations":[{"start":{"line":241,"column":8},"end":{"line":247,"column":null}},{"start":{"line":248,"column":8},"end":{"line":248,"column":12}}]}},"s":{"0":12,"1":12,"2":12,"3":12,"4":12,"5":5,"6":5,"7":5,"8":4,"9":4,"10":2,"11":2,"12":1,"13":1,"14":4,"15":3,"16":1,"17":12,"18":4,"19":4,"20":4,"21":1,"22":3,"23":1,"24":2,"25":2,"26":4,"27":2,"28":2,"29":1,"30":1,"31":2,"32":1,"33":2,"34":2,"35":2,"36":2,"37":2,"38":2,"39":2,"40":0,"41":12,"42":4,"43":4,"44":1,"45":3,"46":3,"47":1,"48":2,"49":4,"50":2,"51":2,"52":2,"53":3,"54":3,"55":2,"56":2,"57":2,"58":2,"59":3,"60":0,"61":3,"62":2,"63":2,"64":2,"65":1,"66":1,"67":2,"68":2,"69":1,"70":1,"71":2,"72":1,"73":2,"74":2,"75":2,"76":12},"f":{"0":5,"1":4,"2":2,"3":1,"4":4,"5":4,"6":3,"7":3,"8":2,"9":2,"10":2},"b":{"0":[4,1],"1":[2,2],"2":[1,1],"3":[1,3],"4":[1,2],"5":[2,1],"6":[1,0],"7":[1,1],"8":[2,1],"9":[1,1],"10":[1,3],"11":[1,2],"12":[2,2],"13":[4,2],"14":[0],"15":[3,0],"16":[2,0],"17":[0,3],"18":[1,1],"19":[2,1],"20":[1,0],"21":[1,1],"22":[2,0],"23":[1,0],"24":[2,0]}}
,"C:\\Users\\ACER\\Desktop\\DukeFarm\\DukeFarm-Backend\\src\\controllers\\onboarding.controller.ts": {"path":"C:\\Users\\ACER\\Desktop\\DukeFarm\\DukeFarm-Backend\\src\\controllers\\onboarding.controller.ts","statementMap":{"0":{"start":{"line":1,"column":0},"end":{"line":1,"column":62}},"1":{"start":{"line":4,"column":0},"end":{"line":4,"column":53}},"2":{"start":{"line":5,"column":0},"end":{"line":5,"column":54}},"3":{"start":{"line":6,"column":0},"end":{"line":6,"column":67}},"4":{"start":{"line":8,"column":28},"end":{"line":14,"column":1}},"5":{"start":{"line":9,"column":2},"end":{"line":11,"column":3}},"6":{"start":{"line":10,"column":4},"end":{"line":10,"column":47}},"7":{"start":{"line":13,"column":2},"end":{"line":13,"column":18}},"8":{"start":{"line":16,"column":29},"end":{"line":27,"column":1}},"9":{"start":{"line":17,"column":2},"end":{"line":19,"column":3}},"10":{"start":{"line":18,"column":4},"end":{"line":18,"column":55}},"11":{"start":{"line":21,"column":18},"end":{"line":21,"column":30}},"12":{"start":{"line":22,"column":2},"end":{"line":24,"column":3}},"13":{"start":{"line":23,"column":4},"end":{"line":23,"column":55}},"14":{"start":{"line":26,"column":2},"end":{"line":26,"column":17}},"15":{"start":{"line":29,"column":30},"end":{"line":40,"column":1}},"16":{"start":{"line":30,"column":2},"end":{"line":32,"column":3}},"17":{"start":{"line":31,"column":4},"end":{"line":31,"column":16}},"18":{"start":{"line":34,"column":2},"end":{"line":36,"column":3}},"19":{"start":{"line":35,"column":4},"end":{"line":35,"column":60}},"20":{"start":{"line":38,"column":18},"end":{"line":38,"column":30}},"21":{"start":{"line":39,"column":2},"end":{"line":39,"column":41}},"22":{"start":{"line":42,"column":18},"end":{"line":53,"column":1}},"23":{"start":{"line":43,"column":2},"end":{"line":45,"column":3}},"24":{"start":{"line":44,"column":4},"end":{"line":44,"column":51}},"25":{"start":{"line":47,"column":21},"end":{"line":47,"column":38}},"26":{"start":{"line":48,"column":2},"end":{"line":50,"column":3}},"27":{"start":{"line":49,"column":4},"end":{"line":49,"column":75}},"28":{"start":{"line":52,"column":2},"end":{"line":52,"column":32}},"29":{"start":{"line":55,"column":23},"end":{"line":85,"column":1}},"30":{"start":{"line":56,"column":22},"end":{"line":56,"column":45}},"31":{"start":{"line":58,"column":20},"end":{"line":64,"column":3}},"32":{"start":{"line":59,"column":18},"end":{"line":59,"column":37}},"33":{"start":{"line":60,"column":4},"end":{"line":62,"column":5}},"34":{"start":{"line":61,"column":6},"end":{"line":61,"column":68}},"35":{"start":{"line":63,"column":4},"end":{"line":63,"column":29}},"36":{"start":{"line":66,"column":2},"end":{"line":77,"column":3}},"37":{"start":{"line":67,"column":19},"end":{"line":72,"column":6}},"38":{"start":{"line":68,"column":6},"end":{"line":70,"column":7}},"39":{"start":{"line":69,"column":8},"end":{"line":69,"column":64}},"40":{"start":{"line":71,"column":6},"end":{"line":71,"column":30}},"41":{"start":{"line":73,"column":4},"end":{"line":75,"column":5}},"42":{"start":{"line":74,"column":6},"end":{"line":74,"column":71}},"43":{"start":{"line":76,"column":4},"end":{"line":76,"column":39}},"44":{"start":{"line":79,"column":2},"end":{"line":82,"column":3}},"45":{"start":{"line":80,"column":19},"end":{"line":80,"column":71}},"46":{"start":{"line":80,"column":48},"end":{"line":80,"column":70}},"47":{"start":{"line":81,"column":4},"end":{"line":81,"column":39}},"48":{"start":{"line":84,"column":2},"end":{"line":84,"column":90}},"49":{"start":{"line":96,"column":28},"end":{"line":105,"column":1}},"50":{"start":{"line":97,"column":2},"end":{"line":99,"column":3}},"51":{"start":{"line":98,"column":4},"end":{"line":98,"column":55}},"52":{"start":{"line":100,"column":14},"end":{"line":100,"column":75}},"53":{"start":{"line":101,"column":2},"end":{"line":103,"column":3}},"54":{"start":{"line":102,"column":4},"end":{"line":102,"column":69}},"55":{"start":{"line":104,"column":2},"end":{"line":104,"column":13}},"56":{"start":{"line":107,"column":22},"end":{"line":116,"column":1}},"57":{"start":{"line":108,"column":2},"end":{"line":110,"column":3}},"58":{"start":{"line":109,"column":4},"end":{"line":109,"column":55}},"59":{"start":{"line":111,"column":16},"end":{"line":111,"column":33}},"60":{"start":{"line":112,"column":2},"end":{"line":114,"column":3}},"61":{"start":{"line":113,"column":4},"end":{"line":113,"column":71}},"62":{"start":{"line":115,"column":2},"end":{"line":115,"column":27}},"63":{"start":{"line":118,"column":22},"end":{"line":128,"column":1}},"64":{"start":{"line":119,"column":2},"end":{"line":121,"column":3}},"65":{"start":{"line":120,"column":4},"end":{"line":120,"column":55}},"66":{"start":{"line":122,"column":16},"end":{"line":122,"column":33}},"67":{"start":{"line":123,"column":22},"end":{"line":123,"column":45}},"68":{"start":{"line":124,"column":2},"end":{"line":126,"column":3}},"69":{"start":{"line":125,"column":4},"end":{"line":125,"column":85}},"70":{"start":{"line":127,"column":2},"end":{"line":127,"column":27}},"71":{"start":{"line":130,"column":19},"end":{"line":154,"column":1}},"72":{"start":{"line":131,"column":2},"end":{"line":133,"column":3}},"73":{"start":{"line":132,"column":4},"end":{"line":132,"column":
[...]
":{"line":246,"column":51},"end":{"line":246,"column":53}}]},"33":{"loc":{"start":{"line":248,"column":63},"end":{"line":248,"column":87}},"type":"binary-expr","locations":[{"start":{"line":248,"column":63},"end":{"line":248,"column":70}},{"start":{"line":248,"column":74},"end":{"line":248,"column":87}}]},"34":{"loc":{"start":{"line":257,"column":59},"end":{"line":257,"column":77}},"type":"default-arg","locations":[{"start":{"line":257,"column":75},"end":{"line":257,"column":77}}]},"35":{"loc":{"start":{"line":260,"column":2},"end":{"line":262,"column":3}},"type":"if","locations":[{"start":{"line":260,"column":2},"end":{"line":262,"column":3}},{"start":{},"end":{}}]},"36":{"loc":{"start":{"line":275,"column":4},"end":{"line":277,"column":5}},"type":"if","locations":[{"start":{"line":275,"column":4},"end":{"line":277,"column":5}},{"start":{},"end":{}}]},"37":{"loc":{"start":{"line":275,"column":8},"end":{"line":275,"column":62}},"type":"binary-expr","locations":[{"start":{"line":275,"column":8},"end":{"line":275,"column":27}},{"start":{"line":275,"column":31},"end":{"line":275,"column":62}}]},"38":{"loc":{"start":{"line":280,"column":26},"end":{"line":280,"column":64}},"type":"binary-expr","locations":[{"start":{"line":280,"column":26},"end":{"line":280,"column":53}},{"start":{"line":280,"column":57},"end":{"line":280,"column":64}}]},"39":{"loc":{"start":{"line":282,"column":28},"end":{"line":282,"column":106}},"type":"binary-expr","locations":[{"start":{"line":282,"column":28},"end":{"line":282,"column":68}},{"start":{"line":282,"column":72},"end":{"line":282,"column":106}}]},"40":{"loc":{"start":{"line":285,"column":14},"end":{"line":285,"column":66}},"type":"binary-expr","locations":[{"start":{"line":285,"column":14},"end":{"line":285,"column":38}},{"start":{"line":285,"column":42},"end":{"line":285,"column":66}}]},"41":{"loc":{"start":{"line":286,"column":22},"end":{"line":286,"column":52}},"type":"binary-expr","locations":[{"start":{"line":286,"column":22},"end":{"line":286,"column":47}},{"start":{"line":286,"column":51},"end":{"line":286,"column":52}}]},"42":{"loc":{"start":{"line":287,"column":34},"end":{"line":287,"column":79}},"type":"binary-expr","locations":[{"start":{"line":287,"column":34},"end":{"line":287,"column":74}},{"start":{"line":287,"column":78},"end":{"line":287,"column":79}}]},"43":{"loc":{"start":{"line":296,"column":4},"end":{"line":304,"column":5}},"type":"if","locations":[{"start":{"line":296,"column":4},"end":{"line":304,"column":5}},{"start":{},"end":{}}]},"44":{"loc":{"start":{"line":297,"column":21},"end":{"line":297,"column":56}},"type":"binary-expr","locations":[{"start":{"line":297,"column":21},"end":{"line":297,"column":43}},{"start":{"line":297,"column":47},"end":{"line":297,"column":56}}]},"45":{"loc":{"start":{"line":299,"column":8},"end":{"line":301,"column":54}},"type":"cond-expr","locations":[{"start":{"line":300,"column":12},"end":{"line":300,"column":31}},{"start":{"line":301,"column":12},"end":{"line":301,"column":54}}]},"46":{"loc":{"start":{"line":301,"column":27},"end":{"line":301,"column":53}},"type":"binary-expr","locations":[{"start":{"line":301,"column":27},"end":{"line":301,"column":47}},{"start":{"line":301,"column":51},"end":{"line":301,"column":53}}]},"47":{"loc":{"start":{"line":303,"column":63},"end":{"line":303,"column":87}},"type":"binary-expr","locations":[{"start":{"line":303,"column":63},"end":{"line":303,"column":70}},{"start":{"line":303,"column":74},"end":{"line":303,"column":87}}]},"48":{"loc":{"start":{"line":326,"column":20},"end":{"line":326,"column":47}},"type":"binary-expr","locations":[{"start":{"line":326,"column":20},"end":{"line":326,"column":41}},{"start":{"line":326,"column":45},"end":{"line":326,"column":47}}]},"49":{"loc":{"start":{"line":327,"column":21},"end":{"line":327,"column":82}},"type":"binary-expr","locations":[{"start":{"line":327,"column":21},"end":{"line":327,"column":35}},{"start":{"line":327,"column":39},"end":{"line":327,"column":60}},{"start":{"line":327,"column":64},"end":{"line":327,"column":76}},{"start":{"line":327,"column":80},"end":{"line":327,"column":82}}]},"50":{"loc":{"start":{"line":328,"column":17},"end":{"line":328,"column":52}},"type":"binary-expr","locations":[{"start":{"line":328,"column":17},"end":{"line":328,"column":29}},{"start":{"line":328,"column":33},"end":{"line":328,"column":46}},{"start":{"line":328,"column":50},"end":{"line":328,"column":52}}]},"51":{"loc":{"start":{"line":329,"column":20},"end":{"line":329,"column":49}},"type":"binary-expr","locations":[{"start":{"line":329,"column":20},"end":{"line":329,"column":35}},{"start":{"line":329,"column":39},"end":{"line":329,"column":49}}]},"52":{"loc":{"start":{"line":332,"column":12},"end":{"line":332,"column":94}},"type":"cond-expr","locations":[{"start":{"line":332,"column":31},"end":{"line":332,"column":53}},{"start":{"line":332,"column":56},"end":{"line":332,"column":94}}]},"53":{"loc":{"start":{"line":332,"column":12},"end":{"line":332,"column":28}},"type":"binary-expr","locations":[{"start":{"line":332,"column":12},"end":{"line":332,"column":20}},{"start":{"line":332,"column":24},"end":{"line":332,"column":28}}]},"54":{"loc":{"start":{"line":332,"column":56},"end":{"line":332,"column":94}},"type":"binary-expr","locations":[{"start":{"line":332,"column":56},"end":{"line":332,"column":60}},{"start":{"line":332,"column":64},"end":{"line":332,"column":72}},{"start":{"line":332,"column":76},"end":{"line":332,"column":94}}]}},"s":{"0":12,"1":12,"2":12,"3":12,"4":12,"5":12,"6":25,"7":25,"8":12,"9":25,"10":25,"11":21,"12":4,"13":1,"14":1,"15":3,"16":12,"17":12,"18":12,"19":14,"20":14,"21":12,"22":3,"23":3,"24":12,"25":11,"26":11,"27":11,"28":1,"29":10,"30":10,"31":7,"32":7,"33":1,"34":6,"35":6,"36":6,"37":6,"38":6,"39":6,"40":4,"41":2,"42":2,"43":2,"44":2,"45":12,"46":7,"47":7,"48":7,"49":1,"50":6,"51":6,"52":4,"53":4,"54":1,"55":3,"56":5,"57":5,"58":5,"59":5,"60":5,"61":5,"62":5,"63":5,"64":3,"65":3,"66":3,"67":1,"68":1,"69":1,"70":2,"71":12,"72":7,"73":7,"74":7,"75":1,"76":6,"77":6,"78":4,"79":4,"80":1,"81":3,"82":3,"83":3,"84":3,"85":3,"86":3,"87":3,"88":3,"89":1,"90":1,"91":1,"92":2,"93":12,"94":5,"95":5,"96":4,"97":4,"98":4,"99":4,"100":4,"101":1,"102":12},"f":{"0":25,"1":25,"2":12,"3":14,"4":3,"5":11,"6":7,"7":5,"8":7,"9":3,"10":5},"b":{"0":[11],"1":[14,11],"2":[21,4],"3":[1,3],"4":[14,1],"5":[3,3],"6":[1,10],"7":[1,6],"8":[6,0],"9":[6,1],"10":[6,1],"11":[6,1],"12":[6,1],"13":[6,1],"14":[2,2],"15":[2,0],"16":[1,1],"17":[1,0],"18":[2,0],"19":[1],"20":[1,6],"21":[1,3],"22":[4,4],"23":[5,1,0],"24":[5,0],"25":[5,1],"26":[5,0],"27":[5,0],"28":[4,1],"29":[1,2],"30":[1,1],"31":[0,1],"32":[1,1],"33":[1,0],"34":[1],"35":[1,6],"36":[1,3],"37":[4,4],"38":[3,0],"39":[3,1],"40":[3,1],"41":[3,1],"42":[3,1],"43":[1,2],"44":[1,0],"45":[1,0],"46":[0,0],"47":[1,1],"48":[4,1],"49":[4,3,3,2],"50":[4,2,2],"51":[4,2],"52":[1,3],"53":[4,2],"54":[3,2,1]}}
,"C:\\Users\\ACER\\Desktop\\DukeFarm\\DukeFarm-Backend\\src\\utils\\httpError.ts": {"path":"C:\\Users\\ACER\\Desktop\\DukeFarm\\DukeFarm-Backend\\src\\utils\\httpError.ts","statementMap":{"0":{"start":{"line":6,"column":4},"end":{"line":6,"column":19}},"1":{"start":{"line":7,"column":4},"end":{"line":7,"column":25}},"2":{"start":{"line":8,"column":4},"end":{"line":8,"column":27}},"3":{"start":{"line":9,"column":4},"end":{"line":9,"column":54}},"4":{"start":{"line":1,"column":0},"end":{"line":1,"column":13}},"5":{"start":{"line":13,"column":31},"end":{"line":14,"column":41}},"6":{"start":{"line":14,"column":2},"end":{"line":14,"column":41}},"7":{"start":{"line":13,"column":13},"end":{"line":13,"column":31}}},"fnMap":{"0":{"name":"(anonymous_0)","decl":{"start":{"line":5,"column":2},"end":{"line":5,"column":14}},"loc":{"start":{"line":5,"column":64},"end":{"line":10,"column":3}}},"1":{"name":"(anonymous_1)","decl":{"start":{"line":13,"column":31},"end":{"line":13,"column":32}},"loc":{"start":{"line":14,"column":2},"end":{"line":14,"column":41}}}},"branchMap":{},"s":{"0":65,"1":65,"2":65,"3":65,"4":20,"5":20,"6":57,"7":20},"f":{"0":65,"1":57},"b":{}}
,"C:\\Users\\ACER\\Desktop\\DukeFarm\\DukeFarm-Backend\\src\\utils\\jwt.ts": {"path":"C:\\Users\\ACER\\Desktop\\DukeFarm\\DukeFarm-Backend\\src\\utils\\jwt.ts","statementMap":{"0":{"start":{"line":1,"column":0},"end":{"line":1,"column":48}},"1":{"start":{"line":2,"column":0},"end":{"line":2,"column":36}},"2":{"start":{"line":13,"column":36},"end":{"line":16,"column":2}},"3":{"start":{"line":18,"column":16},"end":{"line":19,"column":69}},"4":{"start":{"line":19,"column":2},"end":{"line":19,"column":69}},"5":{"start":{"line":24,"column":9},"end":{"line":24,"column":16}},"6":{"start":{"line":21,"column":18},"end":{"line":22,"column":39}},"7":{"start":{"line":22,"column":2},"end":{"line":22,"column":39}},"8":{"start":{"line":24,"column":18},"end":{"line":24,"column":27}}},"fnMap":{"0":{"name":"(anonymous_1)","decl":{"start":{"line":18,"column":16},"end":{"line":18,"column":17}},"loc":{"start":{"line":19,"column":2},"end":{"line":19,"column":69}}},"1":{"name":"(anonymous_2)","decl":{"start":{"line":21,"column":18},"end":{"line":21,"column":58}},"loc":{"start":{"line":22,"column":2},"end":{"line":22,"column":39}}}},"branchMap":{},"s":{"0":15,"1":15,"2":15,"3":15,"4":26,"5":15,"6":15,"7":77,"8":15},"f":{"0":26,"1":77},"b":{}}
,"C:\\Users\\ACER\\Desktop\\DukeFarm\\DukeFarm-Backend\\src\\utils\\lineApi.ts": {"path":"C:\\Users\\ACER\\Desktop\\DukeFarm\\DukeFarm-Backend\\src\\utils\\lineApi.ts","statementMap":{"0":{"start":{"line":1,"column":0},"end":{"line":1,"column":26}},"1":{"start":{"line":2,"column":0},"end":{"line":2,"column":36}},"2":{"start":{"line":4,"column":28},"end":{"line":4,"column":67}},"3":{"start":{"line":46,"column":50},"end":{"line":46,"column":69}},"4":{"start":{"line":5,"column":30},"end":{"line":5,"column":62}},"5":{"start":{"line":46,"column":71},"end":{"line":46,"column":92}},"6":{"start":{"line":22,"column":30},"end":{"line":36,"column":1}},"7":{"start":{"line":23,"column":17},"end":{"line":29,"column":4}},"8":{"start":{"line":31,"column":19},"end":{"line":33,"column":4}},"9":{"start":{"line":35,"column":2},"end":{"line":35,"column":14}},"10":{"start":{"line":46,"column":9},"end":{"line":46,"column":30}},"11":{"start":{"line":38,"column":25},"end":{"line":44,"column":1}},"12":{"start":{"line":39,"column":19},"end":{"line":41,"column":4}},"13":{"start":{"line":43,"column":2},"end":{"line":43,"column":14}},"14":{"start":{"line":46,"column":32},"end":{"line":46,"column":48}}},"fnMap":{"0":{"name":"(anonymous_1)","decl":{"start":{"line":22,"column":30},"end":{"line":22,"column":35}},"loc":{"start":{"line":22,"column":81},"end":{"line":36,"column":1}}},"1":{"name":"(anonymous_2)","decl":{"start":{"line":38,"column":25},"end":{"line":38,"column":30}},"loc":{"start":{"line":38,"column":85},"end":{"line":44,"column":1}}}},"branchMap":{},"s":{"0":12,"1":12,"2":12,"3":12,"4":12,"5":12,"6":12,"7":1,"8":1,"9":1,"10":12,"11":12,"12":1,"13":1,"14":12},"f":{"0":1,"1":1},"b":{}}
,"C:\\Users\\ACER\\Desktop\\DukeFarm\\DukeFarm-Backend\\src\\utils\\logger.ts": {"path":"C:\\Users\\ACER\\Desktop\\DukeFarm\\DukeFarm-Backend\\src\\utils\\logger.ts","statementMap":{"0":{"start":{"line":3,"column":27},"end":{"line":26,"column":1}},"1":{"start":{"line":4,"column":2},"end":{"line":10,"column":3}},"2":{"start":{"line":5,"column":4},"end":{"line":9,"column":6}},"3":{"start":{"line":12,"column":2},"end":{"line":14,"column":3}},"4":{"start":{"line":13,"column":4},"end":{"line":13,"column":41}},"5":{"start":{"line":16,"column":2},"end":{"line":23,"column":3}},"6":{"start":{"line":17,"column":4},"end":{"line":22,"column":6}},"7":{"start":{"line":18,"column":83},"end":{"line":21,"column":8}},"8":{"start":{"line":25,"column":2},"end":{"line":25,"column":15}},"9":{"start":{"line":28,"column":22},"end":{"line":36,"column":1}},"10":{"start":{"line":29,"column":2},"end":{"line":31,"column":3}},"11":{"start":{"line":30,"column":4},"end":{"line":30,"column":21}},"12":{"start":{"line":33,"column":2},"end":{"line":35,"column":4}},"13":{"start":{"line":34,"column":47},"end":{"line":34,"column":79}},"14":{"start":{"line":38,"column":12},"end":{"line":62,"column":1}},"15":{"start":{"line":39,"column":18},"end":{"line":44,"column":4}},"16":{"start":{"line":46,"column":21},"end":{"line":46,"column":44}},"17":{"start":{"line":48,"column":2},"end":{"line":61,"column":3}},"18":{"start":{"line":51,"column":6},"end":{"line":51,"column":30}},"19":{"start":{"line":52,"column":6},"end":{"line":52,"column":12}},"20":{"start":{"line":54,"column":6},"end":{"line":54,"column":31}},"21":{"start":{"line":55,"column":6},"end":{"line":55,"column":12}},"22":{"start":{"line":57,"column":6},"end":{"line":57,"column":32}},"23":{"start":{"line":58,"column":6},"end":{"line":58,"column":12}},"24":{"start":{"line":60,"column":6},"end":{"line":60,"column":30}},"25":{"start":{"line":64,"column":15},"end":{"line":69,"column":2}},"26":{"start":{"line":65,"column":61},"end":{"line":65,"column":87}},"27":{"start":{"line":66,"column":61},"end":{"line":66,"column":87}},"28":{"start":{"line":67,"column":62},"end":{"line":67,"column":89}},"29":{"start":{"line":68,"column":62},"end":{"line":68,"column":89}},"30":{"start":{"line":71,"column":9},"end":{"line":71,"column":15}}},"fnMap":{"0":{"name":"(anonymous_0)","decl":{"start":{"line":3,"column":27},"end":{"line":3,"column":28}},"loc":{"start":{"line":3,"column":55},"end":{"line":26,"column":1}}},"1":{"name":"(anonymous_1)","decl":{"start":{"line":18,"column":59},"end":{"line":18,"column":60}},"loc":{"start":{"line":18,"column":83},"end":{"line":21,"column":8}}},"2":{"name":"(anonymous_2)","decl":{"start":{"line":28,"column":22},"end":{"line":28,"column":23}},"loc":{"start":{"line":28,"column":57},"end":{"line":36,"column":1}}},"3":{"name":"(anonymous_3)","decl":{"start":{"line":34,"column":29},"end":{"line":34,"column":30}},"loc":{"start":{"line":34,"column":47},"end":{"line":34,"column":79}}},"4":{"name":"(anonymous_4)","decl":{"start":{"line":38,"column":12},"end":{"line":38,"column":13}},"loc":{"start":{"line":38,"column":81},"end":{"line":62,"column":1}}},"5":{"name":"(anonymous_5)","decl":{"start":{"line":65,"column":8},"end":{"line":65,"column":9}},"loc":{"start":{"line":65,"column":61},"end":{"line":65,"column":87}}},"6":{"name":"(anonymous_6)","decl":{"start":{"line":66,"column":8},"end":{"line":66,"column":9}},"loc":{"start":{"line":66,"column":61},"end":{"line":66,"column":87}}},"7":{"name":"(anonymous_7)","decl":{"start":{"line":67,"column":9},"end":{"line":67,"column":10}},"loc":{"start":{"line":67,"column":62},"end":{"line":67,"column":89}}},"8":{"name":"(anonymous_8)","decl":{"start":{"line":68,"column":9},"end":{"line":68,"column":10}},"loc":{"start":{"line":68,"column":62},"end":{"line":68,"column":89}}}},"branchMap":{"0":{"loc":{"start":{"line":4,"column":2},"end":{"line":10,"column":3}},"type":"if","locations":[{"start":{"line":4,"column":2},"end":{"line":10,"column":3}},{"start":{},"end":{}}]},"1":{"loc":{"start":{"line":12,"column":2},"end":{"line":14,"column":3}},"type":"if","locations":[{"start":{"line":12,"column":2},"end":{"line":14,"column":3}},{"start":{},"end":{}}]},"2":{"loc":{"start":{"line":16,"column":2},"end":{"line":23,"column":3}},"type":"if","locations":[{"start":{"line":16,"column":2},"end":{"line":23,"column":3}},{"start":{},"end":{}}]},"3":{"loc":{"start":{"line":16,"column":6},"end":{"line":16,"column":40}},"type":"binary-expr","locations":[{"start":{"line":16,"column":6},"end":{"line":16,"column":11}},{"start":{"line":16,"column":15},"end":{"line":16,"column":40}}]},"4":{"loc":{"start":{"line":29,"column":2},"end":{"line":31,"column":3}},"type":"if","locations":[{"start":{"line":29,"column":2},"end":{"line":31,"column":3}},{"start":{},"end":{}}]},"5":{"loc":{"start":{"line":43,"column":8},"end":{"line":43,"column":33}},"type":"binary-expr","locations":[{"start":{"line":43,"column":8},"end":{"line":43,"column":27}},{"start":{"line":43,"column":31},"end":{"line":43,"column":33}}]},"6":{"loc":{"start":{"line":48,"column":2},"end":{"line":61,"column":3}},"type":"switch","locations":[{"start":{"line":49,"column":4},"end":{"line":49,"column":16}},{"start":{"line":50,"column":4},"end":{"line":52,"column":12}},{"start":{"line":53,"column":4},"end":{"line":55,"column":12}},{"start":{"line":56,"column":4},"end":{"line":58,"column":12}},{"start":{"line":59,"column":4},"end":{"line":60,"column":30}}]}},"s":{"0":1,"1":10,"2":1,"3":9,"4":1,"5":8,"6":2,"7":2,"8":6,"9":1,"10":10,"11":6,"12":4,"13":5,"14":1,"15":10,"16":10,"17":10,"18":7,"19":7,"20":1,"21":1,"22":2,"23":2,"24":0,"25":1,"26":6,"27":1,"28":2,"29":1,"30":1},"f":{"0":10,"1":2,"2":10,"3":5,"4":10,"5":6,"6":1,"7":2,"8":1},"b":{"0":[1,9],"1":[1,8],"2":[2,6],"3":[8,8],"4":[6,4],"5":[10,6],"6":[6,7,1,2,0]}}
,"C:\\Users\\ACER\\Desktop\\DukeFarm\\DukeFarm-Backend\\src\\utils\\number.ts": {"path":"C:\\Users\\ACER\\Desktop\\DukeFarm\\DukeFarm-Backend\\src\\utils\\number.ts","statementMap":{"0":{"start":{"line":1,"column":0},"end":{"line":1,"column":40}},"1":{"start":{"line":3,"column":35},"end":{"line":14,"column":1}},"2":{"start":{"line":4,"column":2},"end":{"line":6,"column":3}},"3":{"start":{"line":5,"column":4},"end":{"line":5,"column":21}},"4":{"start":{"line":8,"column":17},"end":{"line":8,"column":30}},"5":{"start":{"line":9,"column":2},"end":{"line":11,"column":3}},"6":{"start":{"line":10,"column":4},"end":{"line":10,"column":58}},"7":{"start":{"line":13,"column":2},"end":{"line":13,"column":16}},"8":{"start":{"line":3,"column":13},"end":{"line":3,"column":35}},"9":{"start":{"line":16,"column":31},"end":{"line":27,"column":1}},"10":{"start":{"line":17,"column":2},"end":{"line":19,"column":3}},"11":{"start":{"line":18,"column":4},"end":{"line":18,"column":16}},"12":{"start":{"line":21,"column":17},"end":{"line":21,"column":30}},"13":{"start":{"line":22,"column":2},"end":{"line":24,"column":3}},"14":{"start":{"line":23,"column":4},"end":{"line":23,"column":16}},"15":{"start":{"line":26,"column":2},"end":{"line":26,"column":16}},"16":{"start":{"line":16,"column":13},"end":{"line":16,"column":31}}},"fnMap":{"0":{"name":"(anonymous_0)","decl":{"start":{"line":3,"column":35},"end":{"line":3,"column":36}},"loc":{"start":{"line":3,"column":89},"end":{"line":14,"column":1}}},"1":{"name":"(anonymous_1)","decl":{"start":{"line":16,"column":31},"end":{"line":16,"column":32}},"loc":{"start":{"line":16,"column":65},"end":{"line":27,"column":1}}}},"branchMap":{"0":{"loc":{"start":{"line":4,"column":2},"end":{"line":6,"column":3}},"type":"if","locations":[{"start":{"line":4,"column":2},"end":{"line":6,"column":3}},{"start":{},"end":{}}]},"1":{"loc":{"start":{"line":4,"column":6},"end":{"line":4,"column":59}},"type":"binary-expr","locations":[{"start":{"line":4,"column":6},"end":{"line":4,"column":25}},{"start":{"line":4,"column":29},"end":{"line":4,"column":43}},{"start":{"line":4,"column":47},"end":{"line":4,"column":59}}]},"2":{"loc":{"start":{"line":9,"column":2},"end":{"line":11,"column":3}},"type":"if","locations":[{"start":{"line":9,"column":2},"end":{"line":11,"column":3}},{"start":{},"end":{}}]},"3":{"loc":{"start":{"line":17,"column":2},"end":{"line":19,"column":3}},"type":"if","locations":[{"start":{"line":17,"column":2},"end":{"line":19,"column":3}},{"start":{},"end":{}}]},"4":{"loc":{"start":{"line":17,"column":6},"end":{"line":17,"column":43}},"type":"binary-expr","locations":[{"start":{"line":17,"column":6},"end":{"line":17,"column":20}},{"start":{"line":17,"column":24},"end":{"line":17,"column":43}}]},"5":{"loc":{"start":{"line":22,"column":2},"end":{"line":24,"column":3}},"type":"if","locations":[{"start":{"line":22,"column":2},"end":{"line":24,"column":3}},{"start":{},"end":{}}]}},"s":{"0":15,"1":15,"2":20,"3":5,"4":15,"5":15,"6":4,"7":11,"8":15,"9":15,"10":21,"11":14,"12":7,"13":7,"14":2,"15":5,"16":15},"f":{"0":20,"1":21},"b":{"0":[5,15],"1":[20,17,16],"2":[4,11],"3":[14,7],"4":[21,10],"5":[2,5]}}
}
