TN:
SF:src\app.ts
FN:7,(anonymous_1)
FN:17,(anonymous_2)
FN:23,(anonymous_3)
FNF:3
FNH:3
FNDA:12,(anonymous_1)
FNDA:1,(anonymous_2)
FNDA:2,(anonymous_3)
DA:1,12
DA:2,12
DA:3,12
DA:4,12
DA:5,12
DA:7,12
DA:8,12
DA:10,12
DA:11,12
DA:12,12
DA:14,12
DA:15,12
DA:17,12
DA:18,1
DA:21,12
DA:23,12
DA:24,2
DA:27,12
DA:29,12
DA:32,12
LF:20
LH:20
BRF:0
BRH:0
end_of_record
TN:
SF:src\clients\prisma.ts
FN:8,(anonymous_0)
FNF:1
FNH:1
FNDA:1,(anonymous_0)
DA:1,9
DA:2,9
DA:4,9
DA:8,9
DA:9,1
DA:10,1
DA:11,1
DA:13,0
DA:14,0
DA:18,9
DA:19,1
DA:22,9
LF:12
LH:10
BRDA:18,0,0,1
BRDA:18,0,1,8
BRF:2
BRH:2
end_of_record
TN:
SF:src\config\env.ts
FN:29,(anonymous_1)
FN:35,(anonymous_2)
FN:48,(anonymous_3)
FNF:3
FNH:3
FNDA:16,(anonymous_1)
FNDA:16,(anonymous_2)
FNDA:91,(anonymous_3)
DA:1,16
DA:3,16
DA:19,16
DA:29,16
DA:30,16
DA:31,15
DA:32,15
DA:35,16
DA:36,16
DA:48,16
DA:49,91
DA:50,8
DA:54,8
DA:57,16
LF:14
LH:14
BRDA:29,0,0,0
BRDA:30,1,0,1
BRDA:30,1,1,15
BRDA:32,2,0,14
BRDA:32,2,1,1
BRDA:37,3,0,16
BRDA:37,3,1,1
BRDA:39,4,0,16
BRDA:39,4,1,1
BRDA:40,5,0,16
BRDA:40,5,1,1
BRDA:41,6,0,16
BRDA:41,6,1,1
BRDA:42,7,0,16
BRDA:42,7,1,1
BRDA:43,8,0,16
BRDA:43,8,1,1
BRDA:44,9,0,16
BRDA:44,9,1,1
BRDA:45,10,0,16
BRDA:45,10,1,2
BRDA:49,11,0,8
BRDA:49,11,1,83
BRF:23
BRH:22
end_of_record
TN:
SF:src\controllers\admin.controller.ts
FN:12,(anonymous_1)
FN:85,(anonymous_2)
FN:110,(anonymous_3)
FNF:3
FNH:3
FNDA:4,(anonymous_1)
FNDA:3,(anonymous_2)
FNDA:1,(anonymous_3)
DA:2,12
DA:3,12
DA:4,12
DA:5,12
DA:6,12
DA:12,12
DA:13,4
DA:14,4
DA:17,4
DA:18,1
DA:22,3
DA:31,3
DA:32,1
DA:35,2
DA:38,2
DA:39,1
DA:43,1
DA:48,1
DA:49,0
DA:53,1
DA:61,1
DA:64,1
DA:77,3
DA:85,12
DA:86,3
DA:87,3
DA:90,3
DA:91,1
DA:95,2
DA:99,2
DA:100,1
DA:104,1
DA:110,1
DA:111,1
DA:121,1
DA:134,1
DA:137,1
DA:146,2
DA:150,12
LF:39
LH:38
BRDA:17,0,0,1
BRDA:17,0,1,3
BRDA:17,1,0,4
BRDA:17,1,1,3
BRDA:31,2,0,1
BRDA:31,2,1,2
BRDA:38,3,0,1
BRDA:38,3,1,1
BRDA:48,4,0,0
BRDA:48,4,1,1
BRDA:56,5,0,1
BRDA:56,5,1,1
BRDA:70,6,0,1
BRDA:70,6,1,1
BRDA:90,7,0,1
BRDA:90,7,1,2
BRDA:90,8,0,3
BRDA:90,8,1,3
BRDA:90,8,2,2
BRDA:90,8,3,2
BRDA:90,8,4,2
BRDA:90,8,5,2
BRDA:99,9,0,1
BRDA:99,9,1,1
BRDA:129,10,0,1
BRDA:129,10,1,0
BRDA:130,11,0,1
BRDA:130,11,1,0
BRF:28
BRH:25
end_of_record
TN:
SF:src\controllers\dashboard.controller.ts
FN:6,(anonymous_0)
FNF:1
FNH:1
FNDA:5,(anonymous_0)
DA:3,12
DA:4,12
DA:6,12
DA:7,5
DA:8,5
DA:9,5
DA:10,1
DA:14,4
DA:15,4
DA:17,1
DA:20,3
DA:21,3
DA:22,3
DA:24,3
DA:26,3
DA:28,2
DA:32,12
LF:17
LH:17
BRDA:9,0,0,1
BRDA:9,0,1,4
BRDA:22,1,0,2
BRDA:22,1,1,1
BRDA:24,2,0,3
BRDA:24,2,1,1
BRF:6
BRH:6
end_of_record
TN:
SF:src\controllers\disease-analyzer.controller.ts
FN:6,(anonymous_0)
FN:17,(anonymous_1)
FN:35,(anonymous_2)
FN:45,(anonymous_3)
FN:80,(anonymous_4)
FN:90,(anonymous_5)
FN:97,(anonymous_6)
FN:109,(anonymous_7)
FN:119,(anonymous_8)
FN:129,(anonymous_9)
FNF:10
FNH:10
FNDA:3,(anonymous_0)
FNDA:1,(anonymous_1)
FNDA:2,(anonymous_2)
FNDA:2,(anonymous_3)
FNDA:1,(anonymous_4)
FNDA:1,(anonymous_5)
FNDA:2,(anonymous_6)
FNDA:1,(anonymous_7)
FNDA:1,(anonymous_8)
FNDA:3,(anonymous_9)
DA:3,12
DA:5,12
DA:7,3
DA:8,3
DA:9,1
DA:12,2
DA:13,2
DA:14,2
DA:15,2
DA:16,2
DA:17,2
DA:20,0
DA:24,2
DA:26,2
DA:32,2
DA:36,2
DA:37,2
DA:39,2
DA:40,2
DA:42,1
DA:46,2
DA:48,2
DA:49,2
DA:51,2
DA:52,1
DA:54,1
DA:55,0
DA:63,1
DA:68,1
DA:69,1
DA:71,1
DA:72,0
DA:75,1
DA:77,1
DA:81,1
DA:82,1
DA:84,1
DA:85,1
DA:87,0
DA:91,1
DA:92,1
DA:98,2
DA:99,2
DA:100,1
DA:103,1
DA:106,1
DA:110,1
DA:111,1
DA:113,1
DA:114,1
DA:116,0
DA:120,1
DA:121,1
DA:123,1
DA:124,1
DA:130,3
DA:132,3
DA:133,3
DA:135,3
DA:136,1
DA:138,2
DA:139,1
DA:142,1
DA:148,1
LF:64
LH:59
BRDA:8,0,0,1
BRDA:8,0,1,2
BRDA:8,1,0,3
BRDA:8,1,1,2
BRDA:13,2,0,2
BRDA:13,2,1,0
BRDA:15,3,0,2
BRDA:15,3,1,0
BRDA:16,4,0,2
BRDA:16,4,1,0
BRDA:37,5,0,0
BRDA:37,5,1,2
BRDA:40,6,0,1
BRDA:40,6,1,1
BRDA:46,7,0,1
BRDA:46,8,0,2
BRDA:51,9,0,1
BRDA:51,9,1,1
BRDA:51,10,0,2
BRDA:51,10,1,2
BRDA:54,11,0,0
BRDA:54,11,1,1
BRDA:54,12,0,1
BRDA:54,12,1,1
BRDA:54,12,2,1
BRDA:68,13,0,1
BRDA:68,13,1,0
BRDA:68,14,0,1
BRDA:68,14,1,1
BRDA:71,15,0,0
BRDA:71,15,1,1
BRDA:71,16,0,1
BRDA:71,16,1,0
BRDA:82,17,0,0
BRDA:82,17,1,1
BRDA:85,18,0,1
BRDA:85,18,1,0
BRDA:99,19,0,1
BRDA:99,19,1,1
BRDA:99,20,0,2
BRDA:99,20,1,2
BRDA:99,20,2,1
BRDA:111,21,0,0
BRDA:111,21,1,1
BRDA:114,22,0,1
BRDA:114,22,1,0
BRDA:121,23,0,0
BRDA:121,23,1,1
BRDA:130,24,0,2
BRDA:130,25,0,2
BRDA:135,26,0,1
BRDA:135,26,1,2
BRDA:135,27,0,3
BRDA:135,27,1,2
BRDA:138,28,0,1
BRDA:138,28,1,1
BRDA:138,29,0,2
BRDA:138,29,1,2
BRDA:138,29,2,2
BRDA:143,30,0,0
BRDA:143,30,1,1
BRF:61
BRH:47
end_of_record
TN:
SF:src\controllers\farmer.controller.ts
FN:5,(anonymous_0)
FN:29,(anonymous_1)
FN:52,(anonymous_2)
FNF:3
FNH:3
FNDA:3,(anonymous_0)
FNDA:2,(anonymous_1)
FNDA:1,(anonymous_2)
DA:3,12
DA:5,12
DA:6,3
DA:7,3
DA:8,3
DA:9,3
DA:14,3
DA:15,1
DA:20,2
DA:21,2
DA:22,2
DA:24,2
DA:26,2
DA:29,12
DA:30,2
DA:32,2
DA:33,0
DA:36,2
DA:37,2
DA:40,2
DA:41,2
DA:42,1
DA:45,2
DA:46,2
DA:48,0
DA:52,12
DA:53,1
DA:55,1
DA:56,0
DA:59,1
DA:60,1
DA:61,1
DA:63,0
DA:67,12
LF:34
LH:30
BRDA:6,0,0,3
BRDA:6,0,1,1
BRDA:7,1,0,3
BRDA:7,1,1,1
BRDA:8,2,0,1
BRDA:8,2,1,2
BRDA:9,3,0,1
BRDA:9,3,1,2
BRDA:9,4,0,3
BRDA:9,4,1,1
BRDA:14,5,0,1
BRDA:14,5,1,2
BRDA:14,6,0,3
BRDA:14,6,1,2
BRDA:14,6,2,2
BRDA:21,7,0,1
BRDA:21,7,1,1
BRDA:22,8,0,1
BRDA:22,8,1,1
BRDA:32,9,0,0
BRDA:32,9,1,2
BRDA:41,10,0,1
BRDA:41,10,1,1
BRDA:41,11,0,2
BRDA:41,11,1,1
BRDA:55,12,0,0
BRDA:55,12,1,1
BRF:27
BRH:25
end_of_record
TN:
SF:src\controllers\feed-formula.controller.ts
FN:6,(anonymous_0)
FN:28,(anonymous_1)
FN:50,(anonymous_2)
FN:103,(anonymous_3)
FN:138,(anonymous_4)
FN:154,(anonymous_5)
FN:231,(anonymous_6)
FNF:7
FNH:7
FNDA:5,(anonymous_0)
FNDA:5,(anonymous_1)
FNDA:3,(anonymous_2)
FNDA:2,(anonymous_3)
FNDA:1,(anonymous_4)
FNDA:3,(anonymous_5)
FNDA:2,(anonymous_6)
DA:2,12
DA:4,12
DA:6,12
DA:7,5
DA:8,2
DA:11,3
DA:12,1
DA:15,2
DA:16,0
DA:19,2
DA:20,2
DA:21,2
DA:22,0
DA:25,2
DA:28,12
DA:29,5
DA:30,2
DA:33,3
DA:34,0
DA:37,3
DA:38,0
DA:41,3
DA:42,3
DA:43,3
DA:44,1
DA:47,2
DA:50,12
DA:51,3
DA:54,3
DA:55,1
DA:58,2
DA:59,0
DA:64,2
DA:65,0
DA:68,2
DA:69,0
DA:72,2
DA:73,0
DA:78,2
DA:79,2
DA:80,2
DA:81,1
DA:82,0
DA:84,1
DA:86,1
DA:89,1
DA:100,1
DA:103,12
DA:104,2
DA:105,2
DA:108,2
DA:109,1
DA:118,1
DA:119,1
DA:120,1
DA:122,1
DA:123,1
DA:126,0
DA:129,1
DA:130,1
DA:131,1
DA:133,1
DA:135,1
DA:138,12
DA:139,1
DA:141,1
DA:142,0
DA:145,1
DA:147,1
DA:148,1
DA:151,0
DA:154,12
DA:155,3
DA:156,3
DA:158,3
DA:159,0
DA:163,3
DA:164,0
DA:167,3
DA:171,0
DA:174,3
DA:175,1
DA:178,2
DA:179,0
DA:182,2
DA:183,0
DA:188,2
DA:189,2
DA:190,2
DA:192,0
DA:195,2
DA:204,2
DA:212,2
DA:213,1
DA:216,2
DA:217,0
DA:220,2
DA:222,1
DA:224,1
DA:225,1
DA:227,0
DA:231,12
DA:232,2
DA:234,2
DA:235,0
DA:238,2
DA:239,2
DA:240,1
DA:242,1
DA:243,1
DA:245,0
DA:249,12
LF:112
LH:90
BRDA:6,0,0,3
BRDA:7,1,0,2
BRDA:7,1,1,3
BRDA:8,2,0,1
BRDA:8,2,1,1
BRDA:11,3,0,1
BRDA:11,3,1,2
BRDA:11,4,0,3
BRDA:11,4,1,2
BRDA:15,5,0,0
BRDA:15,5,1,2
BRDA:21,6,0,0
BRDA:21,6,1,2
BRDA:28,7,0,3
BRDA:29,8,0,2
BRDA:29,8,1,3
BRDA:30,9,0,2
BRDA:30,9,1,0
BRDA:33,10,0,0
BRDA:33,10,1,3
BRDA:33,11,0,3
BRDA:33,11,1,3
BRDA:37,12,0,0
BRDA:37,12,1,3
BRDA:43,13,0,1
BRDA:43,13,1,2
BRDA:54,14,0,1
BRDA:54,14,1,2
BRDA:54,15,0,3
BRDA:54,15,1,2
BRDA:54,15,2,2
BRDA:58,16,0,0
BRDA:58,16,1,2
BRDA:58,17,0,2
BRDA:58,17,1,2
BRDA:58,17,2,2
BRDA:64,18,0,0
BRDA:64,18,1,2
BRDA:64,19,0,2
BRDA:64,19,1,0
BRDA:68,20,0,0
BRDA:68,20,1,2
BRDA:68,21,0,2
BRDA:68,21,1,0
BRDA:72,22,0,0
BRDA:72,22,1,2
BRDA:72,23,0,2
BRDA:72,23,1,0
BRDA:79,24,0,2
BRDA:79,24,1,1
BRDA:81,25,0,0
BRDA:81,25,1,1
BRDA:104,26,0,2
BRDA:104,26,1,1
BRDA:105,27,0,2
BRDA:105,27,1,0
BRDA:108,28,0,1
BRDA:108,28,1,1
BRDA:108,29,0,2
BRDA:108,29,1,2
BRDA:108,29,2,2
BRDA:119,30,0,1
BRDA:119,30,1,0
BRDA:122,31,0,1
BRDA:122,31,1,0
BRDA:123,32,0,1
BRDA:123,32,1,0
BRDA:130,33,0,1
BRDA:130,33,1,0
BRDA:131,34,0,1
BRDA:131,34,1,0
BRDA:141,35,0,0
BRDA:141,35,1,1
BRDA:147,36,0,1
BRDA:147,36,1,0
BRDA:158,37,0,0
BRDA:158,37,1,3
BRDA:163,38,0,0
BRDA:163,38,1,3
BRDA:163,39,0,3
BRDA:163,39,1,2
BRDA:163,39,2,2
BRDA:167,40,0,0
BRDA:167,40,1,3
BRDA:168,41,0,3
BRDA:168,41,1,0
BRDA:168,41,2,0
BRDA:174,42,0,1
BRDA:174,42,1,2
BRDA:174,43,0,3
BRDA:174,43,1,1
BRDA:178,44,0,0
BRDA:178,44,1,2
BRDA:178,45,0,2
BRDA:178,45,1,0
BRDA:182,46,0,0
BRDA:182,46,1,2
BRDA:182,47,0,2
BRDA:182,47,1,0
BRDA:212,48,0,1
BRDA:212,48,1,1
BRDA:216,49,0,0
BRDA:216,49,1,2
BRDA:224,50,0,1
BRDA:224,50,1,0
BRDA:234,51,0,0
BRDA:234,51,1,2
BRDA:242,52,0,1
BRDA:242,52,1,0
BRF:109
BRH:75
end_of_record
TN:
SF:src\controllers\health.controller.ts
FN:4,(anonymous_0)
FNF:1
FNH:1
FNDA:2,(anonymous_0)
DA:2,12
DA:4,12
DA:5,2
DA:6,2
DA:7,1
DA:9,1
DA:13,12
LF:7
LH:7
BRF:0
BRH:0
end_of_record
TN:
SF:src\controllers\lineAuth.controller.ts
FN:8,(anonymous_9)
FN:31,(anonymous_10)
FN:100,(anonymous_11)
FN:104,(anonymous_12)
FN:137,(anonymous_13)
FN:202,(anonymous_14)
FN:208,(anonymous_15)
FN:219,(anonymous_16)
FN:224,(anonymous_17)
FN:232,(anonymous_18)
FN:236,(anonymous_19)
FNF:11
FNH:11
FNDA:5,(anonymous_9)
FNDA:4,(anonymous_10)
FNDA:2,(anonymous_11)
FNDA:1,(anonymous_12)
FNDA:4,(anonymous_13)
FNDA:4,(anonymous_14)
FNDA:3,(anonymous_15)
FNDA:3,(anonymous_16)
FNDA:2,(anonymous_17)
FNDA:2,(anonymous_18)
FNDA:2,(anonymous_19)
DA:2,12
DA:4,12
DA:5,12
DA:6,12
DA:8,12
DA:9,5
DA:10,5
DA:13,5
DA:14,4
DA:15,4
DA:16,2
DA:17,2
DA:18,1
DA:20,1
DA:24,4
DA:25,3
DA:27,1
DA:31,12
DA:32,4
DA:33,4
DA:35,4
DA:36,1
DA:39,3
DA:40,1
DA:43,2
DA:46,2
DA:100,4
DA:103,2
DA:104,2
DA:105,1
DA:107,2
DA:108,1
DA:110,2
DA:113,2
DA:114,2
DA:121,2
DA:123,2
DA:130,2
DA:131,2
DA:133,0
DA:137,12
DA:138,4
DA:139,4
DA:140,1
DA:143,3
DA:198,3
DA:199,1
DA:202,2
DA:203,4
DA:205,2
DA:207,2
DA:208,2
DA:209,3
DA:210,3
DA:213,2
DA:214,2
DA:217,2
DA:219,2
DA:220,3
DA:221,3
DA:224,2
DA:225,2
DA:226,2
DA:227,1
DA:229,1
DA:232,2
DA:233,2
DA:234,1
DA:236,2
DA:237,1
DA:240,2
DA:250,2
DA:252,2
DA:256,12
LF:74
LH:73
BRDA:13,0,0,4
BRDA:13,0,1,1
BRDA:15,1,0,2
BRDA:15,1,1,2
BRDA:17,2,0,1
BRDA:17,2,1,1
BRDA:35,3,0,1
BRDA:35,3,1,3
BRDA:39,4,0,1
BRDA:39,4,1,2
BRDA:104,5,0,2
BRDA:104,5,1,1
BRDA:105,6,0,1
BRDA:105,6,1,0
BRDA:107,7,0,1
BRDA:107,7,1,1
BRDA:113,8,0,2
BRDA:113,8,1,1
BRDA:116,9,0,1
BRDA:116,9,1,1
BRDA:139,10,0,1
BRDA:139,10,1,3
BRDA:198,11,0,1
BRDA:198,11,1,2
BRDA:203,12,0,2
BRDA:203,12,1,2
BRDA:203,13,0,4
BRDA:203,13,1,2
BRDA:205,14,0,0
BRDA:209,15,0,3
BRDA:209,15,1,0
BRDA:213,16,0,2
BRDA:213,16,1,0
BRDA:220,17,0,0
BRDA:220,17,1,3
BRDA:226,18,0,1
BRDA:226,18,1,1
BRDA:226,19,0,2
BRDA:226,19,1,1
BRDA:229,20,0,1
BRDA:229,20,1,0
BRDA:233,21,0,1
BRDA:233,21,1,1
BRDA:236,22,0,2
BRDA:236,22,1,0
BRDA:237,23,0,1
BRDA:237,23,1,0
BRDA:240,24,0,2
BRDA:240,24,1,0
BRF:49
BRH:40
end_of_record
TN:
SF:src\controllers\onboarding.controller.ts
FN:8,(anonymous_0)
FN:16,(anonymous_1)
FN:29,(anonymous_2)
FN:42,(anonymous_3)
FN:55,(anonymous_4)
FN:58,(anonymous_5)
FN:67,(anonymous_6)
FN:80,(anonymous_7)
FN:96,(anonymous_8)
FN:107,(anonymous_9)
FN:118,(anonymous_10)
FN:130,(anonymous_11)
FN:139,(anonymous_12)
FN:156,(anonymous_13)
FN:169,(anonymous_14)
FN:182,(anonymous_15)
FN:195,(anonymous_16)
FN:208,(anonymous_17)
FN:219,(anonymous_18)
FN:247,(anonymous_19)
FNF:20
FNH:19
FNDA:9,(anonymous_0)
FNDA:13,(anonymous_1)
FNDA:2,(anonymous_2)
FNDA:3,(anonymous_3)
FNDA:2,(anonymous_4)
FNDA:2,(anonymous_5)
FNDA:2,(anonymous_6)
FNDA:0,(anonymous_7)
FNDA:6,(anonymous_8)
FNDA:3,(anonymous_9)
FNDA:2,(anonymous_10)
FNDA:4,(anonymous_11)
FNDA:3,(anonymous_12)
FNDA:2,(anonymous_13)
FNDA:2,(anonymous_14)
FNDA:1,(anonymous_15)
FNDA:2,(anonymous_16)
FNDA:3,(anonymous_17)
FNDA:4,(anonymous_18)
FNDA:2,(anonymous_19)
DA:1,13
DA:4,13
DA:5,13
DA:6,13
DA:8,13
DA:9,9
DA:10,0
DA:13,9
DA:16,13
DA:17,13
DA:18,1
DA:21,12
DA:22,12
DA:23,0
DA:26,12
DA:29,13
DA:30,2
DA:31,0
DA:34,2
DA:35,0
DA:38,2
DA:39,2
DA:42,13
DA:43,3
DA:44,0
DA:47,3
DA:48,3
DA:49,1
DA:52,2
DA:55,13
DA:56,2
DA:58,2
DA:59,2
DA:60,2
DA:61,0
DA:63,2
DA:66,2
DA:67,2
DA:68,2
DA:69,0
DA:71,2
DA:73,2
DA:74,0
DA:76,2
DA:79,0
DA:80,0
DA:81,0
DA:84,0
DA:96,13
DA:97,6
DA:98,0
DA:100,6
DA:101,6
DA:102,0
DA:104,6
DA:107,13
DA:108,3
DA:109,0
DA:111,3
DA:112,3
DA:113,1
DA:115,2
DA:118,13
DA:119,2
DA:120,0
DA:122,2
DA:123,2
DA:124,2
DA:125,0
DA:127,2
DA:130,13
DA:131,4
DA:132,1
DA:135,3
DA:136,0
DA:139,3
DA:140,3
DA:141,0
DA:144,3
DA:145,3
DA:146,2
DA:147,2
DA:148,2
DA:149,2
DA:150,2
DA:152,2
DA:156,13
DA:157,2
DA:158,2
DA:159,2
DA:162,0
DA:163,0
DA:166,0
DA:169,13
DA:170,2
DA:171,2
DA:172,0
DA:175,2
DA:176,1
DA:179,1
DA:182,13
DA:183,1
DA:184,1
DA:185,0
DA:188,1
DA:189,0
DA:192,1
DA:195,13
DA:196,2
DA:197,2
DA:198,0
DA:201,2
DA:202,0
DA:205,2
DA:208,13
DA:209,3
DA:210,3
DA:211,3
DA:212,2
DA:213,2
DA:215,1
DA:219,13
DA:220,4
DA:221,4
DA:222,4
DA:224,2
DA:240,1
DA:241,1
DA:243,3
DA:247,13
DA:252,2
DA:253,2
DA:255,2
DA:265,1
DA:266,1
DA:268,1
DA:272,13
LF:137
LH:110
BRDA:9,0,0,0
BRDA:9,0,1,9
BRDA:17,1,0,1
BRDA:17,1,1,12
BRDA:22,2,0,0
BRDA:22,2,1,12
BRDA:30,3,0,0
BRDA:30,3,1,2
BRDA:30,4,0,2
BRDA:30,4,1,2
BRDA:34,5,0,0
BRDA:34,5,1,2
BRDA:39,6,0,0
BRDA:39,6,1,2
BRDA:43,7,0,0
BRDA:43,7,1,3
BRDA:48,8,0,1
BRDA:48,8,1,2
BRDA:48,9,0,3
BRDA:48,9,1,1
BRDA:60,10,0,0
BRDA:60,10,1,2
BRDA:66,11,0,2
BRDA:66,11,1,0
BRDA:68,12,0,0
BRDA:68,12,1,2
BRDA:73,13,0,0
BRDA:73,13,1,2
BRDA:79,14,0,0
BRDA:79,14,1,0
BRDA:79,15,0,0
BRDA:79,15,1,0
BRDA:97,16,0,0
BRDA:97,16,1,6
BRDA:97,17,0,6
BRDA:97,17,1,6
BRDA:100,18,0,0
BRDA:100,18,1,6
BRDA:101,19,0,0
BRDA:101,19,1,6
BRDA:101,20,0,6
BRDA:101,20,1,6
BRDA:108,21,0,0
BRDA:108,21,1,3
BRDA:112,22,0,1
BRDA:112,22,1,2
BRDA:112,23,0,3
BRDA:112,23,1,1
BRDA:119,24,0,0
BRDA:119,24,1,2
BRDA:124,25,0,0
BRDA:124,25,1,2
BRDA:131,26,0,1
BRDA:131,26,1,3
BRDA:135,27,0,0
BRDA:135,27,1,3
BRDA:140,28,0,0
BRDA:140,28,1,3
BRDA:140,29,0,3
BRDA:140,29,1,3
BRDA:158,30,0,2
BRDA:158,30,1,0
BRDA:158,31,0,2
BRDA:158,31,1,0
BRDA:162,32,0,0
BRDA:162,32,1,0
BRDA:162,33,0,0
BRDA:162,33,1,0
BRDA:171,34,0,0
BRDA:171,34,1,2
BRDA:171,35,0,2
BRDA:171,35,1,2
BRDA:175,36,0,1
BRDA:175,36,1,1
BRDA:175,37,0,2
BRDA:175,37,1,2
BRDA:184,38,0,0
BRDA:184,38,1,1
BRDA:184,39,0,1
BRDA:184,39,1,1
BRDA:188,40,0,0
BRDA:188,40,1,1
BRDA:188,41,0,1
BRDA:188,41,1,1
BRDA:197,42,0,0
BRDA:197,42,1,2
BRDA:201,43,0,0
BRDA:201,43,1,2
BRDA:229,44,0,2
BRDA:229,44,1,2
BRDA:229,44,2,0
BRF:91
BRH:57
end_of_record
TN:
SF:src\controllers\pond.controller.ts
FN:6,(anonymous_0)
FN:17,(anonymous_1)
FN:28,(anonymous_2)
FN:39,(anonymous_3)
FN:50,(anonymous_4)
FNF:5
FNH:5
FNDA:4,(anonymous_0)
FNDA:2,(anonymous_1)
FNDA:2,(anonymous_2)
FNDA:2,(anonymous_3)
FNDA:3,(anonymous_4)
DA:2,12
DA:3,12
DA:5,12
DA:7,4
DA:8,4
DA:9,4
DA:10,3
DA:11,2
DA:13,2
DA:18,2
DA:19,2
DA:20,2
DA:21,1
DA:22,1
DA:24,1
DA:29,2
DA:30,2
DA:31,2
DA:32,1
DA:33,1
DA:35,1
DA:40,2
DA:41,2
DA:42,2
DA:43,1
DA:44,1
DA:46,1
DA:51,3
DA:52,3
DA:53,3
DA:54,2
DA:55,2
DA:56,2
DA:58,1
LF:34
LH:34
BRDA:9,0,0,1
BRDA:9,0,1,3
BRDA:20,1,0,1
BRDA:20,1,1,1
BRDA:31,2,0,1
BRDA:31,2,1,1
BRDA:42,3,0,1
BRDA:42,3,1,1
BRDA:53,4,0,1
BRDA:53,4,1,2
BRDA:54,5,0,2
BRDA:54,5,1,0
BRF:12
BRH:11
end_of_record
TN:
SF:src\controllers\record.controller.ts
FN:7,(anonymous_0)
FN:21,(anonymous_1)
FN:35,(anonymous_2)
FN:48,(anonymous_3)
FN:65,(anonymous_4)
FN:82,(anonymous_5)
FN:121,(anonymous_6)
FN:155,(anonymous_7)
FN:202,(anonymous_8)
FN:241,(anonymous_9)
FN:262,(anonymous_10)
FNF:11
FNH:11
FNDA:11,(anonymous_0)
FNDA:5,(anonymous_1)
FNDA:7,(anonymous_2)
FNDA:17,(anonymous_3)
FNDA:3,(anonymous_4)
FNDA:5,(anonymous_5)
FNDA:7,(anonymous_6)
FNDA:4,(anonymous_7)
FNDA:4,(anonymous_8)
FNDA:2,(anonymous_9)
FNDA:3,(anonymous_10)
DA:2,12
DA:4,12
DA:5,12
DA:7,12
DA:8,11
DA:9,1
DA:12,10
DA:13,10
DA:14,10
DA:15,2
DA:18,8
DA:21,12
DA:22,5
DA:23,2
DA:26,3
DA:27,3
DA:28,3
DA:29,1
DA:32,2
DA:35,12
DA:36,7
DA:37,1
DA:40,6
DA:41,6
DA:42,2
DA:45,4
DA:48,12
DA:49,17
DA:50,7
DA:53,10
DA:54,10
DA:55,0
DA:58,10
DA:59,2
DA:62,8
DA:65,12
DA:66,3
DA:67,3
DA:68,3
DA:69,0
DA:72,3
DA:73,3
DA:75,1
DA:76,1
DA:78,2
DA:82,12
DA:83,5
DA:84,5
DA:85,5
DA:86,1
DA:90,4
DA:91,4
DA:92,4
DA:93,1
DA:96,4
DA:97,4
DA:98,4
DA:100,4
DA:101,2
DA:102,2
DA:104,1
DA:108,3
DA:109,3
DA:111,3
DA:112,3
DA:114,3
DA:115,3
DA:117,2
DA:121,12
DA:122,7
DA:123,7
DA:124,7
DA:125,0
DA:128,7
DA:129,1
DA:132,6
DA:133,6
DA:135,4
DA:136,4
DA:137,0
DA:140,4
DA:141,3
DA:143,3
DA:144,2
DA:146,2
DA:154,2
DA:155,2
DA:156,4
DA:157,4
DA:158,4
DA:159,1
DA:164,1
DA:165,1
DA:166,1
DA:167,1
DA:168,1
DA:169,1
DA:170,1
DA:171,1
DA:172,1
DA:173,1
DA:175,1
DA:196,1
DA:198,6
DA:202,12
DA:203,4
DA:204,4
DA:205,4
DA:206,0
DA:209,4
DA:210,4
DA:211,0
DA:214,4
DA:215,4
DA:216,3
DA:217,3
DA:218,3
DA:219,2
DA:220,2
DA:221,2
DA:222,2
DA:224,2
DA:225,1
DA:232,2
DA:234,2
DA:237,2
DA:241,12
DA:242,2
DA:243,2
DA:244,2
DA:245,0
DA:248,2
DA:249,2
DA:250,1
DA:253,1
DA:254,1
DA:256,1
DA:262,12
DA:263,3
DA:264,3
DA:265,3
DA:266,0
DA:269,3
DA:270,3
DA:271,1
DA:274,2
DA:275,2
DA:276,1
DA:279,1
DA:281,2
DA:285,12
LF:151
LH:143
BRDA:8,0,0,1
BRDA:8,0,1,10
BRDA:14,1,0,2
BRDA:14,1,1,8
BRDA:22,2,0,2
BRDA:22,2,1,3
BRDA:22,3,0,5
BRDA:22,3,1,3
BRDA:28,4,0,1
BRDA:28,4,1,2
BRDA:36,5,0,1
BRDA:36,5,1,6
BRDA:36,6,0,7
BRDA:36,6,1,6
BRDA:41,7,0,2
BRDA:41,7,1,4
BRDA:49,8,0,7
BRDA:49,8,1,10
BRDA:49,9,0,17
BRDA:49,9,1,17
BRDA:49,9,2,10
BRDA:53,10,0,10
BRDA:53,10,1,0
BRDA:54,11,0,0
BRDA:54,11,1,10
BRDA:58,12,0,2
BRDA:58,12,1,8
BRDA:68,13,0,0
BRDA:68,13,1,3
BRDA:72,14,0,2
BRDA:72,14,1,1
BRDA:85,15,0,1
BRDA:85,15,1,4
BRDA:90,16,0,2
BRDA:90,16,1,2
BRDA:92,17,0,1
BRDA:92,17,1,3
BRDA:92,18,0,4
BRDA:92,18,1,2
BRDA:92,18,2,1
BRDA:96,19,0,1
BRDA:96,19,1,3
BRDA:97,20,0,1
BRDA:97,20,1,3
BRDA:98,21,0,2
BRDA:98,21,1,2
BRDA:100,22,0,2
BRDA:100,22,1,2
BRDA:108,23,0,1
BRDA:108,23,1,2
BRDA:109,24,0,1
BRDA:109,24,1,2
BRDA:111,25,0,3
BRDA:111,25,1,1
BRDA:111,26,0,3
BRDA:111,26,1,1
BRDA:112,27,0,3
BRDA:112,27,1,0
BRDA:112,28,0,3
BRDA:112,28,1,1
BRDA:124,29,0,0
BRDA:124,29,1,7
BRDA:128,30,0,1
BRDA:128,30,1,6
BRDA:135,31,0,4
BRDA:135,31,1,0
BRDA:136,32,0,0
BRDA:136,32,1,4
BRDA:144,33,0,0
BRDA:144,33,1,2
BRDA:146,34,0,2
BRDA:146,34,1,0
BRDA:148,35,0,2
BRDA:148,35,1,0
BRDA:149,36,0,1
BRDA:149,36,1,1
BRDA:150,37,0,1
BRDA:150,37,1,1
BRDA:154,38,0,2
BRDA:154,38,1,0
BRDA:158,39,0,1
BRDA:158,39,1,3
BRDA:158,40,0,4
BRDA:158,40,1,4
BRDA:164,41,0,0
BRDA:164,41,1,1
BRDA:168,42,0,0
BRDA:168,42,1,1
BRDA:169,43,0,0
BRDA:169,43,1,1
BRDA:170,44,0,0
BRDA:170,44,1,1
BRDA:173,45,0,0
BRDA:173,45,1,1
BRDA:183,46,0,1
BRDA:183,46,1,1
BRDA:184,47,0,1
BRDA:184,47,1,0
BRDA:205,48,0,0
BRDA:205,48,1,4
BRDA:210,49,0,0
BRDA:210,49,1,4
BRDA:215,50,0,1
BRDA:215,50,1,3
BRDA:216,51,0,1
BRDA:216,51,1,2
BRDA:217,52,0,1
BRDA:217,52,1,2
BRDA:218,53,0,2
BRDA:218,53,1,1
BRDA:219,54,0,1
BRDA:219,54,1,1
BRDA:220,55,0,1
BRDA:220,55,1,1
BRDA:221,56,0,2
BRDA:221,56,1,0
BRDA:222,57,0,2
BRDA:222,57,1,0
BRDA:224,58,0,1
BRDA:224,58,1,1
BRDA:226,59,0,0
BRDA:226,59,1,1
BRDA:227,60,0,1
BRDA:227,60,1,0
BRDA:228,61,0,0
BRDA:228,61,1,1
BRDA:244,62,0,0
BRDA:244,62,1,2
BRDA:249,63,0,1
BRDA:249,63,1,1
BRDA:265,64,0,0
BRDA:265,64,1,3
BRDA:270,65,0,1
BRDA:270,65,1,2
BRDA:275,66,0,1
BRDA:275,66,1,1
BRF:136
BRH:110
end_of_record
TN:
SF:src\controllers\researcher.controller.ts
FN:5,(anonymous_0)
FN:20,(anonymous_1)
FN:43,(anonymous_2)
FNF:3
FNH:3
FNDA:2,(anonymous_0)
FNDA:1,(anonymous_1)
FNDA:1,(anonymous_2)
DA:3,12
DA:5,12
DA:6,2
DA:7,2
DA:9,2
DA:10,1
DA:15,1
DA:17,1
DA:20,12
DA:21,1
DA:22,1
DA:23,1
DA:25,1
DA:26,0
DA:29,1
DA:30,0
DA:35,1
DA:40,1
DA:43,12
DA:44,1
DA:46,1
DA:47,0
DA:50,1
DA:52,1
DA:53,1
DA:56,0
DA:59,12
LF:27
LH:23
BRDA:6,0,0,2
BRDA:6,0,1,1
BRDA:7,1,0,2
BRDA:7,1,1,0
BRDA:9,2,0,1
BRDA:9,2,1,1
BRDA:9,3,0,2
BRDA:9,3,1,2
BRDA:9,3,2,2
BRDA:22,4,0,1
BRDA:22,4,1,0
BRDA:23,5,0,1
BRDA:23,5,1,0
BRDA:25,6,0,0
BRDA:25,6,1,1
BRDA:29,7,0,0
BRDA:29,7,1,1
BRDA:29,8,0,1
BRDA:29,8,1,1
BRDA:29,8,2,1
BRDA:46,9,0,0
BRDA:46,9,1,1
BRDA:52,10,0,1
BRDA:52,10,1,0
BRF:24
BRH:17
end_of_record
TN:
SF:src\controllers\weather.controller.ts
FN:4,(anonymous_0)
FN:20,(anonymous_1)
FN:37,(anonymous_2)
FN:54,(anonymous_3)
FN:73,(anonymous_4)
FNF:5
FNH:5
FNDA:4,(anonymous_0)
FNDA:1,(anonymous_1)
FNDA:1,(anonymous_2)
FNDA:1,(anonymous_3)
FNDA:1,(anonymous_4)
DA:2,12
DA:4,12
DA:5,4
DA:6,4
DA:7,4
DA:9,4
DA:10,2
DA:13,2
DA:14,1
DA:16,1
DA:20,12
DA:21,1
DA:22,1
DA:23,1
DA:24,1
DA:26,1
DA:27,0
DA:30,1
DA:31,1
DA:33,0
DA:37,12
DA:38,1
DA:39,1
DA:40,1
DA:41,1
DA:43,1
DA:44,0
DA:47,1
DA:48,1
DA:50,0
DA:54,12
DA:55,1
DA:56,1
DA:57,1
DA:59,1
DA:60,0
DA:63,1
DA:64,1
DA:66,0
DA:73,12
DA:74,1
DA:75,1
DA:76,1
DA:78,1
DA:79,0
DA:82,1
DA:89,1
DA:98,0
DA:102,12
LF:49
LH:41
BRDA:9,0,0,2
BRDA:9,0,1,2
BRDA:9,1,0,4
BRDA:9,1,1,2
BRDA:24,2,0,1
BRDA:24,2,1,0
BRDA:26,3,0,0
BRDA:26,3,1,1
BRDA:26,4,0,1
BRDA:26,4,1,1
BRDA:41,5,0,1
BRDA:41,5,1,0
BRDA:43,6,0,0
BRDA:43,6,1,1
BRDA:43,7,0,1
BRDA:43,7,1,1
BRDA:59,8,0,0
BRDA:59,8,1,1
BRDA:59,9,0,1
BRDA:59,9,1,1
BRDA:78,10,0,0
BRDA:78,10,1,1
BRDA:78,11,0,1
BRDA:78,11,1,1
BRF:24
BRH:18
end_of_record
TN:
SF:src\middlewares\auth.middleware.ts
FN:17,(anonymous_0)
FNF:1
FNH:1
FNDA:76,(anonymous_0)
DA:2,14
DA:17,14
DA:18,76
DA:20,76
DA:21,5
DA:24,71
DA:26,71
DA:27,71
DA:28,69
DA:36,69
DA:38,2
DA:42,14
LF:12
LH:12
BRDA:20,0,0,5
BRDA:20,0,1,71
BRF:2
BRH:2
end_of_record
TN:
SF:src\middlewares\errorHandler.ts
FN:6,(anonymous_0)
FNF:1
FNH:1
FNDA:31,(anonymous_0)
DA:2,13
DA:6,13
DA:7,31
DA:9,31
DA:16,31
DA:22,13
LF:6
LH:6
BRDA:7,0,0,31
BRDA:7,0,1,3
BRDA:17,1,0,31
BRDA:17,1,1,1
BRDA:18,2,0,1
BRDA:18,2,1,30
BRF:6
BRH:6
end_of_record
TN:
SF:src\middlewares\role.middleware.ts
FN:5,(anonymous_0)
FN:5,(anonymous_1)
FNF:2
FNH:2
FNDA:116,(anonymous_0)
FNDA:28,(anonymous_1)
DA:2,14
DA:5,116
DA:10,28
DA:11,1
DA:14,27
DA:15,27
DA:17,26
DA:18,1
DA:21,25
DA:23,25
DA:24,3
DA:27,22
DA:29,1
DA:33,14
LF:14
LH:14
BRDA:10,0,0,1
BRDA:10,0,1,27
BRDA:17,1,0,1
BRDA:17,1,1,25
BRDA:23,2,0,3
BRDA:23,2,1,22
BRF:6
BRH:6
end_of_record
TN:
SF:src\routes\auth.routes.ts
FNF:0
FNH:0
DA:1,12
DA:2,12
DA:3,12
DA:4,12
DA:6,12
DA:9,12
DA:10,12
DA:13,12
DA:14,12
DA:17,12
DA:19,12
LF:11
LH:11
BRF:0
BRH:0
end_of_record
TN:
SF:src\routes\dashboard.routes.ts
FNF:0
FNH:0
DA:1,12
DA:2,12
DA:3,12
DA:5,12
DA:7,12
DA:9,12
LF:6
LH:6
BRF:0
BRH:0
end_of_record
TN:
SF:src\routes\disease-analyzer.routes.ts
FN:15,(anonymous_1)
FN:20,(anonymous_2)
FNF:2
FNH:2
FNDA:2,(anonymous_1)
FNDA:3,(anonymous_2)
DA:1,17
DA:2,17
DA:3,17
DA:4,17
DA:5,17
DA:7,17
DA:8,17
DA:9,1
DA:12,17
DA:16,2
DA:17,2
DA:21,3
DA:22,3
DA:23,3
DA:24,2
DA:29,17
DA:32,17
DA:33,17
DA:34,17
DA:35,17
DA:36,17
DA:39,17
DA:40,17
DA:41,17
DA:42,17
DA:44,17
LF:26
LH:26
BRDA:8,0,0,1
BRDA:8,0,1,16
BRDA:23,1,0,1
BRDA:23,1,1,2
BRF:4
BRH:4
end_of_record
TN:
SF:src\routes\farmer.routes.ts
FNF:0
FNH:0
DA:1,12
DA:2,12
DA:3,12
DA:4,12
DA:6,12
DA:9,12
DA:17,12
DA:25,12
DA:32,12
LF:9
LH:9
BRF:0
BRH:0
end_of_record
TN:
SF:src\routes\feed-formula.routes.ts
FNF:0
FNH:0
DA:1,12
DA:2,12
DA:3,12
DA:4,12
DA:6,12
DA:9,12
DA:17,12
DA:24,12
DA:31,12
DA:39,12
DA:46,12
LF:11
LH:11
BRF:0
BRH:0
end_of_record
TN:
SF:src\routes\home.routes.ts
FN:5,(anonymous_0)
FNF:1
FNH:0
FNDA:0,(anonymous_0)
DA:1,12
DA:3,12
DA:5,12
DA:6,0
DA:23,12
LF:5
LH:4
BRF:0
BRH:0
end_of_record
TN:
SF:src\routes\index.ts
FNF:0
FNH:0
DA:1,12
DA:2,12
DA:3,12
DA:4,12
DA:5,12
DA:6,12
DA:7,12
DA:8,12
DA:9,12
DA:10,12
DA:11,12
DA:13,12
DA:15,12
DA:17,12
DA:18,12
DA:19,12
DA:20,12
DA:21,12
DA:22,12
DA:23,12
DA:24,12
DA:25,12
DA:26,12
DA:27,12
DA:29,12
LF:25
LH:25
BRF:0
BRH:0
end_of_record
TN:
SF:src\routes\onboarding.routes.ts
FNF:0
FNH:0
DA:1,1
DA:2,1
DA:3,1
DA:5,1
DA:7,1
DA:8,1
DA:9,1
DA:10,1
DA:12,1
LF:9
LH:9
BRF:0
BRH:0
end_of_record
TN:
SF:src\routes\pond.routes.ts
FNF:0
FNH:0
DA:1,12
DA:2,12
DA:4,12
DA:6,12
DA:7,12
DA:8,12
DA:9,12
DA:10,12
DA:12,12
LF:9
LH:9
BRF:0
BRH:0
end_of_record
TN:
SF:src\routes\record.routes.ts
FNF:0
FNH:0
DA:1,12
DA:2,12
DA:3,12
DA:5,12
DA:8,12
DA:11,12
DA:12,12
DA:15,12
DA:16,12
DA:17,12
DA:19,12
LF:11
LH:11
BRF:0
BRH:0
end_of_record
TN:
SF:src\routes\register.routes.ts
FNF:0
FNH:0
DA:1,12
DA:2,12
DA:3,12
DA:5,12
DA:7,12
DA:8,12
DA:9,12
DA:10,12
DA:12,12
LF:9
LH:9
BRF:0
BRH:0
end_of_record
TN:
SF:src\routes\researcher.routes.ts
FNF:0
FNH:0
DA:1,12
DA:2,12
DA:3,12
DA:4,12
DA:6,12
DA:9,12
DA:17,12
DA:25,12
DA:32,12
LF:9
LH:9
BRF:0
BRH:0
end_of_record
TN:
SF:src\routes\v1\farm.routes.ts
FN:11,(anonymous_0)
FNF:1
FNH:1
FNDA:1,(anonymous_0)
DA:1,1
DA:2,1
DA:3,1
DA:5,1
DA:7,1
DA:12,1
DA:16,1
LF:7
LH:7
BRF:0
BRH:0
end_of_record
TN:
SF:src\routes\v1\health.routes.ts
FNF:0
FNH:0
DA:1,12
DA:2,12
DA:4,12
DA:6,12
DA:8,12
LF:5
LH:5
BRF:0
BRH:0
end_of_record
TN:
SF:src\routes\v1\index.ts
FNF:0
FNH:0
DA:1,12
DA:2,12
DA:3,12
DA:5,12
DA:7,12
DA:8,12
DA:10,12
LF:7
LH:7
BRF:0
BRH:0
end_of_record
TN:
SF:src\routes\v1\weather.routes.ts
FNF:0
FNH:0
DA:1,12
DA:2,12
DA:3,12
DA:5,12
DA:7,12
DA:8,12
DA:9,12
DA:10,12
DA:11,12
DA:13,12
LF:10
LH:10
BRF:0
BRH:0
end_of_record
TN:
SF:src\scripts\check-admin-data.ts
FN:6,main
FN:33,(anonymous_1)
FN:55,(anonymous_2)
FN:59,(anonymous_3)
FN:60,(anonymous_4)
FNF:5
FNH:5
FNDA:3,main
FNDA:3,(anonymous_1)
FNDA:1,(anonymous_2)
FNDA:1,(anonymous_3)
FNDA:3,(anonymous_4)
DA:2,3
DA:4,3
DA:7,3
DA:9,3
DA:11,3
DA:21,2
DA:23,2
DA:27,2
DA:29,2
DA:33,3
DA:34,2
DA:36,2
DA:40,2
DA:42,2
DA:46,2
DA:48,2
DA:49,2
DA:51,2
DA:55,2
DA:58,3
DA:59,1
DA:61,3
LF:22
LH:22
BRDA:33,0,0,3
BRDA:33,0,1,2
BRF:2
BRH:2
end_of_record
TN:
SF:src\scripts\verify-disease.ts
FN:6,main
FN:26,(anonymous_1)
FNF:2
FNH:2
FNDA:1,main
FNDA:1,(anonymous_1)
DA:2,1
DA:3,1
DA:7,1
DA:10,1
DA:11,1
DA:16,1
DA:19,1
DA:20,1
DA:25,1
DA:26,1
DA:29,1
DA:30,1
DA:35,1
DA:38,1
DA:39,1
DA:40,1
DA:41,1
DA:43,1
DA:46,1
LF:19
LH:19
BRF:0
BRH:0
end_of_record
TN:
SF:src\services\access.service.ts
FN:5,(anonymous_0)
FN:7,(anonymous_1)
FN:9,(anonymous_2)
FN:21,(anonymous_3)
FN:41,(anonymous_4)
FNF:5
FNH:5
FNDA:8,(anonymous_0)
FNDA:5,(anonymous_1)
FNDA:5,(anonymous_2)
FNDA:7,(anonymous_3)
FNDA:4,(anonymous_4)
DA:2,1
DA:3,1
DA:5,8
DA:7,5
DA:9,1
DA:14,5
DA:15,3
DA:18,2
DA:21,1
DA:26,7
DA:31,7
DA:32,2
DA:35,5
DA:36,3
DA:41,1
DA:46,4
DA:54,4
DA:55,2
DA:61,2
DA:64,1
LF:20
LH:20
BRDA:5,0,0,8
BRDA:5,0,1,0
BRDA:12,1,0,4
BRDA:14,2,0,3
BRDA:14,2,1,2
BRDA:14,3,0,5
BRDA:14,3,1,4
BRDA:14,3,2,3
BRDA:31,4,0,2
BRDA:31,4,1,5
BRDA:54,5,0,2
BRDA:54,5,1,2
BRF:12
BRH:11
end_of_record
TN:
SF:src\services\admin-dashboard.service.ts
FN:39,(anonymous_0)
FN:42,(anonymous_1)
FN:91,(anonymous_2)
FN:93,(anonymous_3)
FN:101,(anonymous_4)
FN:131,(anonymous_5)
FN:133,(anonymous_6)
FN:138,(anonymous_7)
FN:146,(anonymous_8)
FN:168,(anonymous_9)
FN:174,(anonymous_10)
FN:179,(anonymous_11)
FN:181,(anonymous_12)
FN:187,(anonymous_13)
FN:188,(anonymous_14)
FN:206,(anonymous_15)
FN:229,(anonymous_16)
FN:229,(anonymous_17)
FN:230,(anonymous_18)
FN:230,(anonymous_19)
FN:267,(anonymous_20)
FN:274,(anonymous_21)
FN:313,(anonymous_22)
FN:314,(anonymous_23)
FNF:24
FNH:22
FNDA:1,(anonymous_0)
FNDA:3,(anonymous_1)
FNDA:2,(anonymous_2)
FNDA:2,(anonymous_3)
FNDA:2,(anonymous_4)
FNDA:36,(anonymous_5)
FNDA:1,(anonymous_6)
FNDA:36,(anonymous_7)
FNDA:36,(anonymous_8)
FNDA:2,(anonymous_9)
FNDA:36,(anonymous_10)
FNDA:24,(anonymous_11)
FNDA:24,(anonymous_12)
FNDA:22,(anonymous_13)
FNDA:22,(anonymous_14)
FNDA:36,(anonymous_15)
FNDA:2,(anonymous_16)
FNDA:2,(anonymous_17)
FNDA:2,(anonymous_18)
FNDA:2,(anonymous_19)
FNDA:0,(anonymous_20)
FNDA:2,(anonymous_21)
FNDA:0,(anonymous_22)
FNDA:2,(anonymous_23)
DA:3,12
DA:39,12
DA:40,1
DA:42,12
DA:46,3
DA:47,3
DA:51,3
DA:63,3
DA:75,3
DA:79,3
DA:90,3
DA:91,3
DA:93,3
DA:94,2
DA:101,3
DA:105,3
DA:113,3
DA:119,3
DA:128,3
DA:129,3
DA:131,36
DA:133,3
DA:134,1
DA:135,1
DA:138,36
DA:145,3
DA:146,36
DA:152,3
DA:167,3
DA:168,3
DA:169,2
DA:170,2
DA:174,3
DA:175,36
DA:176,36
DA:177,36
DA:179,36
DA:181,24
DA:182,24
DA:183,22
DA:186,22
DA:187,22
DA:188,22
DA:191,22
DA:192,22
DA:194,22
DA:195,22
DA:196,22
DA:201,36
DA:202,22
DA:206,3
DA:207,36
DA:208,36
DA:218,3
DA:220,3
DA:221,2
DA:227,2
DA:229,2
DA:230,2
DA:232,2
DA:233,2
DA:235,2
DA:236,2
DA:243,2
DA:244,2
DA:246,2
DA:267,3
DA:269,0
DA:270,0
DA:271,0
DA:274,3
DA:279,3
DA:283,3
DA:285,3
DA:286,2
DA:290,2
DA:291,2
DA:292,2
DA:293,2
DA:298,2
DA:313,3
DA:314,3
DA:317,3
DA:331,12
LF:84
LH:81
BRDA:75,0,0,3
BRDA:75,0,1,2
BRDA:101,1,0,2
BRDA:101,1,1,0
BRDA:113,2,0,3
BRDA:113,2,1,2
BRDA:135,3,0,1
BRDA:135,3,1,1
BRDA:135,4,0,1
BRDA:135,4,1,0
BRDA:140,5,0,36
BRDA:140,5,1,35
BRDA:169,6,0,2
BRDA:169,6,1,0
BRDA:182,7,0,22
BRDA:182,7,1,2
BRDA:187,8,0,22
BRDA:187,8,1,11
BRDA:188,9,0,22
BRDA:188,9,1,0
BRDA:191,10,0,22
BRDA:191,10,1,0
BRDA:191,11,0,22
BRDA:191,11,1,22
BRDA:191,11,2,22
BRDA:201,12,0,22
BRDA:201,12,1,14
BRDA:210,13,0,22
BRDA:210,13,1,14
BRDA:210,14,0,36
BRDA:210,14,1,36
BRDA:227,15,0,2
BRDA:227,15,1,0
BRDA:229,16,0,2
BRDA:229,16,1,1
BRDA:230,17,0,2
BRDA:230,17,1,0
BRDA:233,18,0,0
BRDA:233,18,1,2
BRDA:236,19,0,2
BRDA:236,19,1,0
BRDA:244,20,0,1
BRDA:244,20,1,1
BRDA:249,21,0,2
BRDA:249,21,1,1
BRDA:255,22,0,2
BRDA:255,22,1,0
BRDA:269,23,0,0
BRDA:269,23,1,0
BRDA:270,24,0,0
BRDA:270,24,1,0
BRDA:290,25,0,2
BRDA:290,25,1,0
BRDA:292,26,0,1
BRDA:292,26,1,1
BRDA:305,27,0,2
BRDA:305,27,1,1
BRDA:308,28,0,2
BRDA:308,28,1,0
BRDA:313,29,0,0
BRDA:313,29,1,0
BRDA:313,30,0,0
BRDA:313,30,1,0
BRF:63
BRH:43
end_of_record
TN:
SF:src\services\dashboard.service.ts
FN:12,(anonymous_0)
FN:17,(anonymous_1)
FN:37,(anonymous_2)
FNF:3
FNH:3
FNDA:8,(anonymous_0)
FNDA:5,(anonymous_1)
FNDA:9,(anonymous_2)
DA:1,12
DA:2,12
DA:3,12
DA:4,12
DA:5,12
DA:6,12
DA:10,12
DA:12,12
DA:14,8
DA:15,3
DA:17,5
DA:18,3
DA:20,2
DA:24,5
DA:25,5
DA:27,2
DA:29,1
DA:31,1
DA:33,1
DA:37,12
DA:38,9
DA:39,2
DA:42,7
DA:43,7
DA:44,6
DA:47,1
DA:50,12
LF:27
LH:27
BRDA:14,0,0,3
BRDA:14,0,1,5
BRDA:15,1,0,3
BRDA:15,1,1,2
BRDA:18,2,0,1
BRDA:18,2,1,2
BRDA:25,3,0,2
BRDA:25,3,1,1
BRDA:25,3,2,1
BRDA:25,3,3,1
BRDA:38,4,0,2
BRDA:38,4,1,7
BRDA:43,5,0,6
BRDA:43,5,1,1
BRF:14
BRH:14
end_of_record
TN:
SF:src\services\disease-analyzer.service.ts
FN:20,(anonymous_1)
FN:28,(anonymous_2)
FN:55,(anonymous_3)
FN:61,(anonymous_4)
FN:66,(anonymous_5)
FN:84,(anonymous_6)
FN:99,(anonymous_7)
FN:101,(anonymous_8)
FN:103,(anonymous_9)
FN:124,(anonymous_10)
FN:135,(anonymous_11)
FN:136,(anonymous_12)
FN:138,(anonymous_13)
FN:149,(anonymous_14)
FN:171,(anonymous_15)
FN:184,(anonymous_16)
FN:236,(anonymous_17)
FN:245,(anonymous_18)
FN:257,(anonymous_19)
FN:274,(anonymous_20)
FN:281,(anonymous_21)
FN:307,(anonymous_22)
FN:314,(anonymous_23)
FN:321,(anonymous_24)
FNF:24
FNH:24
FNDA:1,(anonymous_1)
FNDA:7,(anonymous_2)
FNDA:20,(anonymous_3)
FNDA:30,(anonymous_4)
FNDA:30,(anonymous_5)
FNDA:20,(anonymous_6)
FNDA:12,(anonymous_7)
FNDA:12,(anonymous_8)
FNDA:17,(anonymous_9)
FNDA:20,(anonymous_10)
FNDA:20,(anonymous_11)
FNDA:9,(anonymous_12)
FNDA:10,(anonymous_13)
FNDA:10,(anonymous_14)
FNDA:2,(anonymous_15)
FNDA:4,(anonymous_16)
FNDA:1,(anonymous_17)
FNDA:1,(anonymous_18)
FNDA:2,(anonymous_19)
FNDA:1,(anonymous_20)
FNDA:2,(anonymous_21)
FNDA:1,(anonymous_22)
FNDA:1,(anonymous_23)
FNDA:2,(anonymous_24)
DA:1,12
DA:2,12
DA:20,12
DA:21,1
DA:27,12
DA:29,7
DA:31,7
DA:32,1
DA:39,1
DA:42,7
DA:50,7
DA:55,20
DA:61,30
DA:66,30
DA:71,7
DA:81,7
DA:84,20
DA:88,7
DA:95,7
DA:99,12
DA:101,7
DA:102,12
DA:103,12
DA:106,17
DA:107,17
DA:108,17
DA:111,17
DA:114,17
DA:115,17
DA:123,7
DA:125,20
DA:126,20
DA:135,20
DA:136,9
DA:138,10
DA:147,7
DA:148,6
DA:150,10
DA:162,7
DA:172,2
DA:195,4
DA:197,4
DA:199,4
DA:200,1
DA:203,4
DA:204,1
DA:205,1
DA:212,4
DA:225,4
DA:237,1
DA:248,1
DA:268,2
DA:270,2
DA:274,1
DA:295,2
DA:298,2
DA:299,1
DA:302,2
DA:307,1
DA:316,1
DA:330,2
DA:332,2
DA:333,2
DA:334,1
DA:340,2
DA:357,2
LF:66
LH:66
BRDA:31,0,0,1
BRDA:31,0,1,6
BRDA:59,1,0,20
BRDA:59,1,1,0
BRDA:59,1,2,0
BRDA:60,2,0,20
BRDA:60,2,1,0
BRDA:64,3,0,20
BRDA:64,3,1,0
BRDA:65,4,0,20
BRDA:65,4,1,0
BRDA:89,5,0,7
BRDA:89,5,1,0
BRDA:90,6,0,7
BRDA:90,6,1,0
BRDA:95,7,0,7
BRDA:95,7,1,0
BRDA:106,8,0,17
BRDA:106,8,1,0
BRDA:106,9,0,17
BRDA:106,9,1,17
BRDA:114,10,0,17
BRDA:114,10,1,0
BRDA:147,11,0,6
BRDA:147,11,1,1
BRDA:164,12,0,1
BRDA:164,12,1,6
BRDA:165,13,0,1
BRDA:165,13,1,0
BRDA:199,14,0,1
BRDA:199,14,1,3
BRDA:203,15,0,1
BRDA:203,15,1,3
BRDA:273,16,0,1
BRDA:273,16,1,1
BRDA:298,17,0,1
BRDA:298,17,1,1
BRDA:306,18,0,1
BRDA:306,18,1,1
BRDA:333,19,0,1
BRDA:333,19,1,1
BRF:41
BRH:30
end_of_record
TN:
SF:src\services\farm-data-entry.service.ts
FN:56,(anonymous_0)
FN:107,(anonymous_1)
FN:143,(anonymous_2)
FN:155,(anonymous_3)
FN:173,(anonymous_4)
FN:270,(anonymous_5)
FN:321,(anonymous_6)
FN:327,(anonymous_7)
FN:371,(anonymous_8)
FN:404,(anonymous_9)
FNF:10
FNH:10
FNDA:3,(anonymous_0)
FNDA:3,(anonymous_1)
FNDA:23,(anonymous_2)
FNDA:2,(anonymous_3)
FNDA:2,(anonymous_4)
FNDA:3,(anonymous_5)
FNDA:1,(anonymous_6)
FNDA:2,(anonymous_7)
FNDA:1,(anonymous_8)
FNDA:2,(anonymous_9)
DA:1,12
DA:2,12
DA:3,12
DA:4,12
DA:5,12
DA:6,12
DA:56,12
DA:59,3
DA:64,3
DA:70,3
DA:71,1
DA:77,2
DA:78,2
DA:83,1
DA:95,1
DA:100,1
DA:107,12
DA:108,3
DA:110,3
DA:128,3
DA:143,12
DA:144,23
DA:145,10
DA:148,13
DA:149,4
DA:152,9
DA:155,12
DA:156,2
DA:173,12
DA:174,2
DA:178,2
DA:187,2
DA:188,2
DA:189,2
DA:197,2
DA:198,1
DA:201,1
DA:202,1
DA:215,1
DA:225,1
DA:229,2
DA:230,2
DA:231,1
DA:238,2
DA:270,12
DA:271,3
DA:275,3
DA:276,1
DA:279,2
DA:281,2
DA:283,2
DA:284,2
DA:286,2
DA:287,2
DA:288,2
DA:289,2
DA:291,2
DA:292,1
DA:295,1
DA:296,1
DA:298,1
DA:303,1
DA:304,1
DA:305,1
DA:306,1
DA:309,2
DA:310,1
DA:311,1
DA:312,1
DA:315,2
DA:321,12
DA:322,1
DA:327,12
DA:337,2
DA:338,2
DA:339,1
DA:341,2
DA:342,2
DA:344,2
DA:345,1
DA:347,2
DA:348,1
DA:349,1
DA:350,1
DA:353,2
DA:355,2
DA:370,2
DA:371,1
DA:404,12
DA:405,2
DA:414,2
DA:416,1
DA:443,12
LF:93
LH:93
BRDA:65,0,0,3
BRDA:65,0,1,3
BRDA:65,0,2,2
BRDA:70,1,0,1
BRDA:70,1,1,2
BRDA:70,2,0,3
BRDA:70,2,1,2
BRDA:86,3,0,1
BRDA:86,3,1,0
BRDA:87,4,0,1
BRDA:87,4,1,0
BRDA:88,5,0,1
BRDA:88,5,1,0
BRDA:89,6,0,1
BRDA:89,6,1,0
BRDA:90,7,0,1
BRDA:90,7,1,0
BRDA:91,8,0,1
BRDA:91,8,1,0
BRDA:133,9,0,1
BRDA:133,9,1,2
BRDA:144,10,0,10
BRDA:144,10,1,13
BRDA:148,11,0,4
BRDA:148,11,1,9
BRDA:188,12,0,2
BRDA:188,12,1,0
BRDA:197,13,0,1
BRDA:197,13,1,1
BRDA:201,14,0,1
BRDA:201,14,1,0
BRDA:205,15,0,1
BRDA:205,15,1,1
BRDA:208,16,0,1
BRDA:208,16,1,0
BRDA:209,17,0,1
BRDA:209,17,1,0
BRDA:218,18,0,1
BRDA:218,18,1,1
BRDA:221,19,0,1
BRDA:221,19,1,0
BRDA:222,20,0,1
BRDA:222,20,1,0
BRDA:230,21,0,1
BRDA:230,21,1,1
BRDA:230,22,0,2
BRDA:230,22,1,2
BRDA:242,23,0,2
BRDA:242,23,1,0
BRDA:243,24,0,2
BRDA:243,24,1,0
BRDA:248,25,0,2
BRDA:248,25,1,0
BRDA:251,26,0,2
BRDA:251,26,1,2
BRDA:252,27,0,2
BRDA:252,27,1,2
BRDA:253,28,0,2
BRDA:253,28,1,0
BRDA:254,29,0,2
BRDA:254,29,1,0
BRDA:255,30,0,2
BRDA:255,30,1,0
BRDA:257,31,0,2
BRDA:257,31,1,2
BRDA:258,32,0,2
BRDA:258,32,1,2
BRDA:259,33,0,2
BRDA:259,33,1,2
BRDA:262,34,0,2
BRDA:262,34,1,1
BRDA:263,35,0,2
BRDA:263,35,1,1
BRDA:264,36,0,2
BRDA:264,36,1,1
BRDA:265,37,0,2
BRDA:265,37,1,2
BRDA:275,38,0,1
BRDA:275,38,1,2
BRDA:281,39,0,0
BRDA:281,39,1,2
BRDA:283,40,0,2
BRDA:283,40,1,0
BRDA:284,41,0,2
BRDA:284,41,1,0
BRDA:286,42,0,1
BRDA:286,42,1,1
BRDA:286,43,0,1
BRDA:286,43,1,1
BRDA:287,44,0,1
BRDA:287,44,1,1
BRDA:288,45,0,1
BRDA:288,45,1,1
BRDA:289,46,0,1
BRDA:289,46,1,1
BRDA:291,47,0,1
BRDA:291,47,1,1
BRDA:295,48,0,1
BRDA:295,48,1,1
BRDA:296,49,0,1
BRDA:296,49,1,1
BRDA:304,50,0,1
BRDA:304,50,1,0
BRDA:309,51,0,1
BRDA:309,51,1,1
BRDA:310,52,0,1
BRDA:310,52,1,0
BRDA:311,53,0,1
BRDA:311,53,1,0
BRDA:312,54,0,1
BRDA:312,54,1,0
BRDA:331,55,0,0
BRDA:332,56,0,0
BRDA:338,57,0,1
BRDA:338,57,1,1
BRDA:341,58,0,2
BRDA:341,58,1,0
BRDA:344,59,0,1
BRDA:344,59,1,1
BRDA:347,60,0,1
BRDA:347,60,1,1
BRDA:347,61,0,2
BRDA:347,61,1,1
BRDA:349,62,0,1
BRDA:349,62,1,0
BRDA:350,63,0,1
BRDA:350,63,1,0
BRDA:381,64,0,1
BRDA:381,64,1,0
BRDA:414,65,0,1
BRDA:414,65,1,1
BRF:131
BRH:100
end_of_record
TN:
SF:src\services\farmer.service.ts
FN:54,(anonymous_0)
FN:103,(anonymous_1)
FN:112,(anonymous_2)
FN:114,(anonymous_3)
FN:130,(anonymous_4)
FN:202,(anonymous_5)
FN:260,(anonymous_6)
FN:265,(anonymous_7)
FN:266,(anonymous_8)
FN:301,(anonymous_9)
FN:322,(anonymous_10)
FN:328,(anonymous_11)
FN:341,(anonymous_12)
FN:349,(anonymous_13)
FN:351,(anonymous_14)
FN:367,(anonymous_15)
FN:386,(anonymous_16)
FN:390,(anonymous_17)
FN:391,(anonymous_18)
FN:412,(anonymous_19)
FN:433,(anonymous_20)
FNF:21
FNH:20
FNDA:3,(anonymous_0)
FNDA:2,(anonymous_1)
FNDA:1,(anonymous_2)
FNDA:2,(anonymous_3)
FNDA:1,(anonymous_4)
FNDA:5,(anonymous_5)
FNDA:0,(anonymous_6)
FNDA:2,(anonymous_7)
FNDA:2,(anonymous_8)
FNDA:4,(anonymous_9)
FNDA:2,(anonymous_10)
FNDA:2,(anonymous_11)
FNDA:1,(anonymous_12)
FNDA:1,(anonymous_13)
FNDA:1,(anonymous_14)
FNDA:2,(anonymous_15)
FNDA:4,(anonymous_16)
FNDA:4,(anonymous_17)
FNDA:4,(anonymous_18)
FNDA:1,(anonymous_19)
FNDA:1,(anonymous_20)
DA:1,12
DA:2,12
DA:3,12
DA:4,12
DA:54,12
DA:55,3
DA:56,3
DA:59,3
DA:64,3
DA:65,1
DA:73,3
DA:74,1
DA:80,3
DA:103,3
DA:104,3
DA:112,3
DA:114,3
DA:115,2
DA:116,2
DA:118,2
DA:130,1
DA:143,3
DA:145,3
DA:202,12
DA:206,5
DA:222,5
DA:223,1
DA:233,4
DA:234,1
DA:235,3
DA:236,1
DA:239,2
DA:243,4
DA:244,4
DA:245,1
DA:248,4
DA:260,4
DA:262,4
DA:265,4
DA:266,4
DA:268,4
DA:269,2
DA:270,2
DA:271,2
DA:272,2
DA:279,4
DA:281,4
DA:292,4
DA:301,4
DA:312,4
DA:318,4
DA:319,4
DA:322,4
DA:323,4
DA:328,4
DA:329,4
DA:330,4
DA:332,4
DA:341,4
DA:342,4
DA:349,4
DA:351,4
DA:362,4
DA:367,2
DA:386,4
DA:390,12
DA:391,4
DA:392,4
DA:397,4
DA:398,1
DA:401,3
DA:402,1
DA:405,2
DA:412,2
DA:413,2
DA:415,2
DA:416,0
DA:417,0
DA:418,0
DA:423,2
DA:424,2
DA:425,1
DA:428,2
DA:433,2
DA:435,2
DA:437,1
DA:440,2
DA:441,1
DA:444,2
DA:445,2
DA:446,2
DA:447,2
DA:449,2
DA:453,12
LF:94
LH:91
BRDA:64,0,0,1
BRDA:64,0,1,2
BRDA:73,1,0,1
BRDA:73,1,1,2
BRDA:104,2,0,2
BRDA:104,2,1,1
BRDA:115,3,0,2
BRDA:115,3,1,1
BRDA:121,4,0,1
BRDA:121,4,1,1
BRDA:123,5,0,1
BRDA:123,5,1,1
BRDA:124,6,0,2
BRDA:124,6,1,1
BRDA:125,7,0,2
BRDA:125,7,1,1
BRDA:127,8,0,2
BRDA:127,8,1,1
BRDA:127,8,2,1
BRDA:132,9,0,2
BRDA:132,9,1,2
BRDA:132,9,2,1
BRDA:133,10,0,2
BRDA:133,10,1,1
BRDA:134,11,0,2
BRDA:134,11,1,1
BRDA:138,12,0,2
BRDA:138,12,1,1
BRDA:139,13,0,2
BRDA:139,13,1,1
BRDA:222,14,0,1
BRDA:222,14,1,4
BRDA:233,15,0,1
BRDA:233,15,1,3
BRDA:235,16,0,1
BRDA:235,16,1,2
BRDA:244,17,0,1
BRDA:244,17,1,3
BRDA:265,18,0,2
BRDA:265,18,1,2
BRDA:265,18,2,1
BRDA:265,18,3,1
BRDA:266,19,0,2
BRDA:266,19,1,2
BRDA:268,20,0,2
BRDA:268,20,1,2
BRDA:268,21,0,4
BRDA:268,21,1,2
BRDA:268,21,2,2
BRDA:269,22,0,2
BRDA:269,22,1,1
BRDA:269,22,2,0
BRDA:271,23,0,2
BRDA:271,23,1,0
BRDA:285,24,0,4
BRDA:285,24,1,2
BRDA:286,25,0,4
BRDA:286,25,1,2
BRDA:287,26,0,4
BRDA:287,26,1,2
BRDA:288,27,0,4
BRDA:288,27,1,0
BRDA:295,28,0,4
BRDA:295,28,1,0
BRDA:297,29,0,0
BRDA:297,29,1,0
BRDA:298,30,0,4
BRDA:298,30,1,0
BRDA:299,31,0,4
BRDA:299,31,1,4
BRDA:300,32,0,4
BRDA:300,32,1,3
BRDA:300,32,2,0
BRDA:303,33,0,4
BRDA:303,33,1,1
BRDA:304,34,0,4
BRDA:304,34,1,2
BRDA:305,35,0,4
BRDA:305,35,1,2
BRDA:318,36,0,4
BRDA:318,36,1,3
BRDA:318,36,2,0
BRDA:319,37,0,4
BRDA:319,37,1,0
BRDA:323,38,0,1
BRDA:323,38,1,3
BRDA:328,39,0,2
BRDA:328,39,1,2
BRDA:329,40,0,4
BRDA:329,40,1,3
BRDA:330,41,0,4
BRDA:330,41,1,2
BRDA:337,42,0,2
BRDA:337,42,1,2
BRDA:341,43,0,4
BRDA:341,43,1,0
BRDA:342,44,0,1
BRDA:342,44,1,3
BRDA:351,45,0,4
BRDA:351,45,1,0
BRDA:359,46,0,1
BRDA:359,46,1,0
BRDA:373,47,0,2
BRDA:373,47,1,0
BRDA:378,48,0,1
BRDA:378,48,1,1
BRDA:384,49,0,1
BRDA:384,49,1,1
BRDA:397,50,0,1
BRDA:397,50,1,3
BRDA:401,51,0,1
BRDA:401,51,1,2
BRDA:415,52,0,0
BRDA:415,52,1,2
BRDA:424,53,0,1
BRDA:424,53,1,1
BRDA:435,54,0,1
BRDA:435,54,1,1
BRDA:440,55,0,1
BRDA:440,55,1,1
BRF:120
BRH:105
end_of_record
TN:
SF:src\services\feed-formula.service.ts
FN:56,(anonymous_0)
FN:84,(anonymous_1)
FN:104,(anonymous_2)
FN:131,(anonymous_3)
FN:155,(anonymous_4)
FN:184,(anonymous_5)
FNF:6
FNH:6
FNDA:2,(anonymous_0)
FNDA:2,(anonymous_1)
FNDA:2,(anonymous_2)
FNDA:2,(anonymous_3)
FNDA:3,(anonymous_4)
FNDA:1,(anonymous_5)
DA:2,12
DA:56,12
DA:57,2
DA:70,2
DA:84,12
DA:85,2
DA:86,2
DA:88,2
DA:89,2
DA:90,2
DA:92,2
DA:104,2
DA:118,2
DA:120,2
DA:131,12
DA:132,2
DA:136,2
DA:137,1
DA:140,1
DA:155,12
DA:156,3
DA:169,3
DA:184,12
DA:185,1
DA:189,1
DA:192,12
LF:26
LH:26
BRDA:61,0,0,2
BRDA:61,0,1,1
BRDA:63,1,0,2
BRDA:63,1,1,2
BRDA:64,2,0,2
BRDA:64,2,1,2
BRDA:65,3,0,2
BRDA:65,3,1,2
BRDA:78,4,0,2
BRDA:78,4,1,1
BRDA:89,5,0,1
BRDA:89,5,1,1
BRDA:90,6,0,1
BRDA:90,6,1,1
BRDA:107,7,0,2
BRDA:107,7,1,1
BRDA:113,8,0,2
BRDA:113,8,1,1
BRDA:136,9,0,1
BRDA:136,9,1,1
BRDA:149,10,0,1
BRDA:149,10,1,1
BRDA:159,11,0,3
BRDA:159,11,1,1
BRDA:160,12,0,3
BRDA:160,12,1,1
BRDA:161,13,0,3
BRDA:161,13,1,1
BRDA:161,14,0,1
BRDA:161,14,1,1
BRDA:162,15,0,3
BRDA:162,15,1,1
BRDA:163,16,0,3
BRDA:163,16,1,1
BRDA:163,17,0,1
BRDA:163,17,1,1
BRDA:164,18,0,3
BRDA:164,18,1,1
BRDA:164,19,0,1
BRDA:164,19,1,1
BRDA:165,20,0,3
BRDA:165,20,1,1
BRDA:165,21,0,1
BRDA:165,21,1,1
BRDA:178,22,0,3
BRDA:178,22,1,1
BRF:46
BRH:46
end_of_record
TN:
SF:src\services\feeding-calculator.service.ts
FN:19,(anonymous_0)
FN:21,(anonymous_1)
FN:27,(anonymous_2)
FN:74,(anonymous_3)
FN:170,(anonymous_4)
FN:180,(anonymous_5)
FN:198,(anonymous_6)
FNF:7
FNH:7
FNDA:168,(anonymous_0)
FNDA:56,(anonymous_1)
FNDA:56,(anonymous_2)
FNDA:71,(anonymous_3)
FNDA:11,(anonymous_4)
FNDA:56,(anonymous_5)
FNDA:11,(anonymous_6)
DA:1,12
DA:19,168
DA:21,12
DA:22,56
DA:23,56
DA:24,56
DA:27,56
DA:74,12
DA:79,71
DA:80,1
DA:83,70
DA:84,70
DA:87,70
DA:93,70
DA:96,70
DA:97,45
DA:98,45
DA:102,25
DA:104,12
DA:110,12
DA:112,2
DA:113,2
DA:114,10
DA:116,1
DA:117,1
DA:118,9
DA:120,1
DA:121,1
DA:122,8
DA:124,7
DA:125,7
DA:126,7
DA:129,1
DA:130,1
DA:131,1
DA:136,13
DA:138,13
DA:144,13
DA:146,2
DA:147,2
DA:148,11
DA:150,1
DA:151,1
DA:152,10
DA:154,8
DA:155,8
DA:158,2
DA:159,2
DA:160,2
DA:165,70
DA:167,70
DA:170,12
DA:177,11
DA:178,11
DA:180,11
DA:181,56
DA:182,56
DA:183,56
DA:184,56
DA:185,56
DA:187,56
DA:198,12
DA:205,11
DA:208,12
LF:64
LH:64
BRDA:77,0,0,15
BRDA:79,1,0,1
BRDA:79,1,1,70
BRDA:96,2,0,45
BRDA:96,2,1,25
BRDA:96,3,0,70
BRDA:96,3,1,58
BRDA:102,4,0,12
BRDA:102,4,1,13
BRDA:110,5,0,2
BRDA:110,5,1,10
BRDA:114,6,0,1
BRDA:114,6,1,9
BRDA:118,7,0,1
BRDA:118,7,1,8
BRDA:122,8,0,7
BRDA:122,8,1,1
BRDA:136,9,0,13
BRDA:136,9,1,0
BRDA:144,10,0,2
BRDA:144,10,1,11
BRDA:148,11,0,1
BRDA:148,11,1,10
BRDA:152,12,0,8
BRDA:152,12,1,2
BRDA:178,13,0,11
BRDA:178,13,1,1
BRDA:202,14,0,1
BRDA:203,15,0,11
BRF:29
BRH:28
end_of_record
TN:
SF:src\services\fish-stage.service.ts
FN:25,(anonymous_0)
FN:32,(anonymous_1)
FN:36,(anonymous_2)
FN:37,(anonymous_3)
FN:60,(anonymous_4)
FN:73,(anonymous_5)
FN:84,(anonymous_6)
FN:108,(anonymous_7)
FN:150,(anonymous_8)
FNF:9
FNH:9
FNDA:4,(anonymous_0)
FNDA:4,(anonymous_1)
FNDA:3,(anonymous_2)
FNDA:3,(anonymous_3)
FNDA:4,(anonymous_4)
FNDA:4,(anonymous_5)
FNDA:3,(anonymous_6)
FNDA:3,(anonymous_7)
FNDA:4,(anonymous_8)
DA:1,12
DA:2,12
DA:4,12
DA:25,12
DA:26,4
DA:32,12
DA:33,4
DA:34,4
DA:35,4
DA:36,3
DA:37,3
DA:39,4
DA:40,2
DA:43,2
DA:44,2
DA:45,0
DA:48,2
DA:49,1
DA:52,1
DA:54,1
DA:60,12
DA:61,4
DA:62,4
DA:63,2
DA:66,2
DA:67,1
DA:70,1
DA:73,12
DA:74,4
DA:75,3
DA:76,3
DA:77,3
DA:81,1
DA:84,12
DA:85,3
DA:108,12
DA:112,3
DA:113,0
DA:121,3
DA:122,0
DA:128,3
DA:129,1
DA:135,2
DA:136,1
DA:142,1
DA:150,12
DA:151,4
DA:153,4
DA:154,1
DA:162,3
DA:163,3
DA:165,3
DA:173,12
LF:53
LH:50
BRDA:34,0,0,4
BRDA:34,0,1,2
BRDA:39,1,0,2
BRDA:39,1,1,2
BRDA:44,2,0,0
BRDA:44,2,1,2
BRDA:48,3,0,1
BRDA:48,3,1,1
BRDA:52,4,0,1
BRDA:52,4,1,0
BRDA:56,5,0,1
BRDA:56,5,1,0
BRDA:62,6,0,2
BRDA:62,6,1,2
BRDA:66,7,0,1
BRDA:66,7,1,1
BRDA:74,8,0,3
BRDA:74,8,1,1
BRDA:76,9,0,3
BRDA:76,9,1,0
BRDA:112,10,0,0
BRDA:112,10,1,3
BRDA:112,11,0,3
BRDA:112,11,1,3
BRDA:115,12,0,0
BRDA:115,12,1,0
BRDA:121,13,0,0
BRDA:121,13,1,3
BRDA:128,14,0,1
BRDA:128,14,1,2
BRDA:135,15,0,1
BRDA:135,15,1,1
BRDA:135,16,0,2
BRDA:135,16,1,2
BRDA:144,17,0,1
BRDA:144,17,1,0
BRDA:153,18,0,1
BRDA:153,18,1,3
BRF:38
BRH:29
end_of_record
TN:
SF:src\services\growout-dashboard.service.ts
FN:57,(anonymous_0)
FN:63,(anonymous_1)
FN:73,(anonymous_2)
FN:108,(anonymous_3)
FN:129,(anonymous_4)
FN:164,(anonymous_5)
FN:190,(anonymous_6)
FN:200,(anonymous_7)
FN:233,(anonymous_8)
FN:284,(anonymous_9)
FN:311,(anonymous_10)
FN:319,(anonymous_11)
FN:463,(anonymous_12)
FNF:13
FNH:13
FNDA:3,(anonymous_0)
FNDA:2,(anonymous_1)
FNDA:3,(anonymous_2)
FNDA:2,(anonymous_3)
FNDA:3,(anonymous_4)
FNDA:2,(anonymous_5)
FNDA:2,(anonymous_6)
FNDA:2,(anonymous_7)
FNDA:3,(anonymous_8)
FNDA:3,(anonymous_9)
FNDA:4,(anonymous_10)
FNDA:4,(anonymous_11)
FNDA:1,(anonymous_12)
DA:1,12
DA:2,12
DA:3,12
DA:4,12
DA:5,12
DA:6,12
DA:9,12
DA:10,12
DA:54,12
DA:55,12
DA:57,12
DA:58,3
DA:63,12
DA:64,2
DA:65,1
DA:68,1
DA:69,1
DA:70,1
DA:73,12
DA:78,3
DA:80,3
DA:90,3
DA:91,1
DA:93,3
DA:94,1
DA:97,3
DA:108,3
DA:109,2
DA:110,2
DA:116,3
DA:129,12
DA:140,3
DA:144,3
DA:145,1
DA:147,3
DA:148,1
DA:151,3
DA:163,3
DA:165,2
DA:166,2
DA:168,2
DA:169,2
DA:172,2
DA:173,1
DA:176,2
DA:179,3
DA:180,1
DA:190,2
DA:192,2
DA:193,2
DA:194,2
DA:195,1
DA:196,1
DA:200,2
DA:201,2
DA:202,0
DA:205,2
DA:207,2
DA:209,2
DA:211,2
DA:213,2
DA:215,1
DA:216,1
DA:222,2
DA:233,12
DA:234,3
DA:238,3
DA:239,1
DA:241,3
DA:242,1
DA:245,3
DA:266,3
DA:267,1
DA:278,2
DA:279,2
DA:280,2
DA:281,2
DA:282,2
DA:284,3
DA:285,2
DA:286,2
DA:288,2
DA:292,2
DA:296,2
DA:311,12
DA:313,4
DA:319,12
DA:320,4
DA:337,4
DA:339,4
DA:340,1
DA:378,3
DA:379,3
DA:393,3
DA:400,3
DA:401,3
DA:402,3
DA:404,3
DA:405,1
DA:406,1
DA:422,0
DA:429,3
DA:431,3
DA:432,3
DA:434,3
DA:436,1
DA:437,0
DA:438,1
DA:439,0
DA:441,1
DA:445,1
DA:450,1
DA:453,3
DA:455,3
DA:463,3
DA:464,1
DA:465,1
DA:466,0
DA:469,1
DA:475,1
DA:487,3
DA:518,12
LF:122
LH:117
BRDA:64,0,0,1
BRDA:64,0,1,1
BRDA:64,1,0,2
BRDA:64,1,1,1
BRDA:64,1,2,1
BRDA:90,2,0,1
BRDA:90,2,1,2
BRDA:93,3,0,1
BRDA:93,3,1,2
BRDA:109,4,0,1
BRDA:109,4,1,1
BRDA:112,5,0,1
BRDA:112,5,1,1
BRDA:144,6,0,1
BRDA:144,6,1,2
BRDA:147,7,0,1
BRDA:147,7,1,2
BRDA:168,8,0,2
BRDA:168,8,1,0
BRDA:172,9,0,1
BRDA:172,9,1,1
BRDA:179,10,0,1
BRDA:179,10,1,2
BRDA:190,11,0,2
BRDA:190,11,1,1
BRDA:194,12,0,1
BRDA:194,12,1,1
BRDA:194,13,0,2
BRDA:194,13,1,1
BRDA:201,14,0,0
BRDA:201,14,1,2
BRDA:201,15,0,2
BRDA:201,15,1,1
BRDA:205,16,0,2
BRDA:205,16,1,0
BRDA:211,17,0,1
BRDA:211,17,1,1
BRDA:213,18,0,1
BRDA:213,18,1,1
BRDA:223,19,0,1
BRDA:223,19,1,1
BRDA:238,20,0,1
BRDA:238,20,1,2
BRDA:241,21,0,1
BRDA:241,21,1,2
BRDA:266,22,0,1
BRDA:266,22,1,2
BRDA:278,23,0,2
BRDA:278,23,1,1
BRDA:279,24,0,2
BRDA:279,24,1,1
BRDA:280,25,0,2
BRDA:280,25,1,1
BRDA:281,26,0,2
BRDA:281,26,1,1
BRDA:282,27,0,2
BRDA:282,27,1,1
BRDA:288,28,0,1
BRDA:288,28,1,1
BRDA:292,29,0,1
BRDA:292,29,1,1
BRDA:339,30,0,1
BRDA:339,30,1,3
BRDA:339,31,0,4
BRDA:339,31,1,3
BRDA:378,32,0,1
BRDA:378,32,1,2
BRDA:404,33,0,1
BRDA:404,33,1,2
BRDA:404,34,0,3
BRDA:404,34,1,1
BRDA:429,35,0,3
BRDA:429,35,1,2
BRDA:434,36,0,1
BRDA:434,36,1,2
BRDA:436,37,0,0
BRDA:436,37,1,1
BRDA:438,38,0,0
BRDA:438,38,1,1
BRDA:459,39,0,3
BRDA:459,39,1,2
BRDA:465,40,0,0
BRDA:465,40,1,1
BRF:83
BRH:77
end_of_record
TN:
SF:src\services\health.service.ts
FN:5,(anonymous_1)
FNF:1
FNH:1
FNDA:2,(anonymous_1)
DA:1,12
DA:2,12
DA:3,12
DA:5,12
DA:6,2
DA:7,2
DA:8,1
DA:15,1
DA:16,1
DA:25,12
LF:10
LH:10
BRF:0
BRH:0
end_of_record
TN:
SF:src\services\lineAuth.service.ts
FN:23,(anonymous_1)
FN:32,(anonymous_2)
FN:34,(anonymous_3)
FN:64,(anonymous_4)
FN:79,(anonymous_5)
FN:81,(anonymous_6)
FNF:6
FNH:6
FNDA:15,(anonymous_1)
FNDA:18,(anonymous_2)
FNDA:9,(anonymous_3)
FNDA:7,(anonymous_4)
FNDA:12,(anonymous_5)
FNDA:7,(anonymous_6)
DA:1,12
DA:2,12
DA:3,12
DA:4,12
DA:5,12
DA:6,12
DA:19,12
DA:20,12
DA:21,12
DA:23,12
DA:24,15
DA:25,15
DA:26,64
DA:27,0
DA:32,18
DA:34,12
DA:35,9
DA:36,9
DA:37,9
DA:39,9
DA:43,9
DA:44,1
DA:47,9
DA:49,9
DA:58,9
DA:64,12
DA:65,7
DA:66,1
DA:69,6
DA:70,6
DA:71,6
DA:72,2
DA:75,4
DA:76,4
DA:79,12
DA:81,12
DA:82,7
DA:84,4
DA:85,4
DA:87,4
DA:105,4
DA:107,4
DA:116,4
DA:118,4
DA:130,12
LF:45
LH:44
BRDA:26,0,0,0
BRDA:26,0,1,64
BRDA:43,1,0,1
BRDA:43,1,1,8
BRDA:65,2,0,1
BRDA:65,2,1,6
BRDA:71,3,0,2
BRDA:71,3,1,4
BRDA:79,4,0,12
BRDA:79,4,1,0
BRDA:91,5,0,4
BRDA:91,5,1,0
BRDA:92,6,0,0
BRDA:92,6,1,4
BRDA:98,7,0,4
BRDA:98,7,1,0
BRDA:100,8,0,4
BRDA:100,8,1,4
BRDA:111,9,0,4
BRDA:111,9,1,0
BRF:20
BRH:14
end_of_record
TN:
SF:src\services\nursery-large-dashboard.service.ts
FN:57,(anonymous_0)
FN:63,(anonymous_1)
FN:98,(anonymous_2)
FN:109,(anonymous_3)
FN:129,(anonymous_4)
FN:164,(anonymous_5)
FN:190,(anonymous_6)
FN:201,(anonymous_7)
FN:241,(anonymous_8)
FN:297,(anonymous_9)
FN:325,(anonymous_10)
FN:333,(anonymous_11)
FN:477,(anonymous_12)
FNF:13
FNH:13
FNDA:4,(anonymous_0)
FNDA:3,(anonymous_1)
FNDA:2,(anonymous_2)
FNDA:2,(anonymous_3)
FNDA:3,(anonymous_4)
FNDA:2,(anonymous_5)
FNDA:2,(anonymous_6)
FNDA:2,(anonymous_7)
FNDA:3,(anonymous_8)
FNDA:3,(anonymous_9)
FNDA:4,(anonymous_10)
FNDA:4,(anonymous_11)
FNDA:1,(anonymous_12)
DA:1,12
DA:2,12
DA:3,12
DA:4,12
DA:5,12
DA:6,12
DA:9,12
DA:10,12
DA:54,12
DA:55,12
DA:57,12
DA:58,4
DA:63,12
DA:68,3
DA:70,3
DA:80,3
DA:81,1
DA:83,3
DA:84,1
DA:87,3
DA:98,3
DA:99,2
DA:100,2
DA:106,3
DA:109,12
DA:110,2
DA:111,1
DA:114,1
DA:115,1
DA:116,1
DA:129,12
DA:140,3
DA:144,3
DA:145,1
DA:147,3
DA:148,1
DA:151,3
DA:163,3
DA:165,2
DA:166,2
DA:168,2
DA:169,2
DA:172,2
DA:173,1
DA:176,2
DA:179,3
DA:180,1
DA:190,2
DA:193,2
DA:194,2
DA:195,2
DA:196,1
DA:197,1
DA:201,2
DA:202,2
DA:203,1
DA:206,2
DA:214,2
DA:216,2
DA:218,2
DA:220,2
DA:222,2
DA:223,2
DA:229,2
DA:241,12
DA:242,3
DA:246,3
DA:247,1
DA:249,3
DA:250,1
DA:253,3
DA:274,3
DA:275,1
DA:286,2
DA:287,2
DA:291,2
DA:293,2
DA:294,2
DA:295,2
DA:297,3
DA:299,2
DA:300,2
DA:302,2
DA:306,2
DA:310,2
DA:325,12
DA:327,4
DA:333,12
DA:334,4
DA:351,4
DA:353,4
DA:354,1
DA:392,3
DA:393,3
DA:407,3
DA:414,3
DA:415,3
DA:416,3
DA:418,3
DA:419,2
DA:420,2
DA:436,1
DA:443,3
DA:445,3
DA:446,3
DA:448,3
DA:450,1
DA:451,0
DA:452,1
DA:453,0
DA:455,1
DA:459,1
DA:464,1
DA:467,3
DA:469,3
DA:477,3
DA:478,1
DA:479,1
DA:480,0
DA:483,1
DA:489,1
DA:501,3
DA:532,12
LF:123
LH:120
BRDA:80,0,0,1
BRDA:80,0,1,2
BRDA:83,1,0,1
BRDA:83,1,1,2
BRDA:99,2,0,1
BRDA:99,2,1,1
BRDA:102,3,0,1
BRDA:102,3,1,1
BRDA:110,4,0,1
BRDA:110,4,1,1
BRDA:110,5,0,2
BRDA:110,5,1,1
BRDA:110,5,2,1
BRDA:144,6,0,1
BRDA:144,6,1,2
BRDA:147,7,0,1
BRDA:147,7,1,2
BRDA:168,8,0,2
BRDA:168,8,1,0
BRDA:172,9,0,1
BRDA:172,9,1,1
BRDA:179,10,0,1
BRDA:179,10,1,2
BRDA:190,11,0,2
BRDA:190,11,1,0
BRDA:195,12,0,1
BRDA:195,12,1,1
BRDA:195,13,0,2
BRDA:195,13,1,1
BRDA:202,14,0,1
BRDA:202,14,1,1
BRDA:202,15,0,2
BRDA:202,15,1,1
BRDA:206,16,0,2
BRDA:206,16,1,0
BRDA:218,17,0,1
BRDA:218,17,1,1
BRDA:220,18,0,0
BRDA:220,18,1,2
BRDA:230,19,0,2
BRDA:230,19,1,0
BRDA:246,20,0,1
BRDA:246,20,1,2
BRDA:249,21,0,1
BRDA:249,21,1,2
BRDA:274,22,0,1
BRDA:274,22,1,2
BRDA:286,23,0,2
BRDA:286,23,1,1
BRDA:287,24,0,2
BRDA:287,24,1,1
BRDA:293,25,0,2
BRDA:293,25,1,1
BRDA:294,26,0,2
BRDA:294,26,1,1
BRDA:295,27,0,2
BRDA:295,27,1,1
BRDA:302,28,0,1
BRDA:302,28,1,1
BRDA:306,29,0,1
BRDA:306,29,1,1
BRDA:353,30,0,1
BRDA:353,30,1,3
BRDA:353,31,0,4
BRDA:353,31,1,3
BRDA:392,32,0,1
BRDA:392,32,1,2
BRDA:418,33,0,2
BRDA:418,33,1,1
BRDA:418,34,0,3
BRDA:418,34,1,2
BRDA:443,35,0,3
BRDA:443,35,1,2
BRDA:448,36,0,1
BRDA:448,36,1,2
BRDA:450,37,0,0
BRDA:450,37,1,1
BRDA:452,38,0,0
BRDA:452,38,1,1
BRDA:473,39,0,3
BRDA:473,39,1,2
BRDA:479,40,0,0
BRDA:479,40,1,1
BRF:83
BRH:75
end_of_record
TN:
SF:src\services\nursery-small-dashboard.service.ts
FN:43,(anonymous_0)
FN:91,(anonymous_1)
FN:97,(anonymous_2)
FN:132,(anonymous_3)
FN:158,(anonymous_4)
FN:174,(anonymous_5)
FN:216,(anonymous_6)
FN:330,(anonymous_7)
FNF:8
FNH:8
FNDA:3,(anonymous_0)
FNDA:3,(anonymous_1)
FNDA:3,(anonymous_2)
FNDA:3,(anonymous_3)
FNDA:2,(anonymous_4)
FNDA:3,(anonymous_5)
FNDA:4,(anonymous_6)
FNDA:2,(anonymous_7)
DA:1,12
DA:2,12
DA:3,12
DA:4,12
DA:5,12
DA:6,12
DA:9,12
DA:10,12
DA:43,12
DA:53,3
DA:57,3
DA:58,1
DA:60,3
DA:61,1
DA:64,3
DA:81,3
DA:83,3
DA:91,12
DA:92,3
DA:97,12
DA:108,3
DA:112,3
DA:113,1
DA:115,3
DA:116,1
DA:119,3
DA:131,3
DA:133,3
DA:134,3
DA:136,3
DA:137,3
DA:140,3
DA:141,1
DA:144,3
DA:147,3
DA:148,1
DA:158,2
DA:162,2
DA:163,2
DA:164,3
DA:165,1
DA:166,1
DA:174,3
DA:175,2
DA:176,1
DA:180,2
DA:181,2
DA:182,2
DA:185,0
DA:188,2
DA:192,2
DA:194,2
DA:196,3
DA:198,3
DA:200,3
DA:201,3
DA:207,2
DA:216,12
DA:217,4
DA:235,4
DA:236,1
DA:268,3
DA:269,3
DA:270,3
DA:272,3
DA:273,2
DA:274,2
DA:290,1
DA:296,3
DA:298,3
DA:299,3
DA:301,3
DA:303,1
DA:304,0
DA:305,1
DA:306,0
DA:308,1
DA:312,1
DA:317,1
DA:320,3
DA:322,3
DA:330,3
DA:331,2
DA:332,2
DA:333,1
DA:336,1
DA:342,1
DA:355,3
DA:356,3
DA:358,3
DA:359,3
DA:361,3
DA:386,12
LF:93
LH:90
BRDA:57,0,0,1
BRDA:57,0,1,2
BRDA:60,1,0,1
BRDA:60,1,1,2
BRDA:81,2,0,3
BRDA:81,2,1,1
BRDA:84,3,0,3
BRDA:84,3,1,1
BRDA:86,4,0,3
BRDA:86,4,1,2
BRDA:87,5,0,1
BRDA:87,5,1,2
BRDA:112,6,0,1
BRDA:112,6,1,2
BRDA:115,7,0,1
BRDA:115,7,1,2
BRDA:136,8,0,3
BRDA:136,8,1,0
BRDA:140,9,0,1
BRDA:140,9,1,2
BRDA:147,10,0,1
BRDA:147,10,1,2
BRDA:158,11,0,2
BRDA:158,11,1,0
BRDA:164,12,0,1
BRDA:164,12,1,2
BRDA:164,13,0,3
BRDA:164,13,1,1
BRDA:175,14,0,1
BRDA:175,14,1,1
BRDA:175,15,0,2
BRDA:175,15,1,1
BRDA:181,16,0,2
BRDA:181,16,1,0
BRDA:188,17,0,2
BRDA:188,17,1,0
BRDA:196,18,0,1
BRDA:196,18,1,2
BRDA:198,19,0,0
BRDA:198,19,1,3
BRDA:235,20,0,1
BRDA:235,20,1,3
BRDA:235,21,0,4
BRDA:235,21,1,3
BRDA:272,22,0,2
BRDA:272,22,1,1
BRDA:272,23,0,3
BRDA:272,23,1,2
BRDA:296,24,0,3
BRDA:296,24,1,2
BRDA:301,25,0,1
BRDA:301,25,1,2
BRDA:303,26,0,0
BRDA:303,26,1,1
BRDA:305,27,0,0
BRDA:305,27,1,1
BRDA:326,28,0,3
BRDA:326,28,1,2
BRDA:332,29,0,1
BRDA:332,29,1,1
BRDA:355,30,0,1
BRDA:355,30,1,2
BRF:62
BRH:55
end_of_record
TN:
SF:src\services\onboarding.service.ts
FN:61,(anonymous_0)
FN:66,(anonymous_1)
FN:88,(anonymous_2)
FN:100,(anonymous_3)
FN:101,(anonymous_4)
FN:108,(anonymous_5)
FN:128,(anonymous_6)
FN:146,(anonymous_7)
FN:163,(anonymous_8)
FN:196,(anonymous_9)
FN:200,(anonymous_10)
FNF:11
FNH:11
FNDA:3,(anonymous_0)
FNDA:2,(anonymous_1)
FNDA:2,(anonymous_2)
FNDA:2,(anonymous_3)
FNDA:1,(anonymous_4)
FNDA:2,(anonymous_5)
FNDA:2,(anonymous_6)
FNDA:2,(anonymous_7)
FNDA:1,(anonymous_8)
FNDA:1,(anonymous_9)
FNDA:1,(anonymous_10)
DA:1,12
DA:10,12
DA:11,12
DA:13,12
DA:61,12
DA:62,3
DA:63,1
DA:66,2
DA:67,2
DA:76,2
DA:77,1
DA:79,1
DA:82,2
DA:85,2
DA:88,12
DA:93,2
DA:94,2
DA:95,0
DA:98,2
DA:99,2
DA:100,2
DA:101,1
DA:103,2
DA:104,1
DA:107,2
DA:109,2
DA:125,2
DA:128,12
DA:132,2
DA:133,2
DA:134,2
DA:146,2
DA:147,2
DA:161,2
DA:162,2
DA:164,1
DA:178,2
DA:179,2
DA:181,2
DA:190,2
DA:193,2
DA:196,12
DA:200,1
DA:201,1
DA:210,1
DA:212,1
DA:221,1
DA:224,1
DA:227,12
LF:49
LH:48
BRDA:62,0,0,1
BRDA:62,0,1,2
BRDA:76,1,0,1
BRDA:76,1,1,1
BRDA:94,2,0,0
BRDA:94,2,1,2
BRDA:103,3,0,1
BRDA:103,3,1,1
BRDA:132,4,0,1
BRDA:132,4,1,1
BRDA:133,5,0,2
BRDA:133,5,1,0
BRF:12
BRH:10
end_of_record
TN:
SF:src\services\pond.service.ts
FN:10,(anonymous_1)
FN:31,(anonymous_2)
FN:52,(anonymous_3)
FN:72,(anonymous_4)
FN:82,(anonymous_5)
FNF:5
FNH:5
FNDA:4,(anonymous_1)
FNDA:2,(anonymous_2)
FNDA:1,(anonymous_3)
FNDA:1,(anonymous_4)
FNDA:1,(anonymous_5)
DA:1,13
DA:2,13
DA:4,13
DA:6,13
DA:11,4
DA:25,4
DA:32,2
DA:33,2
DA:34,1
DA:40,1
DA:53,1
DA:73,1
DA:84,1
DA:85,1
DA:86,1
DA:96,1
LF:16
LH:16
BRDA:33,0,0,1
BRDA:33,0,1,1
BRDA:85,1,0,1
BRDA:85,1,1,0
BRDA:101,2,0,1
BRDA:101,2,1,0
BRF:6
BRH:4
end_of_record
TN:
SF:src\services\researcher.service.ts
FN:85,(anonymous_0)
FN:112,(anonymous_1)
FN:137,(anonymous_2)
FN:166,(anonymous_3)
FN:195,(anonymous_4)
FNF:5
FNH:5
FNDA:2,(anonymous_0)
FNDA:3,(anonymous_1)
FNDA:2,(anonymous_2)
FNDA:2,(anonymous_3)
FNDA:3,(anonymous_4)
DA:1,12
DA:85,12
DA:86,2
DA:87,2
DA:89,2
DA:112,3
DA:124,2
DA:126,2
DA:137,12
DA:141,2
DA:142,2
DA:145,2
DA:166,2
DA:170,2
DA:182,2
DA:184,2
DA:195,12
DA:196,3
DA:203,3
DA:204,1
DA:208,2
DA:210,2
DA:247,12
LF:23
LH:23
BRDA:115,0,0,1
BRDA:115,0,1,2
BRDA:117,1,0,2
BRDA:117,1,1,1
BRDA:118,2,0,3
BRDA:118,2,1,2
BRDA:119,3,0,3
BRDA:119,3,1,2
BRDA:120,4,0,3
BRDA:120,4,1,2
BRDA:176,5,0,2
BRDA:176,5,1,1
BRDA:203,6,0,1
BRDA:203,6,1,2
BRDA:208,7,0,2
BRDA:208,7,1,1
BRDA:228,8,0,2
BRDA:228,8,1,1
BRDA:230,9,0,2
BRDA:230,9,1,1
BRDA:231,10,0,2
BRDA:231,10,1,1
BRDA:234,11,0,2
BRDA:234,11,1,1
BRDA:235,12,0,2
BRDA:235,12,1,1
BRDA:238,13,0,2
BRDA:238,13,1,2
BRDA:239,14,0,2
BRDA:239,14,1,1
BRDA:240,15,0,2
BRDA:240,15,1,1
BRDA:241,16,0,2
BRDA:241,16,1,2
BRDA:242,17,0,2
BRDA:242,17,1,2
BRF:36
BRH:36
end_of_record
TN:
SF:src\services\weather.service.ts
FN:15,(anonymous_1)
FN:20,(anonymous_2)
FN:32,(anonymous_3)
FN:77,(anonymous_4)
FN:111,(anonymous_5)
FN:141,(anonymous_6)
FN:195,(anonymous_7)
FN:218,(anonymous_8)
FN:257,(anonymous_9)
FN:279,(anonymous_10)
FN:312,(anonymous_11)
FNF:11
FNH:11
FNDA:25,(anonymous_1)
FNDA:25,(anonymous_2)
FNDA:12,(anonymous_3)
FNDA:14,(anonymous_4)
FNDA:3,(anonymous_5)
FNDA:11,(anonymous_6)
FNDA:7,(anonymous_7)
FNDA:5,(anonymous_8)
FNDA:7,(anonymous_9)
FNDA:3,(anonymous_10)
FNDA:5,(anonymous_11)
DA:1,12
DA:2,12
DA:5,12
DA:6,12
DA:13,12
DA:15,12
DA:16,25
DA:17,25
DA:20,12
DA:21,25
DA:22,25
DA:23,21
DA:25,4
DA:26,1
DA:27,1
DA:29,3
DA:32,12
DA:33,12
DA:77,12
DA:78,14
DA:105,14
DA:111,12
DA:112,3
DA:138,3
DA:141,12
DA:142,11
DA:143,11
DA:144,11
DA:145,1
DA:147,10
DA:148,10
DA:157,7
DA:159,7
DA:160,1
DA:163,6
DA:164,6
DA:165,6
DA:167,6
DA:176,6
DA:177,6
DA:179,4
DA:180,2
DA:182,2
DA:186,2
DA:188,2
DA:195,12
DA:196,7
DA:197,7
DA:198,7
DA:199,1
DA:201,6
DA:202,6
DA:213,4
DA:214,4
DA:215,1
DA:218,3
DA:219,5
DA:220,5
DA:221,5
DA:222,5
DA:224,5
DA:225,5
DA:226,5
DA:228,5
DA:238,3
DA:239,3
DA:241,3
DA:242,1
DA:244,1
DA:248,1
DA:250,2
DA:257,12
DA:258,7
DA:259,7
DA:260,7
DA:261,1
DA:263,6
DA:264,6
DA:274,4
DA:275,4
DA:276,1
DA:279,3
DA:280,3
DA:281,3
DA:282,3
DA:284,3
DA:293,3
DA:294,3
DA:296,3
DA:297,1
DA:299,1
DA:303,1
DA:305,2
DA:312,12
DA:313,5
DA:314,5
DA:326,4
DA:327,4
DA:328,4
DA:329,4
DA:331,4
DA:339,1
DA:348,12
LF:103
LH:103
BRDA:15,0,0,11
BRDA:17,1,0,14
BRDA:17,1,1,11
BRDA:22,2,0,21
BRDA:22,2,1,4
BRDA:25,3,0,1
BRDA:25,3,1,3
BRDA:105,4,0,14
BRDA:105,4,1,1
BRDA:138,5,0,3
BRDA:138,5,1,3
BRDA:144,6,0,1
BRDA:144,6,1,10
BRDA:159,7,0,1
BRDA:159,7,1,6
BRDA:163,8,0,6
BRDA:163,8,1,0
BRDA:165,9,0,6
BRDA:165,9,1,1
BRDA:168,10,0,6
BRDA:168,10,1,1
BRDA:169,11,0,6
BRDA:169,11,1,1
BRDA:171,12,0,6
BRDA:171,12,1,1
BRDA:172,13,0,6
BRDA:172,13,1,1
BRDA:179,14,0,2
BRDA:179,14,1,2
BRDA:180,15,0,2
BRDA:180,15,1,0
BRDA:182,16,0,1
BRDA:182,16,1,1
BRDA:184,17,0,1
BRDA:184,17,1,0
BRDA:186,18,0,2
BRDA:186,18,1,0
BRDA:195,19,0,1
BRDA:198,20,0,1
BRDA:198,20,1,6
BRDA:214,21,0,1
BRDA:214,21,1,3
BRDA:214,22,0,4
BRDA:214,22,1,4
BRDA:219,23,0,5
BRDA:219,23,1,1
BRDA:219,23,2,0
BRDA:220,24,0,5
BRDA:220,24,1,0
BRDA:222,25,0,5
BRDA:222,25,1,1
BRDA:224,26,0,5
BRDA:224,26,1,0
BRDA:225,27,0,5
BRDA:225,27,1,0
BRDA:229,28,0,4
BRDA:229,28,1,1
BRDA:241,29,0,1
BRDA:241,29,1,2
BRDA:242,30,0,1
BRDA:242,30,1,1
BRDA:244,31,0,0
BRDA:244,31,1,1
BRDA:246,32,0,1
BRDA:246,32,1,1
BRDA:248,33,0,1
BRDA:248,33,1,0
BRDA:257,34,0,1
BRDA:260,35,0,1
BRDA:260,35,1,6
BRDA:275,36,0,1
BRDA:275,36,1,3
BRDA:275,37,0,4
BRDA:275,37,1,4
BRDA:280,38,0,3
BRDA:280,38,1,0
BRDA:282,39,0,3
BRDA:282,39,1,1
BRDA:285,40,0,3
BRDA:285,40,1,1
BRDA:286,41,0,3
BRDA:286,41,1,1
BRDA:287,42,0,3
BRDA:287,42,1,1
BRDA:296,43,0,1
BRDA:296,43,1,2
BRDA:297,44,0,1
BRDA:297,44,1,0
BRDA:299,45,0,1
BRDA:299,45,1,0
BRDA:301,46,0,0
BRDA:301,46,1,0
BRDA:303,47,0,1
BRDA:303,47,1,1
BRDA:326,48,0,4
BRDA:326,48,1,1
BRDA:327,49,0,4
BRDA:327,49,1,3
BRDA:327,49,2,3
BRDA:327,49,3,2
BRDA:328,50,0,4
BRDA:328,50,1,2
BRDA:328,50,2,2
BRDA:329,51,0,4
BRDA:329,51,1,2
BRDA:332,52,0,1
BRDA:332,52,1,3
BRDA:332,53,0,4
BRDA:332,53,1,2
BRDA:332,54,0,3
BRDA:332,54,1,2
BRDA:332,54,2,1
BRF:112
BRH:97
end_of_record
TN:
SF:src\utils\httpError.ts
FN:5,(anonymous_0)
FN:13,(anonymous_1)
FNF:2
FNH:2
FNDA:65,(anonymous_0)
FNDA:57,(anonymous_1)
DA:1,20
DA:6,65
DA:7,65
DA:8,65
DA:9,65
DA:13,20
DA:14,57
LF:7
LH:7
BRF:0
BRH:0
end_of_record
TN:
SF:src\utils\jwt.ts
FN:18,(anonymous_1)
FN:21,(anonymous_2)
FNF:2
FNH:2
FNDA:26,(anonymous_1)
FNDA:77,(anonymous_2)
DA:1,15
DA:2,15
DA:13,15
DA:18,15
DA:19,26
DA:21,15
DA:22,77
DA:24,15
LF:8
LH:8
BRF:0
BRH:0
end_of_record
TN:
SF:src\utils\lineApi.ts
FN:22,(anonymous_1)
FN:38,(anonymous_2)
FNF:2
FNH:2
FNDA:1,(anonymous_1)
FNDA:1,(anonymous_2)
DA:1,12
DA:2,12
DA:4,12
DA:5,12
DA:22,12
DA:23,1
DA:31,1
DA:35,1
DA:38,12
DA:39,1
DA:43,1
DA:46,12
LF:12
LH:12
BRF:0
BRH:0
end_of_record
TN:
SF:src\utils\logger.ts
FN:3,(anonymous_0)
FN:18,(anonymous_1)
FN:28,(anonymous_2)
FN:34,(anonymous_3)
FN:38,(anonymous_4)
FN:65,(anonymous_5)
FN:66,(anonymous_6)
FN:67,(anonymous_7)
FN:68,(anonymous_8)
FNF:9
FNH:9
FNDA:10,(anonymous_0)
FNDA:2,(anonymous_1)
FNDA:10,(anonymous_2)
FNDA:5,(anonymous_3)
FNDA:10,(anonymous_4)
FNDA:6,(anonymous_5)
FNDA:1,(anonymous_6)
FNDA:2,(anonymous_7)
FNDA:1,(anonymous_8)
DA:3,1
DA:4,10
DA:5,1
DA:12,9
DA:13,1
DA:16,8
DA:17,2
DA:18,2
DA:25,6
DA:28,1
DA:29,10
DA:30,6
DA:33,4
DA:34,5
DA:38,1
DA:39,10
DA:46,10
DA:48,10
DA:51,7
DA:52,7
DA:54,1
DA:55,1
DA:57,2
DA:58,2
DA:60,0
DA:64,1
DA:65,6
DA:66,1
DA:67,2
DA:68,1
DA:71,1
LF:31
LH:30
BRDA:4,0,0,1
BRDA:4,0,1,9
BRDA:12,1,0,1
BRDA:12,1,1,8
BRDA:16,2,0,2
BRDA:16,2,1,6
BRDA:16,3,0,8
BRDA:16,3,1,8
BRDA:29,4,0,6
BRDA:29,4,1,4
BRDA:43,5,0,10
BRDA:43,5,1,6
BRDA:48,6,0,6
BRDA:48,6,1,7
BRDA:48,6,2,1
BRDA:48,6,3,2
BRDA:48,6,4,0
BRF:17
BRH:16
end_of_record
TN:
SF:src\utils\number.ts
FN:3,(anonymous_0)
FN:16,(anonymous_1)
FNF:2
FNH:2
FNDA:20,(anonymous_0)
FNDA:21,(anonymous_1)
DA:1,15
DA:3,15
DA:4,20
DA:5,5
DA:8,15
DA:9,15
DA:10,4
DA:13,11
DA:16,15
DA:17,21
DA:18,14
DA:21,7
DA:22,7
DA:23,2
DA:26,5
LF:15
LH:15
BRDA:4,0,0,5
BRDA:4,0,1,15
BRDA:4,1,0,20
BRDA:4,1,1,17
BRDA:4,1,2,16
BRDA:9,2,0,4
BRDA:9,2,1,11
BRDA:17,3,0,14
BRDA:17,3,1,7
BRDA:17,4,0,21
BRDA:17,4,1,10
BRDA:22,5,0,2
BRDA:22,5,1,5
BRF:13
BRH:13
end_of_record
